<?xml version="1.0" encoding="UTF-8"?>
<coverage generated="1777258534730" clover="3.2.0">
  <project timestamp="1777258534730" name="All files">
    <metrics statements="506" coveredstatements="455" conditionals="233" coveredconditionals="176" methods="91" coveredmethods="73" elements="830" coveredelements="704" complexity="0" loc="506" ncloc="506" packages="10" files="38" classes="38"/>
    <package name="src">
      <metrics statements="22" coveredstatements="21" conditionals="4" coveredconditionals="2" methods="2" coveredmethods="2"/>
      <file name="app.js" path="/Users/sb/Documents/Web_Project_2026/AH-Web-Company/ah-webapp-2026/server/src/app.js">
        <metrics statements="22" coveredstatements="21" conditionals="4" coveredconditionals="2" methods="2" coveredmethods="2"/>
        <line num="1" count="2" type="stmt"/>
        <line num="6" count="2" type="stmt"/>
        <line num="7" count="2" type="stmt"/>
        <line num="8" count="2" type="stmt"/>
        <line num="9" count="2" type="stmt"/>
        <line num="10" count="2" type="stmt"/>
        <line num="12" count="2" type="stmt"/>
        <line num="13" count="2" type="stmt"/>
        <line num="16" count="2" type="cond" truecount="1" falsecount="1"/>
        <line num="17" count="2" type="stmt"/>
        <line num="19" count="0" type="stmt"/>
        <line num="21" count="2" type="stmt"/>
        <line num="22" count="2" type="stmt"/>
        <line num="23" count="2" type="stmt"/>
        <line num="24" count="2" type="stmt"/>
        <line num="27" count="2" type="stmt"/>
        <line num="28" count="1" type="stmt"/>
        <line num="32" count="2" type="stmt"/>
        <line num="35" count="2" type="stmt"/>
        <line num="36" count="1" type="stmt"/>
        <line num="40" count="2" type="stmt"/>
        <line num="42" count="2" type="stmt"/>
      </file>
    </package>
    <package name="src.config">
      <metrics statements="5" coveredstatements="5" conditionals="2" coveredconditionals="1" methods="0" coveredmethods="0"/>
      <file name="config.js" path="/Users/sb/Documents/Web_Project_2026/AH-Web-Company/ah-webapp-2026/server/src/config/config.js">
        <metrics statements="2" coveredstatements="2" conditionals="2" coveredconditionals="1" methods="0" coveredmethods="0"/>
        <line num="1" count="12" type="stmt"/>
        <line num="5" count="12" type="stmt"/>
      </file>
      <file name="constants.js" path="/Users/sb/Documents/Web_Project_2026/AH-Web-Company/ah-webapp-2026/server/src/config/constants.js">
        <metrics statements="3" coveredstatements="3" conditionals="0" coveredconditionals="0" methods="0" coveredmethods="0"/>
        <line num="1" count="2" type="stmt"/>
        <line num="7" count="2" type="stmt"/>
        <line num="20" count="2" type="stmt"/>
      </file>
    </package>
    <package name="src.controllers">
      <metrics statements="28" coveredstatements="20" conditionals="2" coveredconditionals="2" methods="3" coveredmethods="2"/>
      <file name="auth.controller.js" path="/Users/sb/Documents/Web_Project_2026/AH-Web-Company/ah-webapp-2026/server/src/controllers/auth.controller.js">
        <metrics statements="26" coveredstatements="18" conditionals="2" coveredconditionals="2" methods="3" coveredmethods="2"/>
        <line num="1" count="2" type="stmt"/>
        <line num="2" count="2" type="stmt"/>
        <line num="3" count="2" type="stmt"/>
        <line num="7" count="2" type="stmt"/>
        <line num="8" count="2" type="stmt"/>
        <line num="9" count="2" type="stmt"/>
        <line num="10" count="2" type="stmt"/>
        <line num="13" count="1" type="stmt"/>
        <line num="18" count="1" type="stmt"/>
        <line num="27" count="1" type="stmt"/>
        <line num="35" count="0" type="stmt"/>
        <line num="36" count="0" type="stmt"/>
        <line num="37" count="0" type="stmt"/>
        <line num="39" count="0" type="stmt"/>
        <line num="41" count="0" type="stmt"/>
        <line num="46" count="0" type="stmt"/>
        <line num="54" count="0" type="stmt"/>
        <line num="59" count="1" type="stmt"/>
        <line num="60" count="1" type="stmt"/>
        <line num="61" count="1" type="stmt"/>
        <line num="62" count="1" type="cond" truecount="2" falsecount="0"/>
        <line num="64" count="1" type="stmt"/>
        <line num="71" count="1" type="stmt"/>
        <line num="76" count="1" type="stmt"/>
        <line num="83" count="0" type="stmt"/>
        <line num="88" count="2" type="stmt"/>
      </file>
      <file name="index.js" path="/Users/sb/Documents/Web_Project_2026/AH-Web-Company/ah-webapp-2026/server/src/controllers/index.js">
        <metrics statements="2" coveredstatements="2" conditionals="0" coveredconditionals="0" methods="0" coveredmethods="0"/>
        <line num="1" count="2" type="stmt"/>
        <line num="3" count="2" type="stmt"/>
      </file>
    </package>
    <package name="src.middlewares">
      <metrics statements="105" coveredstatements="98" conditionals="72" coveredconditionals="57" methods="13" coveredmethods="10"/>
      <file name="auth.middleware.js" path="/Users/sb/Documents/Web_Project_2026/AH-Web-Company/ah-webapp-2026/server/src/middlewares/auth.middleware.js">
        <metrics statements="32" coveredstatements="31" conditionals="16" coveredconditionals="15" methods="2" coveredmethods="2"/>
        <line num="1" count="3" type="stmt"/>
        <line num="2" count="3" type="stmt"/>
        <line num="3" count="3" type="stmt"/>
        <line num="5" count="3" type="stmt"/>
        <line num="6" count="5" type="stmt"/>
        <line num="10" count="5" type="cond" truecount="2" falsecount="0"/>
        <line num="14" count="4" type="stmt"/>
        <line num="17" count="5" type="cond" truecount="2" falsecount="0"/>
        <line num="18" count="1" type="stmt"/>
        <line num="22" count="4" type="stmt"/>
        <line num="23" count="3" type="stmt"/>
        <line num="24" count="3" type="cond" truecount="2" falsecount="0"/>
        <line num="25" count="1" type="stmt"/>
        <line num="28" count="2" type="cond" truecount="2" falsecount="0"/>
        <line num="29" count="1" type="stmt"/>
        <line num="32" count="1" type="stmt"/>
        <line num="39" count="1" type="stmt"/>
        <line num="41" count="4" type="cond" truecount="2" falsecount="0"/>
        <line num="42" count="1" type="stmt"/>
        <line num="43" count="3" type="cond" truecount="1" falsecount="1"/>
        <line num="44" count="0" type="stmt"/>
        <line num="46" count="3" type="stmt"/>
        <line num="50" count="3" type="stmt"/>
        <line num="51" count="3" type="stmt"/>
        <line num="52" count="3" type="stmt"/>
        <line num="53" count="3" type="cond" truecount="2" falsecount="0"/>
        <line num="54" count="1" type="stmt"/>
        <line num="56" count="2" type="stmt"/>
        <line num="57" count="1" type="stmt"/>
        <line num="58" count="1" type="stmt"/>
        <line num="60" count="2" type="stmt"/>
        <line num="64" count="3" type="stmt"/>
      </file>
      <file name="error-handler.middleware.js" path="/Users/sb/Documents/Web_Project_2026/AH-Web-Company/ah-webapp-2026/server/src/middlewares/error-handler.middleware.js">
        <metrics statements="45" coveredstatements="45" conditionals="40" coveredconditionals="33" methods="6" coveredmethods="6"/>
        <line num="1" count="3" type="stmt"/>
        <line num="2" count="3" type="stmt"/>
        <line num="5" count="3" type="stmt"/>
        <line num="6" count="1" type="stmt"/>
        <line num="7" count="1" type="stmt"/>
        <line num="8" count="1" type="stmt"/>
        <line num="12" count="1" type="stmt"/>
        <line num="16" count="3" type="stmt"/>
        <line num="17" count="1" type="stmt"/>
        <line num="18" count="1" type="stmt"/>
        <line num="19" count="1" type="stmt"/>
        <line num="21" count="1" type="cond" truecount="1" falsecount="1"/>
        <line num="25" count="1" type="stmt"/>
        <line num="29" count="1" type="stmt"/>
        <line num="35" count="1" type="stmt"/>
        <line num="41" count="1" type="stmt"/>
        <line num="42" count="1" type="stmt"/>
        <line num="43" count="1" type="stmt"/>
        <line num="44" count="1" type="stmt"/>
        <line num="48" count="3" type="stmt"/>
        <line num="49" count="1" type="stmt"/>
        <line num="50" count="1" type="stmt"/>
        <line num="52" count="1" type="cond" truecount="1" falsecount="1"/>
        <line num="53" count="1" type="stmt"/>
        <line num="54" count="1" type="stmt"/>
        <line num="57" count="1" type="stmt"/>
        <line num="58" count="1" type="stmt"/>
        <line num="59" count="1" type="stmt"/>
        <line num="63" count="3" type="stmt"/>
        <line num="64" count="7" type="stmt"/>
        <line num="65" count="7" type="stmt"/>
        <line num="66" count="7" type="cond" truecount="2" falsecount="0"/>
        <line num="69" count="7" type="cond" truecount="2" falsecount="0"/>
        <line num="70" count="1" type="stmt"/>
        <line num="71" count="6" type="cond" truecount="2" falsecount="0"/>
        <line num="72" count="1" type="stmt"/>
        <line num="73" count="5" type="cond" truecount="2" falsecount="0"/>
        <line num="77" count="1" type="stmt"/>
        <line num="82" count="7" type="cond" truecount="2" falsecount="0"/>
        <line num="92" count="7" type="stmt"/>
        <line num="103" count="7" type="cond" truecount="2" falsecount="0"/>
        <line num="104" count="1" type="stmt"/>
        <line num="105" count="1" type="stmt"/>
        <line num="113" count="7" type="stmt"/>
        <line num="116" count="3" type="stmt"/>
      </file>
      <file name="index.js" path="/Users/sb/Documents/Web_Project_2026/AH-Web-Company/ah-webapp-2026/server/src/middlewares/index.js">
        <metrics statements="5" coveredstatements="5" conditionals="0" coveredconditionals="0" methods="0" coveredmethods="0"/>
        <line num="1" count="2" type="stmt"/>
        <line num="2" count="2" type="stmt"/>
        <line num="3" count="2" type="stmt"/>
        <line num="4" count="2" type="stmt"/>
        <line num="6" count="2" type="stmt"/>
      </file>
      <file name="rate-limiter.middleware.js" path="/Users/sb/Documents/Web_Project_2026/AH-Web-Company/ah-webapp-2026/server/src/middlewares/rate-limiter.middleware.js">
        <metrics statements="9" coveredstatements="6" conditionals="4" coveredconditionals="2" methods="3" coveredmethods="0"/>
        <line num="1" count="2" type="stmt"/>
        <line num="2" count="2" type="stmt"/>
        <line num="5" count="2" type="stmt"/>
        <line num="11" count="0" type="stmt"/>
        <line num="21" count="2" type="stmt"/>
        <line num="27" count="0" type="stmt"/>
        <line num="36" count="2" type="stmt"/>
        <line num="42" count="0" type="stmt"/>
        <line num="51" count="2" type="stmt"/>
      </file>
      <file name="validate.middleware.js" path="/Users/sb/Documents/Web_Project_2026/AH-Web-Company/ah-webapp-2026/server/src/middlewares/validate.middleware.js">
        <metrics statements="14" coveredstatements="11" conditionals="12" coveredconditionals="7" methods="2" coveredmethods="2"/>
        <line num="1" count="2" type="stmt"/>
        <line num="3" count="4" type="stmt"/>
        <line num="4" count="3" type="stmt"/>
        <line num="5" count="3" type="stmt"/>
        <line num="14" count="3" type="stmt"/>
        <line num="15" count="3" type="stmt"/>
        <line num="16" count="3" type="stmt"/>
        <line num="17" count="3" type="stmt"/>
        <line num="18" count="3" type="stmt"/>
        <line num="20" count="3" type="stmt"/>
        <line num="22" count="0" type="cond" truecount="0" falsecount="2"/>
        <line num="23" count="0" type="stmt"/>
        <line num="25" count="0" type="stmt"/>
        <line num="29" count="2" type="stmt"/>
      </file>
    </package>
    <package name="src.models">
      <metrics statements="51" coveredstatements="50" conditionals="18" coveredconditionals="12" methods="14" coveredmethods="14"/>
      <file name="auditlog.js" path="/Users/sb/Documents/Web_Project_2026/AH-Web-Company/ah-webapp-2026/server/src/models/auditlog.js">
        <metrics statements="5" coveredstatements="5" conditionals="0" coveredconditionals="0" methods="2" coveredmethods="2"/>
        <line num="2" count="12" type="stmt"/>
        <line num="3" count="12" type="stmt"/>
        <line num="12" count="12" type="stmt"/>
        <line num="15" count="12" type="stmt"/>
        <line num="62" count="12" type="stmt"/>
      </file>
      <file name="index.js" path="/Users/sb/Documents/Web_Project_2026/AH-Web-Company/ah-webapp-2026/server/src/models/index.js">
        <metrics statements="21" coveredstatements="20" conditionals="10" coveredconditionals="7" methods="3" coveredmethods="3"/>
        <line num="3" count="12" type="stmt"/>
        <line num="4" count="12" type="stmt"/>
        <line num="5" count="12" type="stmt"/>
        <line num="6" count="12" type="stmt"/>
        <line num="7" count="12" type="stmt"/>
        <line num="8" count="12" type="cond" truecount="1" falsecount="1"/>
        <line num="9" count="12" type="stmt"/>
        <line num="10" count="12" type="stmt"/>
        <line num="13" count="12" type="cond" truecount="1" falsecount="1"/>
        <line num="14" count="0" type="stmt"/>
        <line num="16" count="12" type="stmt"/>
        <line num="19" count="12" type="stmt"/>
        <line num="22" count="60" type="stmt"/>
        <line num="30" count="48" type="stmt"/>
        <line num="31" count="48" type="stmt"/>
        <line num="34" count="12" type="stmt"/>
        <line num="35" count="48" type="cond" truecount="1" falsecount="1"/>
        <line num="36" count="48" type="stmt"/>
        <line num="40" count="12" type="stmt"/>
        <line num="41" count="12" type="stmt"/>
        <line num="43" count="12" type="stmt"/>
      </file>
      <file name="role.js" path="/Users/sb/Documents/Web_Project_2026/AH-Web-Company/ah-webapp-2026/server/src/models/role.js">
        <metrics statements="5" coveredstatements="5" conditionals="0" coveredconditionals="0" methods="2" coveredmethods="2"/>
        <line num="2" count="12" type="stmt"/>
        <line num="3" count="12" type="stmt"/>
        <line num="11" count="12" type="stmt"/>
        <line num="14" count="12" type="stmt"/>
        <line num="39" count="12" type="stmt"/>
      </file>
      <file name="user.js" path="/Users/sb/Documents/Web_Project_2026/AH-Web-Company/ah-webapp-2026/server/src/models/user.js">
        <metrics statements="15" coveredstatements="15" conditionals="8" coveredconditionals="5" methods="5" coveredmethods="5"/>
        <line num="2" count="12" type="stmt"/>
        <line num="3" count="12" type="stmt"/>
        <line num="4" count="12" type="stmt"/>
        <line num="13" count="12" type="stmt"/>
        <line num="14" count="12" type="stmt"/>
        <line num="17" count="12" type="stmt"/>
        <line num="48" count="8" type="cond" truecount="1" falsecount="1"/>
        <line num="49" count="8" type="stmt"/>
        <line num="51" count="8" type="cond" truecount="2" falsecount="0"/>
        <line num="52" count="1" type="stmt"/>
        <line num="99" count="4" type="cond" truecount="1" falsecount="1"/>
        <line num="100" count="4" type="stmt"/>
        <line num="104" count="1" type="cond" truecount="1" falsecount="1"/>
        <line num="105" count="1" type="stmt"/>
        <line num="111" count="12" type="stmt"/>
      </file>
      <file name="usersession.js" path="/Users/sb/Documents/Web_Project_2026/AH-Web-Company/ah-webapp-2026/server/src/models/usersession.js">
        <metrics statements="5" coveredstatements="5" conditionals="0" coveredconditionals="0" methods="2" coveredmethods="2"/>
        <line num="2" count="12" type="stmt"/>
        <line num="3" count="12" type="stmt"/>
        <line num="12" count="12" type="stmt"/>
        <line num="15" count="12" type="stmt"/>
        <line num="56" count="12" type="stmt"/>
      </file>
    </package>
    <package name="src.repositories">
      <metrics statements="41" coveredstatements="35" conditionals="25" coveredconditionals="14" methods="22" coveredmethods="16"/>
      <file name="base.repository.js" path="/Users/sb/Documents/Web_Project_2026/AH-Web-Company/ah-webapp-2026/server/src/repositories/base.repository.js">
        <metrics statements="14" coveredstatements="13" conditionals="10" coveredconditionals="5" methods="7" coveredmethods="6"/>
        <line num="1" count="10" type="stmt"/>
        <line num="5" count="23" type="stmt"/>
        <line num="6" count="23" type="stmt"/>
        <line num="10" count="1" type="stmt"/>
        <line num="14" count="1" type="stmt"/>
        <line num="18" count="0" type="stmt"/>
        <line num="22" count="1" type="stmt"/>
        <line num="27" count="2" type="cond" truecount="2" falsecount="0"/>
        <line num="28" count="1" type="stmt"/>
        <line num="30" count="1" type="stmt"/>
        <line num="34" count="2" type="cond" truecount="2" falsecount="0"/>
        <line num="35" count="1" type="stmt"/>
        <line num="37" count="1" type="stmt"/>
        <line num="41" count="10" type="stmt"/>
      </file>
      <file name="index.js" path="/Users/sb/Documents/Web_Project_2026/AH-Web-Company/ah-webapp-2026/server/src/repositories/index.js">
        <metrics statements="3" coveredstatements="3" conditionals="0" coveredconditionals="0" methods="0" coveredmethods="0"/>
        <line num="1" count="7" type="stmt"/>
        <line num="2" count="7" type="stmt"/>
        <line num="4" count="7" type="stmt"/>
      </file>
      <file name="user-session.repository.js" path="/Users/sb/Documents/Web_Project_2026/AH-Web-Company/ah-webapp-2026/server/src/repositories/user-session.repository.js">
        <metrics statements="17" coveredstatements="12" conditionals="12" coveredconditionals="7" methods="11" coveredmethods="6"/>
        <line num="1" count="8" type="stmt"/>
        <line num="2" count="8" type="stmt"/>
        <line num="3" count="8" type="stmt"/>
        <line num="7" count="8" type="stmt"/>
        <line num="14" count="1" type="stmt"/>
        <line num="28" count="1" type="stmt"/>
        <line num="39" count="0" type="stmt"/>
        <line num="50" count="1" type="stmt"/>
        <line num="72" count="0" type="stmt"/>
        <line num="79" count="0" type="stmt"/>
        <line num="88" count="2" type="stmt"/>
        <line num="94" count="2" type="cond" truecount="2" falsecount="0"/>
        <line num="95" count="1" type="stmt"/>
        <line num="100" count="0" type="stmt"/>
        <line num="110" count="1" type="stmt"/>
        <line num="124" count="0" type="stmt"/>
        <line num="134" count="8" type="stmt"/>
      </file>
      <file name="user.repository.js" path="/Users/sb/Documents/Web_Project_2026/AH-Web-Company/ah-webapp-2026/server/src/repositories/user.repository.js">
        <metrics statements="7" coveredstatements="7" conditionals="3" coveredconditionals="2" methods="4" coveredmethods="4"/>
        <line num="1" count="8" type="stmt"/>
        <line num="2" count="8" type="stmt"/>
        <line num="6" count="8" type="stmt"/>
        <line num="11" count="1" type="stmt"/>
        <line num="19" count="1" type="stmt"/>
        <line num="32" count="1" type="stmt"/>
        <line num="42" count="8" type="stmt"/>
      </file>
    </package>
    <package name="src.routes">
      <metrics statements="14" coveredstatements="14" conditionals="0" coveredconditionals="0" methods="0" coveredmethods="0"/>
      <file name="auth.routes.js" path="/Users/sb/Documents/Web_Project_2026/AH-Web-Company/ah-webapp-2026/server/src/routes/auth.routes.js">
        <metrics statements="9" coveredstatements="9" conditionals="0" coveredconditionals="0" methods="0" coveredmethods="0"/>
        <line num="1" count="2" type="stmt"/>
        <line num="2" count="2" type="stmt"/>
        <line num="4" count="2" type="stmt"/>
        <line num="5" count="2" type="stmt"/>
        <line num="6" count="2" type="stmt"/>
        <line num="9" count="2" type="stmt"/>
        <line num="11" count="2" type="stmt"/>
        <line num="18" count="2" type="stmt"/>
        <line num="25" count="2" type="stmt"/>
      </file>
      <file name="index.js" path="/Users/sb/Documents/Web_Project_2026/AH-Web-Company/ah-webapp-2026/server/src/routes/index.js">
        <metrics statements="5" coveredstatements="5" conditionals="0" coveredconditionals="0" methods="0" coveredmethods="0"/>
        <line num="1" count="2" type="stmt"/>
        <line num="2" count="2" type="stmt"/>
        <line num="5" count="2" type="stmt"/>
        <line num="7" count="2" type="stmt"/>
        <line num="9" count="2" type="stmt"/>
      </file>
    </package>
    <package name="src.services">
      <metrics statements="134" coveredstatements="114" conditionals="70" coveredconditionals="54" methods="20" coveredmethods="15"/>
      <file name="audit.service.js" path="/Users/sb/Documents/Web_Project_2026/AH-Web-Company/ah-webapp-2026/server/src/services/audit.service.js">
        <metrics statements="11" coveredstatements="11" conditionals="17" coveredconditionals="16" methods="1" coveredmethods="1"/>
        <line num="1" count="7" type="stmt"/>
        <line num="2" count="7" type="stmt"/>
        <line num="3" count="7" type="stmt"/>
        <line num="17" count="8" type="stmt"/>
        <line num="20" count="8" type="cond" truecount="2" falsecount="0"/>
        <line num="24" count="8" type="stmt"/>
        <line num="26" count="8" type="cond" truecount="2" falsecount="0"/>
        <line num="36" count="8" type="stmt"/>
        <line num="45" count="8" type="stmt"/>
        <line num="59" count="4" type="stmt"/>
        <line num="64" count="7" type="stmt"/>
      </file>
      <file name="auth.service.js" path="/Users/sb/Documents/Web_Project_2026/AH-Web-Company/ah-webapp-2026/server/src/services/auth.service.js">
        <metrics statements="60" coveredstatements="53" conditionals="31" coveredconditionals="22" methods="7" coveredmethods="7"/>
        <line num="1" count="3" type="stmt"/>
        <line num="8" count="3" type="stmt"/>
        <line num="9" count="3" type="stmt"/>
        <line num="10" count="3" type="stmt"/>
        <line num="15" count="3" type="stmt"/>
        <line num="16" count="3" type="cond" truecount="4" falsecount="0"/>
        <line num="17" count="1" type="stmt"/>
        <line num="20" count="1" type="stmt"/>
        <line num="27" count="2" type="stmt"/>
        <line num="30" count="2" type="stmt"/>
        <line num="32" count="2" type="cond" truecount="1" falsecount="0"/>
        <line num="33" count="1" type="cond" truecount="1" falsecount="1"/>
        <line num="34" count="1" type="stmt"/>
        <line num="36" count="1" type="stmt"/>
        <line num="45" count="1" type="stmt"/>
        <line num="46" count="1" type="stmt"/>
        <line num="49" count="2" type="cond" truecount="3" falsecount="1"/>
        <line num="50" count="0" type="stmt"/>
        <line num="52" count="2" type="stmt"/>
        <line num="53" count="2" type="cond" truecount="2" falsecount="0"/>
        <line num="55" count="1" type="cond" truecount="1" falsecount="1"/>
        <line num="56" count="0" type="stmt"/>
        <line num="58" count="1" type="cond" truecount="1" falsecount="1"/>
        <line num="59" count="0" type="stmt"/>
        <line num="62" count="1" type="stmt"/>
        <line num="63" count="1" type="stmt"/>
        <line num="69" count="1" type="stmt"/>
        <line num="81" count="1" type="stmt"/>
        <line num="87" count="2" type="cond" truecount="2" falsecount="0"/>
        <line num="89" count="1" type="stmt"/>
        <line num="90" count="1" type="stmt"/>
        <line num="93" count="1" type="stmt"/>
        <line num="97" count="2" type="stmt"/>
        <line num="99" count="2" type="stmt"/>
        <line num="101" count="2" type="stmt"/>
        <line num="104" count="2" type="cond" truecount="2" falsecount="0"/>
        <line num="105" count="1" type="stmt"/>
        <line num="114" count="1" type="stmt"/>
        <line num="119" count="1" type="cond" truecount="1" falsecount="1"/>
        <line num="120" count="0" type="stmt"/>
        <line num="130" count="0" type="stmt"/>
        <line num="134" count="1" type="cond" truecount="1" falsecount="1"/>
        <line num="135" count="1" type="stmt"/>
        <line num="137" count="1" type="stmt"/>
        <line num="150" count="1" type="stmt"/>
        <line num="162" count="1" type="stmt"/>
        <line num="169" count="1" type="stmt"/>
        <line num="180" count="1" type="stmt"/>
        <line num="195" count="1" type="stmt"/>
        <line num="201" count="1" type="stmt"/>
        <line num="206" count="1" type="stmt"/>
        <line num="208" count="1" type="stmt"/>
        <line num="218" count="1" type="cond" truecount="2" falsecount="0"/>
        <line num="219" count="1" type="stmt"/>
        <line num="221" count="1" type="cond" truecount="1" falsecount="1"/>
        <line num="223" count="0" type="stmt"/>
        <line num="224" count="0" type="stmt"/>
        <line num="227" count="1" type="stmt"/>
        <line num="229" count="1" type="stmt"/>
        <line num="236" count="3" type="stmt"/>
      </file>
      <file name="index.js" path="/Users/sb/Documents/Web_Project_2026/AH-Web-Company/ah-webapp-2026/server/src/services/index.js">
        <metrics statements="4" coveredstatements="4" conditionals="0" coveredconditionals="0" methods="0" coveredmethods="0"/>
        <line num="1" count="2" type="stmt"/>
        <line num="2" count="2" type="stmt"/>
        <line num="3" count="2" type="stmt"/>
        <line num="5" count="2" type="stmt"/>
      </file>
      <file name="session.service.js" path="/Users/sb/Documents/Web_Project_2026/AH-Web-Company/ah-webapp-2026/server/src/services/session.service.js">
        <metrics statements="59" coveredstatements="46" conditionals="22" coveredconditionals="16" methods="12" coveredmethods="7"/>
        <line num="1" count="4" type="stmt"/>
        <line num="10" count="4" type="stmt"/>
        <line num="11" count="4" type="stmt"/>
        <line num="17" count="3" type="stmt"/>
        <line num="18" count="3" type="stmt"/>
        <line num="21" count="3" type="stmt"/>
        <line num="28" count="3" type="cond" truecount="2" falsecount="0"/>
        <line num="29" count="1" type="stmt"/>
        <line num="35" count="3" type="stmt"/>
        <line num="36" count="3" type="stmt"/>
        <line num="39" count="3" type="stmt"/>
        <line num="51" count="3" type="stmt"/>
        <line num="59" count="3" type="stmt"/>
        <line num="61" count="3" type="stmt"/>
        <line num="63" count="3" type="stmt"/>
        <line num="64" count="3" type="stmt"/>
        <line num="70" count="3" type="cond" truecount="2" falsecount="0"/>
        <line num="71" count="1" type="stmt"/>
        <line num="72" count="1" type="stmt"/>
        <line num="76" count="2" type="cond" truecount="4" falsecount="0"/>
        <line num="77" count="1" type="stmt"/>
        <line num="82" count="1" type="stmt"/>
        <line num="90" count="1" type="stmt"/>
        <line num="94" count="1" type="stmt"/>
        <line num="98" count="1" type="stmt"/>
        <line num="103" count="1" type="stmt"/>
        <line num="112" count="1" type="stmt"/>
        <line num="117" count="1" type="stmt"/>
        <line num="123" count="3" type="cond" truecount="2" falsecount="0"/>
        <line num="124" count="2" type="stmt"/>
        <line num="125" count="2" type="stmt"/>
        <line num="128" count="1" type="stmt"/>
        <line num="133" count="0" type="stmt"/>
        <line num="137" count="0" type="stmt"/>
        <line num="141" count="0" type="stmt"/>
        <line num="142" count="0" type="stmt"/>
        <line num="143" count="0" type="stmt"/>
        <line num="148" count="0" type="cond" truecount="0" falsecount="2"/>
        <line num="149" count="0" type="stmt"/>
        <line num="152" count="0" type="stmt"/>
        <line num="156" count="0" type="stmt"/>
        <line num="170" count="2" type="stmt"/>
        <line num="171" count="2" type="stmt"/>
        <line num="175" count="2" type="cond" truecount="4" falsecount="0"/>
        <line num="176" count="1" type="stmt"/>
        <line num="179" count="1" type="stmt"/>
        <line num="183" count="1" type="stmt"/>
        <line num="202" count="0" type="stmt"/>
        <line num="203" count="0" type="stmt"/>
        <line num="209" count="0" type="stmt"/>
        <line num="217" count="0" type="stmt"/>
        <line num="238" count="1" type="stmt"/>
        <line num="240" count="1" type="stmt"/>
        <line num="241" count="2" type="stmt"/>
        <line num="245" count="2" type="stmt"/>
        <line num="257" count="1" type="cond" truecount="1" falsecount="1"/>
        <line num="258" count="1" type="stmt"/>
        <line num="261" count="1" type="stmt"/>
        <line num="265" count="4" type="stmt"/>
      </file>
    </package>
    <package name="src.utils">
      <metrics statements="101" coveredstatements="93" conditionals="40" coveredconditionals="34" methods="17" coveredmethods="14"/>
      <file name="app-error.helper.js" path="/Users/sb/Documents/Web_Project_2026/AH-Web-Company/ah-webapp-2026/server/src/utils/app-error.helper.js">
        <metrics statements="6" coveredstatements="6" conditionals="2" coveredconditionals="2" methods="1" coveredmethods="1"/>
        <line num="3" count="21" type="stmt"/>
        <line num="4" count="21" type="stmt"/>
        <line num="5" count="21" type="cond" truecount="2" falsecount="0"/>
        <line num="6" count="21" type="stmt"/>
        <line num="8" count="21" type="stmt"/>
        <line num="12" count="22" type="stmt"/>
      </file>
      <file name="bcrypt.helper.js" path="/Users/sb/Documents/Web_Project_2026/AH-Web-Company/ah-webapp-2026/server/src/utils/bcrypt.helper.js">
        <metrics statements="6" coveredstatements="6" conditionals="0" coveredconditionals="0" methods="2" coveredmethods="2"/>
        <line num="1" count="21" type="stmt"/>
        <line num="6" count="21" type="stmt"/>
        <line num="7" count="8" type="stmt"/>
        <line num="13" count="21" type="stmt"/>
        <line num="14" count="2" type="stmt"/>
        <line num="17" count="21" type="stmt"/>
      </file>
      <file name="delay.helper.js" path="/Users/sb/Documents/Web_Project_2026/AH-Web-Company/ah-webapp-2026/server/src/utils/delay.helper.js">
        <metrics statements="5" coveredstatements="2" conditionals="3" coveredconditionals="0" methods="2" coveredmethods="0"/>
        <line num="1" count="21" type="cond" truecount="0" falsecount="1"/>
        <line num="3" count="0" type="cond" truecount="0" falsecount="2"/>
        <line num="4" count="0" type="stmt"/>
        <line num="7" count="0" type="stmt"/>
        <line num="10" count="21" type="stmt"/>
      </file>
      <file name="device.helper.js" path="/Users/sb/Documents/Web_Project_2026/AH-Web-Company/ah-webapp-2026/server/src/utils/device.helper.js">
        <metrics statements="10" coveredstatements="10" conditionals="9" coveredconditionals="9" methods="2" coveredmethods="2"/>
        <line num="1" count="22" type="stmt"/>
        <line num="5" count="22" type="stmt"/>
        <line num="6" count="11" type="cond" truecount="2" falsecount="0"/>
        <line num="8" count="9" type="stmt"/>
        <line num="9" count="9" type="cond" truecount="2" falsecount="0"/>
        <line num="10" count="9" type="cond" truecount="2" falsecount="0"/>
        <line num="12" count="9" type="stmt"/>
        <line num="16" count="22" type="stmt"/>
        <line num="17" count="6" type="stmt"/>
        <line num="26" count="22" type="stmt"/>
      </file>
      <file name="google-auth.helper.js" path="/Users/sb/Documents/Web_Project_2026/AH-Web-Company/ah-webapp-2026/server/src/utils/google-auth.helper.js">
        <metrics statements="10" coveredstatements="5" conditionals="0" coveredconditionals="0" methods="1" coveredmethods="0"/>
        <line num="1" count="21" type="stmt"/>
        <line num="2" count="21" type="stmt"/>
        <line num="3" count="21" type="stmt"/>
        <line num="5" count="21" type="stmt"/>
        <line num="6" count="0" type="stmt"/>
        <line num="7" count="0" type="stmt"/>
        <line num="11" count="0" type="stmt"/>
        <line num="12" count="0" type="stmt"/>
        <line num="14" count="0" type="stmt"/>
        <line num="18" count="21" type="stmt"/>
      </file>
      <file name="index.js" path="/Users/sb/Documents/Web_Project_2026/AH-Web-Company/ah-webapp-2026/server/src/utils/index.js">
        <metrics statements="11" coveredstatements="11" conditionals="0" coveredconditionals="0" methods="0" coveredmethods="0"/>
        <line num="1" count="21" type="stmt"/>
        <line num="2" count="21" type="stmt"/>
        <line num="3" count="21" type="stmt"/>
        <line num="4" count="21" type="stmt"/>
        <line num="5" count="21" type="stmt"/>
        <line num="6" count="21" type="stmt"/>
        <line num="7" count="21" type="stmt"/>
        <line num="8" count="21" type="stmt"/>
        <line num="9" count="21" type="stmt"/>
        <line num="15" count="21" type="stmt"/>
        <line num="17" count="21" type="stmt"/>
      </file>
      <file name="jwt.helper.js" path="/Users/sb/Documents/Web_Project_2026/AH-Web-Company/ah-webapp-2026/server/src/utils/jwt.helper.js">
        <metrics statements="6" coveredstatements="6" conditionals="0" coveredconditionals="0" methods="2" coveredmethods="2"/>
        <line num="2" count="22" type="stmt"/>
        <line num="4" count="22" type="stmt"/>
        <line num="5" count="2" type="stmt"/>
        <line num="10" count="22" type="stmt"/>
        <line num="11" count="3" type="stmt"/>
        <line num="14" count="22" type="stmt"/>
      </file>
      <file name="normalize-port.helper.js" path="/Users/sb/Documents/Web_Project_2026/AH-Web-Company/ah-webapp-2026/server/src/utils/normalize-port.helper.js">
        <metrics statements="6" coveredstatements="6" conditionals="4" coveredconditionals="4" methods="1" coveredmethods="1"/>
        <line num="1" count="21" type="stmt"/>
        <line num="2" count="3" type="stmt"/>
        <line num="3" count="3" type="cond" truecount="2" falsecount="0"/>
        <line num="4" count="2" type="cond" truecount="2" falsecount="0"/>
        <line num="5" count="1" type="stmt"/>
        <line num="8" count="21" type="stmt"/>
      </file>
      <file name="server-handlers.helper.js" path="/Users/sb/Documents/Web_Project_2026/AH-Web-Company/ah-webapp-2026/server/src/utils/server-handlers.helper.js">
        <metrics statements="12" coveredstatements="12" conditionals="7" coveredconditionals="7" methods="1" coveredmethods="1"/>
        <line num="1" count="21" type="stmt"/>
        <line num="2" count="4" type="cond" truecount="2" falsecount="0"/>
        <line num="3" count="3" type="cond" truecount="2" falsecount="0"/>
        <line num="5" count="3" type="cond" truecount="3" falsecount="0"/>
        <line num="7" count="1" type="stmt"/>
        <line num="8" count="1" type="stmt"/>
        <line num="9" count="1" type="stmt"/>
        <line num="11" count="1" type="stmt"/>
        <line num="12" count="1" type="stmt"/>
        <line num="13" count="1" type="stmt"/>
        <line num="15" count="1" type="stmt"/>
        <line num="19" count="21" type="stmt"/>
      </file>
      <file name="token.helper.js" path="/Users/sb/Documents/Web_Project_2026/AH-Web-Company/ah-webapp-2026/server/src/utils/token.helper.js">
        <metrics statements="13" coveredstatements="13" conditionals="4" coveredconditionals="3" methods="4" coveredmethods="4"/>
        <line num="1" count="22" type="stmt"/>
        <line num="3" count="22" type="cond" truecount="1" falsecount="0"/>
        <line num="4" count="4" type="stmt"/>
        <line num="10" count="22" type="stmt"/>
        <line num="11" count="8" type="cond" truecount="2" falsecount="0"/>
        <line num="12" count="6" type="stmt"/>
        <line num="18" count="22" type="cond" truecount="0" falsecount="1"/>
        <line num="19" count="1" type="stmt"/>
        <line num="20" count="1" type="stmt"/>
        <line num="21" count="1" type="stmt"/>
        <line num="27" count="22" type="stmt"/>
        <line num="28" count="3" type="stmt"/>
        <line num="31" count="22" type="stmt"/>
      </file>
      <file name="transaction.helper.js" path="/Users/sb/Documents/Web_Project_2026/AH-Web-Company/ah-webapp-2026/server/src/utils/transaction.helper.js">
        <metrics statements="16" coveredstatements="16" conditionals="11" coveredconditionals="9" methods="1" coveredmethods="1"/>
        <line num="2" count="22" type="stmt"/>
        <line num="4" count="22" type="cond" truecount="1" falsecount="0"/>
        <line num="6" count="10" type="cond" truecount="2" falsecount="0"/>
        <line num="7" count="1" type="stmt"/>
        <line num="12" count="9" type="stmt"/>
        <line num="13" count="9" type="stmt"/>
        <line num="15" count="9" type="cond" truecount="2" falsecount="0"/>
        <line num="16" count="1" type="stmt"/>
        <line num="23" count="8" type="stmt"/>
        <line num="25" count="8" type="stmt"/>
        <line num="26" count="8" type="stmt"/>
        <line num="27" count="6" type="stmt"/>
        <line num="28" count="6" type="stmt"/>
        <line num="30" count="2" type="cond" truecount="1" falsecount="1"/>
        <line num="32" count="2" type="stmt"/>
        <line num="39" count="22" type="stmt"/>
      </file>
    </package>
    <package name="src.validators">
      <metrics statements="5" coveredstatements="5" conditionals="0" coveredconditionals="0" methods="0" coveredmethods="0"/>
      <file name="auth.validator.js" path="/Users/sb/Documents/Web_Project_2026/AH-Web-Company/ah-webapp-2026/server/src/validators/auth.validator.js">
        <metrics statements="3" coveredstatements="3" conditionals="0" coveredconditionals="0" methods="0" coveredmethods="0"/>
        <line num="1" count="2" type="stmt"/>
        <line num="3" count="2" type="stmt"/>
        <line num="41" count="2" type="stmt"/>
      </file>
      <file name="index.js" path="/Users/sb/Documents/Web_Project_2026/AH-Web-Company/ah-webapp-2026/server/src/validators/index.js">
        <metrics statements="2" coveredstatements="2" conditionals="0" coveredconditionals="0" methods="0" coveredmethods="0"/>
        <line num="1" count="2" type="stmt"/>
        <line num="3" count="2" type="stmt"/>
      </file>
    </package>
  </project>
</coverage>
