{"/Users/sb/Documents/Web_Project_2026/AH-Web-Company/ah-webapp-2026/server/src/app.js": {"path":"/Users/sb/Documents/Web_Project_2026/AH-Web-Company/ah-webapp-2026/server/src/app.js","statementMap":{"0":{"start":{"line":1,"column":0},"end":{"line":4,"column":3}},"1":{"start":{"line":5,"column":16},"end":{"line":5,"column":34}},"2":{"start":{"line":6,"column":13},"end":{"line":6,"column":28}},"3":{"start":{"line":7,"column":40},"end":{"line":7,"column":64}},"4":{"start":{"line":8,"column":17},"end":{"line":8,"column":52}},"5":{"start":{"line":10,"column":12},"end":{"line":10,"column":21}},"6":{"start":{"line":11,"column":15},"end":{"line":11,"column":35}},"7":{"start":{"line":13,"column":0},"end":{"line":13,"column":29}},"8":{"start":{"line":14,"column":0},"end":{"line":14,"column":16}},"9":{"start":{"line":15,"column":0},"end":{"line":15,"column":24}},"10":{"start":{"line":16,"column":0},"end":{"line":16,"column":48}},"11":{"start":{"line":19,"column":0},"end":{"line":21,"column":2}},"12":{"start":{"line":20,"column":2},"end":{"line":20,"column":75}},"13":{"start":{"line":24,"column":0},"end":{"line":24,"column":39}},"14":{"start":{"line":27,"column":0},"end":{"line":29,"column":3}},"15":{"start":{"line":28,"column":2},"end":{"line":28,"column":75}},"16":{"start":{"line":32,"column":0},"end":{"line":32,"column":22}},"17":{"start":{"line":34,"column":0},"end":{"line":34,"column":21}}},"fnMap":{"0":{"name":"(anonymous_0)","decl":{"start":{"line":19,"column":13},"end":{"line":19,"column":14}},"loc":{"start":{"line":20,"column":2},"end":{"line":20,"column":75}},"line":20},"1":{"name":"(anonymous_1)","decl":{"start":{"line":27,"column":8},"end":{"line":27,"column":9}},"loc":{"start":{"line":27,"column":28},"end":{"line":29,"column":1}},"line":27}},"branchMap":{"0":{"loc":{"start":{"line":2,"column":8},"end":{"line":2,"column":62}},"type":"cond-expr","locations":[{"start":{"line":2,"column":42},"end":{"line":2,"column":53}},{"start":{"line":2,"column":56},"end":{"line":2,"column":62}}],"line":2}},"s":{"0":1,"1":1,"2":1,"3":1,"4":1,"5":1,"6":1,"7":1,"8":1,"9":1,"10":1,"11":1,"12":1,"13":1,"14":1,"15":1,"16":1,"17":1},"f":{"0":1,"1":1},"b":{"0":[1,0]},"_coverageSchema":"1a1c01bbd47fc00a2c39e90264f33305004495a9","hash":"c0a559b012ae616117857f9708347da4eb0c08ea"}
,"/Users/sb/Documents/Web_Project_2026/AH-Web-Company/ah-webapp-2026/server/src/config/config.js": {"path":"/Users/sb/Documents/Web_Project_2026/AH-Web-Company/ah-webapp-2026/server/src/config/config.js","statementMap":{"0":{"start":{"line":1,"column":0},"end":{"line":4,"column":3}},"1":{"start":{"line":5,"column":0},"end":{"line":28,"column":2}}},"fnMap":{},"branchMap":{"0":{"loc":{"start":{"line":2,"column":8},"end":{"line":2,"column":62}},"type":"cond-expr","locations":[{"start":{"line":2,"column":42},"end":{"line":2,"column":53}},{"start":{"line":2,"column":56},"end":{"line":2,"column":62}}],"line":2}},"s":{"0":7,"1":7},"f":{},"b":{"0":[7,0]},"_coverageSchema":"1a1c01bbd47fc00a2c39e90264f33305004495a9","hash":"0e9d8f9233cee195804fceb3d7e918b64995858c"}
,"/Users/sb/Documents/Web_Project_2026/AH-Web-Company/ah-webapp-2026/server/src/controllers/auth.controller.js": {"path":"/Users/sb/Documents/Web_Project_2026/AH-Web-Company/ah-webapp-2026/server/src/controllers/auth.controller.js","statementMap":{"0":{"start":{"line":1,"column":24},"end":{"line":1,"column":46}},"1":{"start":{"line":2,"column":32},"end":{"line":2,"column":70}},"2":{"start":{"line":7,"column":4},"end":{"line":18,"column":5}},"3":{"start":{"line":8,"column":34},"end":{"line":8,"column":42}},"4":{"start":{"line":9,"column":6},"end":{"line":9,"column":54}},"5":{"start":{"line":10,"column":21},"end":{"line":10,"column":66}},"6":{"start":{"line":11,"column":6},"end":{"line":15,"column":9}},"7":{"start":{"line":17,"column":6},"end":{"line":17,"column":18}},"8":{"start":{"line":22,"column":4},"end":{"line":34,"column":5}},"9":{"start":{"line":23,"column":26},"end":{"line":23,"column":34}},"10":{"start":{"line":24,"column":22},"end":{"line":24,"column":56}},"11":{"start":{"line":26,"column":21},"end":{"line":26,"column":64}},"12":{"start":{"line":27,"column":6},"end":{"line":31,"column":9}},"13":{"start":{"line":33,"column":6},"end":{"line":33,"column":18}},"14":{"start":{"line":38,"column":0},"end":{"line":38,"column":38}}},"fnMap":{"0":{"name":"(anonymous_0)","decl":{"start":{"line":6,"column":2},"end":{"line":6,"column":3}},"loc":{"start":{"line":6,"column":30},"end":{"line":19,"column":3}},"line":6},"1":{"name":"(anonymous_1)","decl":{"start":{"line":21,"column":2},"end":{"line":21,"column":3}},"loc":{"start":{"line":21,"column":36},"end":{"line":35,"column":3}},"line":21}},"branchMap":{},"s":{"0":1,"1":1,"2":0,"3":0,"4":0,"5":0,"6":0,"7":0,"8":0,"9":0,"10":0,"11":0,"12":0,"13":0,"14":1},"f":{"0":0,"1":0},"b":{},"_coverageSchema":"1a1c01bbd47fc00a2c39e90264f33305004495a9","hash":"46514b276db6e0c953f6f67e02dde5c7f785e1d5"}
,"/Users/sb/Documents/Web_Project_2026/AH-Web-Company/ah-webapp-2026/server/src/controllers/index.js": {"path":"/Users/sb/Documents/Web_Project_2026/AH-Web-Company/ah-webapp-2026/server/src/controllers/index.js","statementMap":{"0":{"start":{"line":1,"column":23},"end":{"line":1,"column":51}},"1":{"start":{"line":3,"column":0},"end":{"line":5,"column":2}}},"fnMap":{},"branchMap":{},"s":{"0":1,"1":1},"f":{},"b":{},"_coverageSchema":"1a1c01bbd47fc00a2c39e90264f33305004495a9","hash":"cbd4ecc50dbd88a04f825b3a39f501a35ac69785"}
,"/Users/sb/Documents/Web_Project_2026/AH-Web-Company/ah-webapp-2026/server/src/middleware/error-handler.middleware.js": {"path":"/Users/sb/Documents/Web_Project_2026/AH-Web-Company/ah-webapp-2026/server/src/middleware/error-handler.middleware.js","statementMap":{"0":{"start":{"line":1,"column":21},"end":{"line":1,"column":40}},"1":{"start":{"line":2,"column":21},"end":{"line":2,"column":35}},"2":{"start":{"line":5,"column":23},"end":{"line":13,"column":1}},"3":{"start":{"line":6,"column":16},"end":{"line":6,"column":59}},"4":{"start":{"line":7,"column":2},"end":{"line":7,"column":39}},"5":{"start":{"line":8,"column":2},"end":{"line":11,"column":6}},"6":{"start":{"line":8,"column":41},"end":{"line":11,"column":3}},"7":{"start":{"line":12,"column":2},"end":{"line":12,"column":15}},"8":{"start":{"line":16,"column":29},"end":{"line":38,"column":1}},"9":{"start":{"line":17,"column":16},"end":{"line":17,"column":27}},"10":{"start":{"line":18,"column":18},"end":{"line":18,"column":34}},"11":{"start":{"line":19,"column":16},"end":{"line":19,"column":20}},"12":{"start":{"line":21,"column":2},"end":{"line":32,"column":3}},"13":{"start":{"line":22,"column":4},"end":{"line":24,"column":34}},"14":{"start":{"line":25,"column":4},"end":{"line":25,"column":106}},"15":{"start":{"line":28,"column":4},"end":{"line":31,"column":8}},"16":{"start":{"line":28,"column":37},"end":{"line":31,"column":5}},"17":{"start":{"line":34,"column":16},"end":{"line":34,"column":42}},"18":{"start":{"line":35,"column":2},"end":{"line":35,"column":30}},"19":{"start":{"line":36,"column":2},"end":{"line":36,"column":26}},"20":{"start":{"line":37,"column":2},"end":{"line":37,"column":15}},"21":{"start":{"line":41,"column":21},"end":{"line":80,"column":1}},"22":{"start":{"line":42,"column":14},"end":{"line":42,"column":24}},"23":{"start":{"line":43,"column":2},"end":{"line":43,"column":30}},"24":{"start":{"line":44,"column":2},"end":{"line":44,"column":43}},"25":{"start":{"line":47,"column":2},"end":{"line":51,"column":3}},"26":{"start":{"line":48,"column":4},"end":{"line":48,"column":32}},"27":{"start":{"line":49,"column":9},"end":{"line":51,"column":3}},"28":{"start":{"line":50,"column":4},"end":{"line":50,"column":38}},"29":{"start":{"line":55,"column":4},"end":{"line":58,"column":70}},"30":{"start":{"line":61,"column":19},"end":{"line":66,"column":3}},"31":{"start":{"line":69,"column":2},"end":{"line":77,"column":3}},"32":{"start":{"line":70,"column":4},"end":{"line":70,"column":31}},"33":{"start":{"line":71,"column":4},"end":{"line":76,"column":7}},"34":{"start":{"line":79,"column":2},"end":{"line":79,"column":46}},"35":{"start":{"line":82,"column":0},"end":{"line":82,"column":34}}},"fnMap":{"0":{"name":"(anonymous_0)","decl":{"start":{"line":5,"column":23},"end":{"line":5,"column":24}},"loc":{"start":{"line":5,"column":32},"end":{"line":13,"column":1}},"line":5},"1":{"name":"(anonymous_1)","decl":{"start":{"line":8,"column":33},"end":{"line":8,"column":34}},"loc":{"start":{"line":8,"column":41},"end":{"line":11,"column":3}},"line":8},"2":{"name":"(anonymous_2)","decl":{"start":{"line":16,"column":29},"end":{"line":16,"column":30}},"loc":{"start":{"line":16,"column":38},"end":{"line":38,"column":1}},"line":16},"3":{"name":"(anonymous_3)","decl":{"start":{"line":28,"column":29},"end":{"line":28,"column":30}},"loc":{"start":{"line":28,"column":37},"end":{"line":31,"column":5}},"line":28},"4":{"name":"(anonymous_4)","decl":{"start":{"line":41,"column":21},"end":{"line":41,"column":22}},"loc":{"start":{"line":41,"column":46},"end":{"line":80,"column":1}},"line":41}},"branchMap":{"0":{"loc":{"start":{"line":21,"column":2},"end":{"line":32,"column":3}},"type":"if","locations":[{"start":{"line":21,"column":2},"end":{"line":32,"column":3}},{"start":{},"end":{}}],"line":21},"1":{"loc":{"start":{"line":21,"column":6},"end":{"line":21,"column":94}},"type":"binary-expr","locations":[{"start":{"line":21,"column":6},"end":{"line":21,"column":45}},{"start":{"line":21,"column":49},"end":{"line":21,"column":94}}],"line":21},"2":{"loc":{"start":{"line":22,"column":14},"end":{"line":24,"column":33}},"type":"cond-expr","locations":[{"start":{"line":23,"column":8},"end":{"line":23,"column":35}},{"start":{"line":24,"column":8},"end":{"line":24,"column":33}}],"line":22},"3":{"loc":{"start":{"line":25,"column":16},"end":{"line":25,"column":105}},"type":"cond-expr","locations":[{"start":{"line":25,"column":64},"end":{"line":25,"column":81}},{"start":{"line":25,"column":84},"end":{"line":25,"column":105}}],"line":25},"4":{"loc":{"start":{"line":44,"column":21},"end":{"line":44,"column":42}},"type":"binary-expr","locations":[{"start":{"line":44,"column":21},"end":{"line":44,"column":35}},{"start":{"line":44,"column":39},"end":{"line":44,"column":42}}],"line":44},"5":{"loc":{"start":{"line":47,"column":2},"end":{"line":51,"column":3}},"type":"if","locations":[{"start":{"line":47,"column":2},"end":{"line":51,"column":3}},{"start":{"line":49,"column":9},"end":{"line":51,"column":3}}],"line":47},"6":{"loc":{"start":{"line":49,"column":9},"end":{"line":51,"column":3}},"type":"if","locations":[{"start":{"line":49,"column":9},"end":{"line":51,"column":3}},{"start":{},"end":{}}],"line":49},"7":{"loc":{"start":{"line":55,"column":4},"end":{"line":58,"column":70}},"type":"binary-expr","locations":[{"start":{"line":55,"column":4},"end":{"line":55,"column":19}},{"start":{"line":56,"column":5},"end":{"line":58,"column":69}}],"line":55},"8":{"loc":{"start":{"line":56,"column":5},"end":{"line":58,"column":69}},"type":"cond-expr","locations":[{"start":{"line":56,"column":32},"end":{"line":56,"column":46}},{"start":{"line":57,"column":5},"end":{"line":58,"column":69}}],"line":56},"9":{"loc":{"start":{"line":57,"column":5},"end":{"line":58,"column":69}},"type":"cond-expr","locations":[{"start":{"line":57,"column":32},"end":{"line":57,"column":43}},{"start":{"line":58,"column":5},"end":{"line":58,"column":69}}],"line":57},"10":{"loc":{"start":{"line":58,"column":5},"end":{"line":58,"column":69}},"type":"cond-expr","locations":[{"start":{"line":58,"column":32},"end":{"line":58,"column":43}},{"start":{"line":58,"column":46},"end":{"line":58,"column":69}}],"line":58},"11":{"loc":{"start":{"line":62,"column":12},"end":{"line":62,"column":54}},"type":"cond-expr","locations":[{"start":{"line":62,"column":38},"end":{"line":62,"column":45}},{"start":{"line":62,"column":48},"end":{"line":62,"column":54}}],"line":62},"12":{"loc":{"start":{"line":65,"column":8},"end":{"line":65,"column":51}},"type":"binary-expr","locations":[{"start":{"line":65,"column":8},"end":{"line":65,"column":21}},{"start":{"line":65,"column":25},"end":{"line":65,"column":51}}],"line":65},"13":{"loc":{"start":{"line":69,"column":2},"end":{"line":77,"column":3}},"type":"if","locations":[{"start":{"line":69,"column":2},"end":{"line":77,"column":3}},{"start":{},"end":{}}],"line":69},"14":{"loc":{"start":{"line":75,"column":10},"end":{"line":75,"column":53}},"type":"binary-expr","locations":[{"start":{"line":75,"column":10},"end":{"line":75,"column":23}},{"start":{"line":75,"column":27},"end":{"line":75,"column":53}}],"line":75}},"s":{"0":1,"1":1,"2":1,"3":0,"4":0,"5":0,"6":0,"7":0,"8":1,"9":0,"10":0,"11":0,"12":0,"13":0,"14":0,"15":0,"16":0,"17":0,"18":0,"19":0,"20":0,"21":1,"22":1,"23":1,"24":1,"25":1,"26":0,"27":1,"28":0,"29":1,"30":1,"31":1,"32":0,"33":0,"34":1,"35":1},"f":{"0":0,"1":0,"2":0,"3":0,"4":1},"b":{"0":[0,0],"1":[0,0],"2":[0,0],"3":[0,0],"4":[1,0],"5":[0,1],"6":[0,1],"7":[1,1],"8":[0,1],"9":[0,1],"10":[1,0],"11":[0,1],"12":[1,0],"13":[0,1],"14":[0,0]},"_coverageSchema":"1a1c01bbd47fc00a2c39e90264f33305004495a9","hash":"4732eea294fedd0b02a1da365851a4e18d0ddfe5"}
,"/Users/sb/Documents/Web_Project_2026/AH-Web-Company/ah-webapp-2026/server/src/middleware/index.js": {"path":"/Users/sb/Documents/Web_Project_2026/AH-Web-Company/ah-webapp-2026/server/src/middleware/index.js","statementMap":{"0":{"start":{"line":1,"column":25},"end":{"line":1,"column":62}},"1":{"start":{"line":2,"column":21},"end":{"line":2,"column":53}},"2":{"start":{"line":3,"column":40},"end":{"line":3,"column":76}},"3":{"start":{"line":5,"column":0},"end":{"line":10,"column":2}}},"fnMap":{},"branchMap":{},"s":{"0":1,"1":1,"2":1,"3":1},"f":{},"b":{},"_coverageSchema":"1a1c01bbd47fc00a2c39e90264f33305004495a9","hash":"30565a4bd0fba04df0e53bbe4ca88648ebf24be3"}
,"/Users/sb/Documents/Web_Project_2026/AH-Web-Company/ah-webapp-2026/server/src/middleware/rate-limiter.middleware.js": {"path":"/Users/sb/Documents/Web_Project_2026/AH-Web-Company/ah-webapp-2026/server/src/middleware/rate-limiter.middleware.js","statementMap":{"0":{"start":{"line":1,"column":18},"end":{"line":1,"column":47}},"1":{"start":{"line":2,"column":17},"end":{"line":2,"column":53}},"2":{"start":{"line":5,"column":22},"end":{"line":18,"column":2}},"3":{"start":{"line":11,"column":4},"end":{"line":16,"column":6}},"4":{"start":{"line":21,"column":21},"end":{"line":34,"column":2}},"5":{"start":{"line":27,"column":4},"end":{"line":32,"column":6}},"6":{"start":{"line":36,"column":0},"end":{"line":36,"column":49}}},"fnMap":{"0":{"name":"(anonymous_0)","decl":{"start":{"line":10,"column":11},"end":{"line":10,"column":12}},"loc":{"start":{"line":10,"column":31},"end":{"line":17,"column":3}},"line":10},"1":{"name":"(anonymous_1)","decl":{"start":{"line":26,"column":11},"end":{"line":26,"column":12}},"loc":{"start":{"line":26,"column":31},"end":{"line":33,"column":3}},"line":26}},"branchMap":{"0":{"loc":{"start":{"line":23,"column":7},"end":{"line":23,"column":48}},"type":"cond-expr","locations":[{"start":{"line":23,"column":41},"end":{"line":23,"column":44}},{"start":{"line":23,"column":47},"end":{"line":23,"column":48}}],"line":23}},"s":{"0":1,"1":1,"2":1,"3":0,"4":1,"5":0,"6":1},"f":{"0":0,"1":0},"b":{"0":[1,0]},"_coverageSchema":"1a1c01bbd47fc00a2c39e90264f33305004495a9","hash":"df05068a9b8b9769137bcea6e3f2138bf069141e"}
,"/Users/sb/Documents/Web_Project_2026/AH-Web-Company/ah-webapp-2026/server/src/middleware/validate.middleware.js": {"path":"/Users/sb/Documents/Web_Project_2026/AH-Web-Company/ah-webapp-2026/server/src/middleware/validate.middleware.js","statementMap":{"0":{"start":{"line":1,"column":21},"end":{"line":1,"column":35}},"1":{"start":{"line":3,"column":17},"end":{"line":27,"column":1}},"2":{"start":{"line":3,"column":29},"end":{"line":27,"column":1}},"3":{"start":{"line":4,"column":2},"end":{"line":26,"column":3}},"4":{"start":{"line":5,"column":23},"end":{"line":11,"column":6}},"5":{"start":{"line":14,"column":4},"end":{"line":14,"column":31}},"6":{"start":{"line":15,"column":4},"end":{"line":15,"column":33}},"7":{"start":{"line":16,"column":4},"end":{"line":16,"column":35}},"8":{"start":{"line":17,"column":4},"end":{"line":17,"column":37}},"9":{"start":{"line":18,"column":4},"end":{"line":18,"column":31}},"10":{"start":{"line":20,"column":4},"end":{"line":20,"column":11}},"11":{"start":{"line":22,"column":4},"end":{"line":24,"column":5}},"12":{"start":{"line":23,"column":6},"end":{"line":23,"column":25}},"13":{"start":{"line":25,"column":4},"end":{"line":25,"column":16}},"14":{"start":{"line":29,"column":0},"end":{"line":29,"column":30}}},"fnMap":{"0":{"name":"(anonymous_0)","decl":{"start":{"line":3,"column":17},"end":{"line":3,"column":18}},"loc":{"start":{"line":3,"column":29},"end":{"line":27,"column":1}},"line":3},"1":{"name":"(anonymous_1)","decl":{"start":{"line":3,"column":29},"end":{"line":3,"column":30}},"loc":{"start":{"line":3,"column":49},"end":{"line":27,"column":1}},"line":3}},"branchMap":{"0":{"loc":{"start":{"line":6,"column":12},"end":{"line":6,"column":26}},"type":"binary-expr","locations":[{"start":{"line":6,"column":12},"end":{"line":6,"column":20}},{"start":{"line":6,"column":24},"end":{"line":6,"column":26}}],"line":6},"1":{"loc":{"start":{"line":7,"column":13},"end":{"line":7,"column":28}},"type":"binary-expr","locations":[{"start":{"line":7,"column":13},"end":{"line":7,"column":22}},{"start":{"line":7,"column":26},"end":{"line":7,"column":28}}],"line":7},"2":{"loc":{"start":{"line":8,"column":14},"end":{"line":8,"column":30}},"type":"binary-expr","locations":[{"start":{"line":8,"column":14},"end":{"line":8,"column":24}},{"start":{"line":8,"column":28},"end":{"line":8,"column":30}}],"line":8},"3":{"loc":{"start":{"line":9,"column":15},"end":{"line":9,"column":32}},"type":"binary-expr","locations":[{"start":{"line":9,"column":15},"end":{"line":9,"column":26}},{"start":{"line":9,"column":30},"end":{"line":9,"column":32}}],"line":9},"4":{"loc":{"start":{"line":10,"column":12},"end":{"line":10,"column":26}},"type":"binary-expr","locations":[{"start":{"line":10,"column":12},"end":{"line":10,"column":20}},{"start":{"line":10,"column":24},"end":{"line":10,"column":26}}],"line":10},"5":{"loc":{"start":{"line":22,"column":4},"end":{"line":24,"column":5}},"type":"if","locations":[{"start":{"line":22,"column":4},"end":{"line":24,"column":5}},{"start":{},"end":{}}],"line":22}},"s":{"0":1,"1":1,"2":1,"3":0,"4":0,"5":0,"6":0,"7":0,"8":0,"9":0,"10":0,"11":0,"12":0,"13":0,"14":1},"f":{"0":1,"1":0},"b":{"0":[0,0],"1":[0,0],"2":[0,0],"3":[0,0],"4":[0,0],"5":[0,0]},"_coverageSchema":"1a1c01bbd47fc00a2c39e90264f33305004495a9","hash":"ce7a077948611ab03fb61e2534d07058183307ac"}
,"/Users/sb/Documents/Web_Project_2026/AH-Web-Company/ah-webapp-2026/server/src/models/auditlog.js": {"path":"/Users/sb/Documents/Web_Project_2026/AH-Web-Company/ah-webapp-2026/server/src/models/auditlog.js","statementMap":{"0":{"start":{"line":2,"column":18},"end":{"line":2,"column":38}},"1":{"start":{"line":3,"column":0},"end":{"line":63,"column":2}},"2":{"start":{"line":12,"column":6},"end":{"line":12,"column":76}},"3":{"start":{"line":15,"column":2},"end":{"line":61,"column":4}},"4":{"start":{"line":62,"column":2},"end":{"line":62,"column":18}}},"fnMap":{"0":{"name":"(anonymous_0)","decl":{"start":{"line":3,"column":17},"end":{"line":3,"column":18}},"loc":{"start":{"line":3,"column":43},"end":{"line":63,"column":1}},"line":3},"1":{"name":"(anonymous_1)","decl":{"start":{"line":10,"column":4},"end":{"line":10,"column":5}},"loc":{"start":{"line":10,"column":29},"end":{"line":13,"column":5}},"line":10}},"branchMap":{},"s":{"0":7,"1":7,"2":7,"3":7,"4":7},"f":{"0":7,"1":7},"b":{},"_coverageSchema":"1a1c01bbd47fc00a2c39e90264f33305004495a9","hash":"3ee31f5745046e17546d05256cc1adb08d31ab4e"}
,"/Users/sb/Documents/Web_Project_2026/AH-Web-Company/ah-webapp-2026/server/src/models/index.js": {"path":"/Users/sb/Documents/Web_Project_2026/AH-Web-Company/ah-webapp-2026/server/src/models/index.js","statementMap":{"0":{"start":{"line":3,"column":11},"end":{"line":3,"column":24}},"1":{"start":{"line":4,"column":13},"end":{"line":4,"column":28}},"2":{"start":{"line":5,"column":18},"end":{"line":5,"column":38}},"3":{"start":{"line":6,"column":16},"end":{"line":6,"column":34}},"4":{"start":{"line":7,"column":17},"end":{"line":7,"column":42}},"5":{"start":{"line":8,"column":12},"end":{"line":8,"column":49}},"6":{"start":{"line":9,"column":15},"end":{"line":9,"column":63}},"7":{"start":{"line":10,"column":11},"end":{"line":10,"column":13}},"8":{"start":{"line":13,"column":0},"end":{"line":17,"column":1}},"9":{"start":{"line":14,"column":2},"end":{"line":14,"column":74}},"10":{"start":{"line":16,"column":2},"end":{"line":16,"column":87}},"11":{"start":{"line":19,"column":0},"end":{"line":32,"column":5}},"12":{"start":{"line":22,"column":4},"end":{"line":27,"column":6}},"13":{"start":{"line":30,"column":18},"end":{"line":30,"column":85}},"14":{"start":{"line":31,"column":4},"end":{"line":31,"column":27}},"15":{"start":{"line":34,"column":0},"end":{"line":38,"column":3}},"16":{"start":{"line":35,"column":2},"end":{"line":37,"column":3}},"17":{"start":{"line":36,"column":4},"end":{"line":36,"column":32}},"18":{"start":{"line":40,"column":0},"end":{"line":40,"column":25}},"19":{"start":{"line":41,"column":0},"end":{"line":41,"column":25}},"20":{"start":{"line":43,"column":0},"end":{"line":43,"column":20}}},"fnMap":{"0":{"name":"(anonymous_0)","decl":{"start":{"line":21,"column":10},"end":{"line":21,"column":11}},"loc":{"start":{"line":21,"column":18},"end":{"line":28,"column":3}},"line":21},"1":{"name":"(anonymous_1)","decl":{"start":{"line":29,"column":11},"end":{"line":29,"column":12}},"loc":{"start":{"line":29,"column":19},"end":{"line":32,"column":3}},"line":29},"2":{"name":"(anonymous_2)","decl":{"start":{"line":34,"column":24},"end":{"line":34,"column":25}},"loc":{"start":{"line":34,"column":37},"end":{"line":38,"column":1}},"line":34}},"branchMap":{"0":{"loc":{"start":{"line":8,"column":12},"end":{"line":8,"column":49}},"type":"binary-expr","locations":[{"start":{"line":8,"column":12},"end":{"line":8,"column":32}},{"start":{"line":8,"column":36},"end":{"line":8,"column":49}}],"line":8},"1":{"loc":{"start":{"line":13,"column":0},"end":{"line":17,"column":1}},"type":"if","locations":[{"start":{"line":13,"column":0},"end":{"line":17,"column":1}},{"start":{"line":15,"column":7},"end":{"line":17,"column":1}}],"line":13},"2":{"loc":{"start":{"line":23,"column":6},"end":{"line":26,"column":37}},"type":"binary-expr","locations":[{"start":{"line":23,"column":6},"end":{"line":23,"column":29}},{"start":{"line":24,"column":6},"end":{"line":24,"column":23}},{"start":{"line":25,"column":6},"end":{"line":25,"column":30}},{"start":{"line":26,"column":6},"end":{"line":26,"column":37}}],"line":23},"3":{"loc":{"start":{"line":35,"column":2},"end":{"line":37,"column":3}},"type":"if","locations":[{"start":{"line":35,"column":2},"end":{"line":37,"column":3}},{"start":{},"end":{}}],"line":35}},"s":{"0":7,"1":7,"2":7,"3":7,"4":7,"5":7,"6":7,"7":7,"8":7,"9":0,"10":7,"11":7,"12":35,"13":28,"14":28,"15":7,"16":28,"17":28,"18":7,"19":7,"20":7},"f":{"0":35,"1":28,"2":28},"b":{"0":[7,0],"1":[0,7],"2":[35,35,28,28],"3":[28,0]},"_coverageSchema":"1a1c01bbd47fc00a2c39e90264f33305004495a9","hash":"f6dbade33fc00e5e91916af94baf79c1a04b79db"}
,"/Users/sb/Documents/Web_Project_2026/AH-Web-Company/ah-webapp-2026/server/src/models/role.js": {"path":"/Users/sb/Documents/Web_Project_2026/AH-Web-Company/ah-webapp-2026/server/src/models/role.js","statementMap":{"0":{"start":{"line":2,"column":18},"end":{"line":2,"column":38}},"1":{"start":{"line":3,"column":0},"end":{"line":40,"column":2}},"2":{"start":{"line":11,"column":6},"end":{"line":11,"column":71}},"3":{"start":{"line":14,"column":2},"end":{"line":38,"column":4}},"4":{"start":{"line":39,"column":2},"end":{"line":39,"column":14}}},"fnMap":{"0":{"name":"(anonymous_0)","decl":{"start":{"line":3,"column":17},"end":{"line":3,"column":18}},"loc":{"start":{"line":3,"column":43},"end":{"line":40,"column":1}},"line":3},"1":{"name":"(anonymous_1)","decl":{"start":{"line":10,"column":4},"end":{"line":10,"column":5}},"loc":{"start":{"line":10,"column":29},"end":{"line":12,"column":5}},"line":10}},"branchMap":{},"s":{"0":7,"1":7,"2":7,"3":7,"4":7},"f":{"0":7,"1":7},"b":{},"_coverageSchema":"1a1c01bbd47fc00a2c39e90264f33305004495a9","hash":"fb54da115263cac9318bd0441d6ce6e449a1c031"}
,"/Users/sb/Documents/Web_Project_2026/AH-Web-Company/ah-webapp-2026/server/src/models/user.js": {"path":"/Users/sb/Documents/Web_Project_2026/AH-Web-Company/ah-webapp-2026/server/src/models/user.js","statementMap":{"0":{"start":{"line":2,"column":18},"end":{"line":2,"column":38}},"1":{"start":{"line":3,"column":25},"end":{"line":3,"column":45}},"2":{"start":{"line":4,"column":0},"end":{"line":112,"column":2}},"3":{"start":{"line":13,"column":6},"end":{"line":13,"column":72}},"4":{"start":{"line":14,"column":6},"end":{"line":14,"column":79}},"5":{"start":{"line":17,"column":2},"end":{"line":110,"column":4}},"6":{"start":{"line":48,"column":12},"end":{"line":48,"column":31}},"7":{"start":{"line":48,"column":24},"end":{"line":48,"column":31}},"8":{"start":{"line":49,"column":26},"end":{"line":49,"column":66}},"9":{"start":{"line":51,"column":12},"end":{"line":55,"column":13}},"10":{"start":{"line":52,"column":14},"end":{"line":54,"column":16}},"11":{"start":{"line":99,"column":10},"end":{"line":101,"column":11}},"12":{"start":{"line":100,"column":12},"end":{"line":100,"column":62}},"13":{"start":{"line":104,"column":10},"end":{"line":106,"column":11}},"14":{"start":{"line":105,"column":12},"end":{"line":105,"column":62}},"15":{"start":{"line":111,"column":2},"end":{"line":111,"column":14}}},"fnMap":{"0":{"name":"(anonymous_0)","decl":{"start":{"line":4,"column":17},"end":{"line":4,"column":18}},"loc":{"start":{"line":4,"column":43},"end":{"line":112,"column":1}},"line":4},"1":{"name":"(anonymous_1)","decl":{"start":{"line":11,"column":4},"end":{"line":11,"column":5}},"loc":{"start":{"line":11,"column":29},"end":{"line":15,"column":5}},"line":11},"2":{"name":"(anonymous_2)","decl":{"start":{"line":47,"column":10},"end":{"line":47,"column":11}},"loc":{"start":{"line":47,"column":34},"end":{"line":56,"column":11}},"line":47},"3":{"name":"(anonymous_3)","decl":{"start":{"line":98,"column":22},"end":{"line":98,"column":23}},"loc":{"start":{"line":98,"column":38},"end":{"line":102,"column":9}},"line":98},"4":{"name":"(anonymous_4)","decl":{"start":{"line":103,"column":22},"end":{"line":103,"column":23}},"loc":{"start":{"line":103,"column":38},"end":{"line":107,"column":9}},"line":103}},"branchMap":{"0":{"loc":{"start":{"line":48,"column":12},"end":{"line":48,"column":31}},"type":"if","locations":[{"start":{"line":48,"column":12},"end":{"line":48,"column":31}},{"start":{},"end":{}}],"line":48},"1":{"loc":{"start":{"line":51,"column":12},"end":{"line":55,"column":13}},"type":"if","locations":[{"start":{"line":51,"column":12},"end":{"line":55,"column":13}},{"start":{},"end":{}}],"line":51},"2":{"loc":{"start":{"line":99,"column":10},"end":{"line":101,"column":11}},"type":"if","locations":[{"start":{"line":99,"column":10},"end":{"line":101,"column":11}},{"start":{},"end":{}}],"line":99},"3":{"loc":{"start":{"line":104,"column":10},"end":{"line":106,"column":11}},"type":"if","locations":[{"start":{"line":104,"column":10},"end":{"line":106,"column":11}},{"start":{},"end":{}}],"line":104}},"s":{"0":7,"1":7,"2":7,"3":7,"4":7,"5":7,"6":6,"7":0,"8":6,"9":6,"10":2,"11":3,"12":3,"13":0,"14":0,"15":7},"f":{"0":7,"1":7,"2":6,"3":3,"4":0},"b":{"0":[0,6],"1":[2,4],"2":[3,0],"3":[0,0]},"_coverageSchema":"1a1c01bbd47fc00a2c39e90264f33305004495a9","hash":"7e80bcb8804ea110fa01fe4401bf94bfe554e2da"}
,"/Users/sb/Documents/Web_Project_2026/AH-Web-Company/ah-webapp-2026/server/src/models/usersession.js": {"path":"/Users/sb/Documents/Web_Project_2026/AH-Web-Company/ah-webapp-2026/server/src/models/usersession.js","statementMap":{"0":{"start":{"line":2,"column":18},"end":{"line":2,"column":38}},"1":{"start":{"line":3,"column":0},"end":{"line":56,"column":2}},"2":{"start":{"line":12,"column":6},"end":{"line":12,"column":79}},"3":{"start":{"line":15,"column":2},"end":{"line":54,"column":4}},"4":{"start":{"line":55,"column":2},"end":{"line":55,"column":21}}},"fnMap":{"0":{"name":"(anonymous_0)","decl":{"start":{"line":3,"column":17},"end":{"line":3,"column":18}},"loc":{"start":{"line":3,"column":43},"end":{"line":56,"column":1}},"line":3},"1":{"name":"(anonymous_1)","decl":{"start":{"line":10,"column":4},"end":{"line":10,"column":5}},"loc":{"start":{"line":10,"column":29},"end":{"line":13,"column":5}},"line":10}},"branchMap":{},"s":{"0":7,"1":7,"2":7,"3":7,"4":7},"f":{"0":7,"1":7},"b":{},"_coverageSchema":"1a1c01bbd47fc00a2c39e90264f33305004495a9","hash":"2da29d0d03e73d25fa8c5f9d788308722e6059a2"}
,"/Users/sb/Documents/Web_Project_2026/AH-Web-Company/ah-webapp-2026/server/src/repositories/base.repository.js": {"path":"/Users/sb/Documents/Web_Project_2026/AH-Web-Company/ah-webapp-2026/server/src/repositories/base.repository.js","statementMap":{"0":{"start":{"line":1,"column":15},"end":{"line":1,"column":35}},"1":{"start":{"line":5,"column":4},"end":{"line":5,"column":23}},"2":{"start":{"line":6,"column":4},"end":{"line":6,"column":17}},"3":{"start":{"line":10,"column":4},"end":{"line":10,"column":59}},"4":{"start":{"line":14,"column":4},"end":{"line":14,"column":50}},"5":{"start":{"line":18,"column":4},"end":{"line":18,"column":45}},"6":{"start":{"line":22,"column":4},"end":{"line":22,"column":50}},"7":{"start":{"line":27,"column":4},"end":{"line":29,"column":5}},"8":{"start":{"line":28,"column":6},"end":{"line":28,"column":67}},"9":{"start":{"line":30,"column":4},"end":{"line":30,"column":50}},"10":{"start":{"line":34,"column":4},"end":{"line":36,"column":5}},"11":{"start":{"line":35,"column":6},"end":{"line":35,"column":67}},"12":{"start":{"line":37,"column":4},"end":{"line":37,"column":45}},"13":{"start":{"line":41,"column":0},"end":{"line":41,"column":32}}},"fnMap":{"0":{"name":"(anonymous_0)","decl":{"start":{"line":4,"column":2},"end":{"line":4,"column":3}},"loc":{"start":{"line":4,"column":21},"end":{"line":7,"column":3}},"line":4},"1":{"name":"(anonymous_1)","decl":{"start":{"line":9,"column":2},"end":{"line":9,"column":3}},"loc":{"start":{"line":9,"column":37},"end":{"line":11,"column":3}},"line":9},"2":{"name":"(anonymous_2)","decl":{"start":{"line":13,"column":2},"end":{"line":13,"column":3}},"loc":{"start":{"line":13,"column":35},"end":{"line":15,"column":3}},"line":13},"3":{"name":"(anonymous_3)","decl":{"start":{"line":17,"column":2},"end":{"line":17,"column":3}},"loc":{"start":{"line":17,"column":30},"end":{"line":19,"column":3}},"line":17},"4":{"name":"(anonymous_4)","decl":{"start":{"line":21,"column":2},"end":{"line":21,"column":3}},"loc":{"start":{"line":21,"column":35},"end":{"line":23,"column":3}},"line":21},"5":{"name":"(anonymous_5)","decl":{"start":{"line":25,"column":2},"end":{"line":25,"column":3}},"loc":{"start":{"line":25,"column":35},"end":{"line":31,"column":3}},"line":25},"6":{"name":"(anonymous_6)","decl":{"start":{"line":33,"column":2},"end":{"line":33,"column":3}},"loc":{"start":{"line":33,"column":29},"end":{"line":38,"column":3}},"line":33}},"branchMap":{"0":{"loc":{"start":{"line":9,"column":23},"end":{"line":9,"column":35}},"type":"default-arg","locations":[{"start":{"line":9,"column":33},"end":{"line":9,"column":35}}],"line":9},"1":{"loc":{"start":{"line":13,"column":21},"end":{"line":13,"column":33}},"type":"default-arg","locations":[{"start":{"line":13,"column":31},"end":{"line":13,"column":33}}],"line":13},"2":{"loc":{"start":{"line":17,"column":16},"end":{"line":17,"column":28}},"type":"default-arg","locations":[{"start":{"line":17,"column":26},"end":{"line":17,"column":28}}],"line":17},"3":{"loc":{"start":{"line":21,"column":21},"end":{"line":21,"column":33}},"type":"default-arg","locations":[{"start":{"line":21,"column":31},"end":{"line":21,"column":33}}],"line":21},"4":{"loc":{"start":{"line":25,"column":21},"end":{"line":25,"column":33}},"type":"default-arg","locations":[{"start":{"line":25,"column":31},"end":{"line":25,"column":33}}],"line":25},"5":{"loc":{"start":{"line":27,"column":4},"end":{"line":29,"column":5}},"type":"if","locations":[{"start":{"line":27,"column":4},"end":{"line":29,"column":5}},{"start":{},"end":{}}],"line":27},"6":{"loc":{"start":{"line":33,"column":15},"end":{"line":33,"column":27}},"type":"default-arg","locations":[{"start":{"line":33,"column":25},"end":{"line":33,"column":27}}],"line":33},"7":{"loc":{"start":{"line":34,"column":4},"end":{"line":36,"column":5}},"type":"if","locations":[{"start":{"line":34,"column":4},"end":{"line":36,"column":5}},{"start":{},"end":{}}],"line":34}},"s":{"0":4,"1":4,"2":4,"3":0,"4":0,"5":0,"6":0,"7":1,"8":0,"9":1,"10":0,"11":0,"12":0,"13":4},"f":{"0":4,"1":0,"2":0,"3":0,"4":0,"5":1,"6":0},"b":{"0":[0],"1":[0],"2":[0],"3":[0],"4":[0],"5":[0,1],"6":[0],"7":[0,0]},"_coverageSchema":"1a1c01bbd47fc00a2c39e90264f33305004495a9","hash":"ea18eb5d473734c19c4a30c272552add10755118"}
,"/Users/sb/Documents/Web_Project_2026/AH-Web-Company/ah-webapp-2026/server/src/repositories/index.js": {"path":"/Users/sb/Documents/Web_Project_2026/AH-Web-Company/ah-webapp-2026/server/src/repositories/index.js","statementMap":{"0":{"start":{"line":1,"column":23},"end":{"line":1,"column":51}},"1":{"start":{"line":3,"column":0},"end":{"line":5,"column":2}}},"fnMap":{},"branchMap":{},"s":{"0":2,"1":2},"f":{},"b":{},"_coverageSchema":"1a1c01bbd47fc00a2c39e90264f33305004495a9","hash":"aa020a8a1d624b74e15ac604ff7f97773e16caa7"}
,"/Users/sb/Documents/Web_Project_2026/AH-Web-Company/ah-webapp-2026/server/src/repositories/user-session.repository.js": {"path":"/Users/sb/Documents/Web_Project_2026/AH-Web-Company/ah-webapp-2026/server/src/repositories/user-session.repository.js","statementMap":{"0":{"start":{"line":2,"column":23},"end":{"line":2,"column":51}},"1":{"start":{"line":3,"column":24},"end":{"line":3,"column":44}},"2":{"start":{"line":4,"column":32},"end":{"line":4,"column":51}},"3":{"start":{"line":8,"column":4},"end":{"line":8,"column":23}},"4":{"start":{"line":12,"column":15},"end":{"line":12,"column":46}},"5":{"start":{"line":13,"column":23},"end":{"line":13,"column":46}},"6":{"start":{"line":16,"column":15},"end":{"line":16,"column":83}},"7":{"start":{"line":18,"column":4},"end":{"line":29,"column":6}},"8":{"start":{"line":33,"column":4},"end":{"line":39,"column":7}},"9":{"start":{"line":43,"column":4},"end":{"line":50,"column":7}},"10":{"start":{"line":54,"column":4},"end":{"line":60,"column":6}},"11":{"start":{"line":64,"column":4},"end":{"line":74,"column":6}},"12":{"start":{"line":78,"column":0},"end":{"line":78,"column":45}}},"fnMap":{"0":{"name":"(anonymous_0)","decl":{"start":{"line":7,"column":2},"end":{"line":7,"column":3}},"loc":{"start":{"line":7,"column":16},"end":{"line":9,"column":3}},"line":7},"1":{"name":"(anonymous_1)","decl":{"start":{"line":11,"column":2},"end":{"line":11,"column":3}},"loc":{"start":{"line":11,"column":78},"end":{"line":30,"column":3}},"line":11},"2":{"name":"(anonymous_2)","decl":{"start":{"line":32,"column":2},"end":{"line":32,"column":3}},"loc":{"start":{"line":32,"column":46},"end":{"line":40,"column":3}},"line":32},"3":{"name":"(anonymous_3)","decl":{"start":{"line":42,"column":2},"end":{"line":42,"column":3}},"loc":{"start":{"line":42,"column":45},"end":{"line":51,"column":3}},"line":42},"4":{"name":"(anonymous_4)","decl":{"start":{"line":53,"column":2},"end":{"line":53,"column":3}},"loc":{"start":{"line":53,"column":44},"end":{"line":61,"column":3}},"line":53},"5":{"name":"(anonymous_5)","decl":{"start":{"line":63,"column":2},"end":{"line":63,"column":3}},"loc":{"start":{"line":63,"column":71},"end":{"line":75,"column":3}},"line":63}},"branchMap":{"0":{"loc":{"start":{"line":11,"column":64},"end":{"line":11,"column":76}},"type":"default-arg","locations":[{"start":{"line":11,"column":74},"end":{"line":11,"column":76}}],"line":11},"1":{"loc":{"start":{"line":12,"column":15},"end":{"line":12,"column":46}},"type":"binary-expr","locations":[{"start":{"line":12,"column":15},"end":{"line":12,"column":40}},{"start":{"line":12,"column":44},"end":{"line":12,"column":46}}],"line":12},"2":{"loc":{"start":{"line":16,"column":15},"end":{"line":16,"column":83}},"type":"binary-expr","locations":[{"start":{"line":16,"column":15},"end":{"line":16,"column":60}},{"start":{"line":16,"column":64},"end":{"line":16,"column":70}},{"start":{"line":16,"column":74},"end":{"line":16,"column":83}}],"line":16},"3":{"loc":{"start":{"line":53,"column":30},"end":{"line":53,"column":42}},"type":"default-arg","locations":[{"start":{"line":53,"column":40},"end":{"line":53,"column":42}}],"line":53},"4":{"loc":{"start":{"line":63,"column":57},"end":{"line":63,"column":69}},"type":"default-arg","locations":[{"start":{"line":63,"column":67},"end":{"line":63,"column":69}}],"line":63}},"s":{"0":1,"1":1,"2":1,"3":1,"4":1,"5":1,"6":1,"7":1,"8":1,"9":0,"10":0,"11":0,"12":1},"f":{"0":1,"1":1,"2":1,"3":0,"4":0,"5":0},"b":{"0":[1],"1":[1,0],"2":[1,1,0],"3":[0],"4":[0]},"_coverageSchema":"1a1c01bbd47fc00a2c39e90264f33305004495a9","hash":"a340465f37d1526a32002acc270b71fd24b44323"}
,"/Users/sb/Documents/Web_Project_2026/AH-Web-Company/ah-webapp-2026/server/src/repositories/user.repository.js": {"path":"/Users/sb/Documents/Web_Project_2026/AH-Web-Company/ah-webapp-2026/server/src/repositories/user.repository.js","statementMap":{"0":{"start":{"line":1,"column":23},"end":{"line":1,"column":51}},"1":{"start":{"line":2,"column":23},"end":{"line":2,"column":43}},"2":{"start":{"line":6,"column":4},"end":{"line":6,"column":16}},"3":{"start":{"line":11,"column":4},"end":{"line":15,"column":7}},"4":{"start":{"line":19,"column":4},"end":{"line":29,"column":7}},"5":{"start":{"line":36,"column":19},"end":{"line":38,"column":45}},"6":{"start":{"line":40,"column":4},"end":{"line":46,"column":6}},"7":{"start":{"line":50,"column":0},"end":{"line":50,"column":38}}},"fnMap":{"0":{"name":"(anonymous_0)","decl":{"start":{"line":5,"column":2},"end":{"line":5,"column":3}},"loc":{"start":{"line":5,"column":16},"end":{"line":7,"column":3}},"line":5},"1":{"name":"(anonymous_1)","decl":{"start":{"line":9,"column":2},"end":{"line":9,"column":3}},"loc":{"start":{"line":9,"column":41},"end":{"line":16,"column":3}},"line":9},"2":{"name":"(anonymous_2)","decl":{"start":{"line":18,"column":2},"end":{"line":18,"column":3}},"loc":{"start":{"line":18,"column":41},"end":{"line":30,"column":3}},"line":18},"3":{"name":"(anonymous_3)","decl":{"start":{"line":32,"column":2},"end":{"line":32,"column":3}},"loc":{"start":{"line":32,"column":59},"end":{"line":47,"column":3}},"line":32}},"branchMap":{"0":{"loc":{"start":{"line":9,"column":27},"end":{"line":9,"column":39}},"type":"default-arg","locations":[{"start":{"line":9,"column":37},"end":{"line":9,"column":39}}],"line":9},"1":{"loc":{"start":{"line":18,"column":27},"end":{"line":18,"column":39}},"type":"default-arg","locations":[{"start":{"line":18,"column":37},"end":{"line":18,"column":39}}],"line":18},"2":{"loc":{"start":{"line":32,"column":32},"end":{"line":32,"column":57}},"type":"default-arg","locations":[{"start":{"line":32,"column":55},"end":{"line":32,"column":57}}],"line":32},"3":{"loc":{"start":{"line":36,"column":19},"end":{"line":38,"column":45}},"type":"cond-expr","locations":[{"start":{"line":37,"column":8},"end":{"line":37,"column":28}},{"start":{"line":38,"column":8},"end":{"line":38,"column":45}}],"line":36}},"s":{"0":3,"1":3,"2":3,"3":1,"4":1,"5":1,"6":1,"7":3},"f":{"0":3,"1":1,"2":1,"3":1},"b":{"0":[1],"1":[1],"2":[0],"3":[0,1]},"_coverageSchema":"1a1c01bbd47fc00a2c39e90264f33305004495a9","hash":"484d091d5497339a6e195923b3a024284c6ba112"}
,"/Users/sb/Documents/Web_Project_2026/AH-Web-Company/ah-webapp-2026/server/src/routes/auth.routes.js": {"path":"/Users/sb/Documents/Web_Project_2026/AH-Web-Company/ah-webapp-2026/server/src/routes/auth.routes.js","statementMap":{"0":{"start":{"line":1,"column":16},"end":{"line":1,"column":34}},"1":{"start":{"line":2,"column":15},"end":{"line":2,"column":31}},"2":{"start":{"line":4,"column":27},"end":{"line":4,"column":52}},"3":{"start":{"line":5,"column":24},"end":{"line":5,"column":48}},"4":{"start":{"line":6,"column":35},"end":{"line":6,"column":59}},"5":{"start":{"line":8,"column":0},"end":{"line":13,"column":2}},"6":{"start":{"line":15,"column":0},"end":{"line":15,"column":24}}},"fnMap":{},"branchMap":{},"s":{"0":1,"1":1,"2":1,"3":1,"4":1,"5":1,"6":1},"f":{},"b":{},"_coverageSchema":"1a1c01bbd47fc00a2c39e90264f33305004495a9","hash":"8f2afcdf8d1e8a1e0c0af4c8bb7895c019656aa4"}
,"/Users/sb/Documents/Web_Project_2026/AH-Web-Company/ah-webapp-2026/server/src/routes/index.js": {"path":"/Users/sb/Documents/Web_Project_2026/AH-Web-Company/ah-webapp-2026/server/src/routes/index.js","statementMap":{"0":{"start":{"line":1,"column":16},"end":{"line":1,"column":34}},"1":{"start":{"line":2,"column":15},"end":{"line":2,"column":31}},"2":{"start":{"line":5,"column":19},"end":{"line":5,"column":43}},"3":{"start":{"line":7,"column":0},"end":{"line":7,"column":32}},"4":{"start":{"line":9,"column":0},"end":{"line":9,"column":24}}},"fnMap":{},"branchMap":{},"s":{"0":1,"1":1,"2":1,"3":1,"4":1},"f":{},"b":{},"_coverageSchema":"1a1c01bbd47fc00a2c39e90264f33305004495a9","hash":"aeb14621531ded37dde525f4ac526fbac6ba4a60"}
,"/Users/sb/Documents/Web_Project_2026/AH-Web-Company/ah-webapp-2026/server/src/services/audit.service.js": {"path":"/Users/sb/Documents/Web_Project_2026/AH-Web-Company/ah-webapp-2026/server/src/services/audit.service.js","statementMap":{"0":{"start":{"line":1,"column":21},"end":{"line":1,"column":41}},"1":{"start":{"line":13,"column":4},"end":{"line":39,"column":5}},"2":{"start":{"line":15,"column":8},"end":{"line":18,"column":17}},"3":{"start":{"line":19,"column":24},"end":{"line":19,"column":62}},"4":{"start":{"line":21,"column":6},"end":{"line":33,"column":8}},"5":{"start":{"line":35,"column":6},"end":{"line":38,"column":8}},"6":{"start":{"line":43,"column":0},"end":{"line":43,"column":30}}},"fnMap":{"0":{"name":"(anonymous_0)","decl":{"start":{"line":4,"column":2},"end":{"line":4,"column":3}},"loc":{"start":{"line":12,"column":5},"end":{"line":40,"column":3}},"line":12}},"branchMap":{"0":{"loc":{"start":{"line":7,"column":4},"end":{"line":7,"column":17}},"type":"default-arg","locations":[{"start":{"line":7,"column":13},"end":{"line":7,"column":17}}],"line":7},"1":{"loc":{"start":{"line":8,"column":4},"end":{"line":8,"column":16}},"type":"default-arg","locations":[{"start":{"line":8,"column":12},"end":{"line":8,"column":16}}],"line":8},"2":{"loc":{"start":{"line":9,"column":4},"end":{"line":9,"column":17}},"type":"default-arg","locations":[{"start":{"line":9,"column":15},"end":{"line":9,"column":17}}],"line":9},"3":{"loc":{"start":{"line":11,"column":4},"end":{"line":11,"column":22}},"type":"default-arg","locations":[{"start":{"line":11,"column":18},"end":{"line":11,"column":22}}],"line":11},"4":{"loc":{"start":{"line":15,"column":8},"end":{"line":18,"column":17}},"type":"binary-expr","locations":[{"start":{"line":15,"column":8},"end":{"line":15,"column":53}},{"start":{"line":16,"column":8},"end":{"line":16,"column":14}},{"start":{"line":17,"column":8},"end":{"line":17,"column":36}},{"start":{"line":18,"column":8},"end":{"line":18,"column":17}}],"line":15},"5":{"loc":{"start":{"line":19,"column":24},"end":{"line":19,"column":62}},"type":"binary-expr","locations":[{"start":{"line":19,"column":24},"end":{"line":19,"column":49}},{"start":{"line":19,"column":53},"end":{"line":19,"column":62}}],"line":19},"6":{"loc":{"start":{"line":29,"column":18},"end":{"line":29,"column":41}},"type":"binary-expr","locations":[{"start":{"line":29,"column":18},"end":{"line":29,"column":33}},{"start":{"line":29,"column":37},"end":{"line":29,"column":41}}],"line":29},"7":{"loc":{"start":{"line":30,"column":19},"end":{"line":30,"column":43}},"type":"binary-expr","locations":[{"start":{"line":30,"column":19},"end":{"line":30,"column":35}},{"start":{"line":30,"column":39},"end":{"line":30,"column":43}}],"line":30}},"s":{"0":2,"1":0,"2":0,"3":0,"4":0,"5":0,"6":2},"f":{"0":0},"b":{"0":[0],"1":[0],"2":[0],"3":[0],"4":[0,0,0,0],"5":[0,0],"6":[0,0],"7":[0,0]},"_coverageSchema":"1a1c01bbd47fc00a2c39e90264f33305004495a9","hash":"83d2adeeb06c47b0daf2258a4d433e6585f92a79"}
,"/Users/sb/Documents/Web_Project_2026/AH-Web-Company/ah-webapp-2026/server/src/services/auth.service.js": {"path":"/Users/sb/Documents/Web_Project_2026/AH-Web-Company/ah-webapp-2026/server/src/services/auth.service.js","statementMap":{"0":{"start":{"line":1,"column":27},"end":{"line":1,"column":53}},"1":{"start":{"line":9,"column":4},"end":{"line":9,"column":24}},"2":{"start":{"line":10,"column":21},"end":{"line":10,"column":47}},"3":{"start":{"line":14,"column":17},"end":{"line":14,"column":56}},"4":{"start":{"line":16,"column":4},"end":{"line":26,"column":5}},"5":{"start":{"line":17,"column":6},"end":{"line":17,"column":24}},"6":{"start":{"line":18,"column":6},"end":{"line":24,"column":9}},"7":{"start":{"line":25,"column":6},"end":{"line":25,"column":59}},"8":{"start":{"line":28,"column":20},"end":{"line":28,"column":66}},"9":{"start":{"line":29,"column":4},"end":{"line":39,"column":5}},"10":{"start":{"line":30,"column":6},"end":{"line":30,"column":24}},"11":{"start":{"line":31,"column":6},"end":{"line":37,"column":9}},"12":{"start":{"line":38,"column":6},"end":{"line":38,"column":59}},"13":{"start":{"line":41,"column":4},"end":{"line":51,"column":5}},"14":{"start":{"line":42,"column":6},"end":{"line":42,"column":24}},"15":{"start":{"line":43,"column":6},"end":{"line":49,"column":9}},"16":{"start":{"line":50,"column":6},"end":{"line":50,"column":78}},"17":{"start":{"line":53,"column":4},"end":{"line":66,"column":5}},"18":{"start":{"line":54,"column":6},"end":{"line":54,"column":24}},"19":{"start":{"line":55,"column":6},"end":{"line":61,"column":9}},"20":{"start":{"line":62,"column":6},"end":{"line":65,"column":8}},"21":{"start":{"line":68,"column":4},"end":{"line":81,"column":7}},"22":{"start":{"line":69,"column":6},"end":{"line":69,"column":69}},"23":{"start":{"line":71,"column":6},"end":{"line":78,"column":9}},"24":{"start":{"line":80,"column":6},"end":{"line":80,"column":42}},"25":{"start":{"line":85,"column":37},"end":{"line":85,"column":50}},"26":{"start":{"line":86,"column":4},"end":{"line":133,"column":7}},"27":{"start":{"line":87,"column":17},"end":{"line":87,"column":73}},"28":{"start":{"line":89,"column":6},"end":{"line":100,"column":7}},"29":{"start":{"line":90,"column":8},"end":{"line":90,"column":26}},"30":{"start":{"line":91,"column":8},"end":{"line":98,"column":11}},"31":{"start":{"line":99,"column":8},"end":{"line":99,"column":80}},"32":{"start":{"line":102,"column":6},"end":{"line":119,"column":7}},"33":{"start":{"line":103,"column":8},"end":{"line":109,"column":10}},"34":{"start":{"line":110,"column":8},"end":{"line":118,"column":11}},"35":{"start":{"line":121,"column":6},"end":{"line":121,"column":69}},"36":{"start":{"line":123,"column":6},"end":{"line":130,"column":9}},"37":{"start":{"line":132,"column":6},"end":{"line":132,"column":42}},"38":{"start":{"line":137,"column":20},"end":{"line":141,"column":5}},"39":{"start":{"line":142,"column":24},"end":{"line":142,"column":52}},"40":{"start":{"line":143,"column":25},"end":{"line":143,"column":54}},"41":{"start":{"line":144,"column":4},"end":{"line":150,"column":6}},"42":{"start":{"line":154,"column":0},"end":{"line":154,"column":35}}},"fnMap":{"0":{"name":"(anonymous_0)","decl":{"start":{"line":13,"column":2},"end":{"line":13,"column":3}},"loc":{"start":{"line":13,"column":36},"end":{"line":82,"column":3}},"line":13},"1":{"name":"(anonymous_1)","decl":{"start":{"line":68,"column":33},"end":{"line":68,"column":34}},"loc":{"start":{"line":68,"column":56},"end":{"line":81,"column":5}},"line":68},"2":{"name":"(anonymous_2)","decl":{"start":{"line":84,"column":2},"end":{"line":84,"column":3}},"loc":{"start":{"line":84,"column":40},"end":{"line":134,"column":3}},"line":84},"3":{"name":"(anonymous_3)","decl":{"start":{"line":86,"column":33},"end":{"line":86,"column":34}},"loc":{"start":{"line":86,"column":56},"end":{"line":133,"column":5}},"line":86},"4":{"name":"(anonymous_4)","decl":{"start":{"line":136,"column":2},"end":{"line":136,"column":3}},"loc":{"start":{"line":136,"column":26},"end":{"line":151,"column":3}},"line":136}},"branchMap":{"0":{"loc":{"start":{"line":16,"column":4},"end":{"line":26,"column":5}},"type":"if","locations":[{"start":{"line":16,"column":4},"end":{"line":26,"column":5}},{"start":{},"end":{}}],"line":16},"1":{"loc":{"start":{"line":16,"column":8},"end":{"line":16,"column":31}},"type":"binary-expr","locations":[{"start":{"line":16,"column":8},"end":{"line":16,"column":13}},{"start":{"line":16,"column":17},"end":{"line":16,"column":31}}],"line":16},"2":{"loc":{"start":{"line":29,"column":4},"end":{"line":39,"column":5}},"type":"if","locations":[{"start":{"line":29,"column":4},"end":{"line":39,"column":5}},{"start":{},"end":{}}],"line":29},"3":{"loc":{"start":{"line":41,"column":4},"end":{"line":51,"column":5}},"type":"if","locations":[{"start":{"line":41,"column":4},"end":{"line":51,"column":5}},{"start":{},"end":{}}],"line":41},"4":{"loc":{"start":{"line":53,"column":4},"end":{"line":66,"column":5}},"type":"if","locations":[{"start":{"line":53,"column":4},"end":{"line":66,"column":5}},{"start":{},"end":{}}],"line":53},"5":{"loc":{"start":{"line":89,"column":6},"end":{"line":100,"column":7}},"type":"if","locations":[{"start":{"line":89,"column":6},"end":{"line":100,"column":7}},{"start":{},"end":{}}],"line":89},"6":{"loc":{"start":{"line":102,"column":6},"end":{"line":119,"column":7}},"type":"if","locations":[{"start":{"line":102,"column":6},"end":{"line":119,"column":7}},{"start":{},"end":{}}],"line":102},"7":{"loc":{"start":{"line":140,"column":12},"end":{"line":140,"column":37}},"type":"binary-expr","locations":[{"start":{"line":140,"column":12},"end":{"line":140,"column":26}},{"start":{"line":140,"column":30},"end":{"line":140,"column":37}}],"line":140}},"s":{"0":2,"1":2,"2":2,"3":4,"4":4,"5":1,"6":1,"7":1,"8":3,"9":3,"10":1,"11":1,"12":1,"13":2,"14":1,"15":1,"16":1,"17":1,"18":0,"19":0,"20":0,"21":1,"22":1,"23":1,"24":1,"25":2,"26":2,"27":2,"28":2,"29":1,"30":1,"31":1,"32":1,"33":1,"34":1,"35":1,"36":1,"37":1,"38":2,"39":2,"40":2,"41":2,"42":2},"f":{"0":4,"1":1,"2":2,"3":2,"4":2},"b":{"0":[1,3],"1":[4,3],"2":[1,2],"3":[1,1],"4":[0,1],"5":[1,1],"6":[1,0],"7":[2,0]},"_coverageSchema":"1a1c01bbd47fc00a2c39e90264f33305004495a9","hash":"2d42fe6223e60004f07cbeae4eb29ce829abe48f"}
,"/Users/sb/Documents/Web_Project_2026/AH-Web-Company/ah-webapp-2026/server/src/services/index.js": {"path":"/Users/sb/Documents/Web_Project_2026/AH-Web-Company/ah-webapp-2026/server/src/services/index.js","statementMap":{"0":{"start":{"line":1,"column":20},"end":{"line":1,"column":45}},"1":{"start":{"line":3,"column":0},"end":{"line":5,"column":2}}},"fnMap":{},"branchMap":{},"s":{"0":1,"1":1},"f":{},"b":{},"_coverageSchema":"1a1c01bbd47fc00a2c39e90264f33305004495a9","hash":"e8a048a0602d2e3c782c710a5a1d264414c8a9ee"}
,"/Users/sb/Documents/Web_Project_2026/AH-Web-Company/ah-webapp-2026/server/src/utils/app-error.helper.js": {"path":"/Users/sb/Documents/Web_Project_2026/AH-Web-Company/ah-webapp-2026/server/src/utils/app-error.helper.js","statementMap":{"0":{"start":{"line":3,"column":4},"end":{"line":3,"column":19}},"1":{"start":{"line":4,"column":4},"end":{"line":4,"column":33}},"2":{"start":{"line":5,"column":4},"end":{"line":5,"column":69}},"3":{"start":{"line":6,"column":4},"end":{"line":6,"column":30}},"4":{"start":{"line":8,"column":4},"end":{"line":8,"column":52}},"5":{"start":{"line":12,"column":0},"end":{"line":12,"column":26}}},"fnMap":{"0":{"name":"(anonymous_0)","decl":{"start":{"line":2,"column":2},"end":{"line":2,"column":3}},"loc":{"start":{"line":2,"column":35},"end":{"line":9,"column":3}},"line":2}},"branchMap":{"0":{"loc":{"start":{"line":5,"column":18},"end":{"line":5,"column":68}},"type":"cond-expr","locations":[{"start":{"line":5,"column":52},"end":{"line":5,"column":58}},{"start":{"line":5,"column":61},"end":{"line":5,"column":68}}],"line":5}},"s":{"0":9,"1":9,"2":9,"3":9,"4":9,"5":12},"f":{"0":9},"b":{"0":[6,3]},"_coverageSchema":"1a1c01bbd47fc00a2c39e90264f33305004495a9","hash":"c2e3dcf07d6c36e93775c179ba005a81227b1802"}
,"/Users/sb/Documents/Web_Project_2026/AH-Web-Company/ah-webapp-2026/server/src/utils/bcrypt.helper.js": {"path":"/Users/sb/Documents/Web_Project_2026/AH-Web-Company/ah-webapp-2026/server/src/utils/bcrypt.helper.js","statementMap":{"0":{"start":{"line":1,"column":15},"end":{"line":1,"column":34}},"1":{"start":{"line":6,"column":21},"end":{"line":8,"column":1}},"2":{"start":{"line":7,"column":2},"end":{"line":7,"column":41}},"3":{"start":{"line":13,"column":24},"end":{"line":15,"column":1}},"4":{"start":{"line":14,"column":2},"end":{"line":14,"column":61}},"5":{"start":{"line":17,"column":0},"end":{"line":20,"column":2}}},"fnMap":{"0":{"name":"(anonymous_0)","decl":{"start":{"line":6,"column":21},"end":{"line":6,"column":22}},"loc":{"start":{"line":6,"column":41},"end":{"line":8,"column":1}},"line":6},"1":{"name":"(anonymous_1)","decl":{"start":{"line":13,"column":24},"end":{"line":13,"column":25}},"loc":{"start":{"line":13,"column":65},"end":{"line":15,"column":1}},"line":13}},"branchMap":{},"s":{"0":11,"1":11,"2":6,"3":11,"4":3,"5":11},"f":{"0":6,"1":3},"b":{},"_coverageSchema":"1a1c01bbd47fc00a2c39e90264f33305004495a9","hash":"4796c06e24278e72eadb208042ecc04836576415"}
,"/Users/sb/Documents/Web_Project_2026/AH-Web-Company/ah-webapp-2026/server/src/utils/delay.helper.js": {"path":"/Users/sb/Documents/Web_Project_2026/AH-Web-Company/ah-webapp-2026/server/src/utils/delay.helper.js","statementMap":{"0":{"start":{"line":1,"column":14},"end":{"line":8,"column":1}},"1":{"start":{"line":3,"column":2},"end":{"line":5,"column":3}},"2":{"start":{"line":4,"column":4},"end":{"line":4,"column":29}},"3":{"start":{"line":7,"column":2},"end":{"line":7,"column":59}},"4":{"start":{"line":7,"column":34},"end":{"line":7,"column":57}},"5":{"start":{"line":10,"column":0},"end":{"line":10,"column":23}}},"fnMap":{"0":{"name":"(anonymous_0)","decl":{"start":{"line":1,"column":14},"end":{"line":1,"column":15}},"loc":{"start":{"line":1,"column":28},"end":{"line":8,"column":1}},"line":1},"1":{"name":"(anonymous_1)","decl":{"start":{"line":7,"column":21},"end":{"line":7,"column":22}},"loc":{"start":{"line":7,"column":34},"end":{"line":7,"column":57}},"line":7}},"branchMap":{"0":{"loc":{"start":{"line":1,"column":15},"end":{"line":1,"column":23}},"type":"default-arg","locations":[{"start":{"line":1,"column":20},"end":{"line":1,"column":23}}],"line":1},"1":{"loc":{"start":{"line":3,"column":2},"end":{"line":5,"column":3}},"type":"if","locations":[{"start":{"line":3,"column":2},"end":{"line":5,"column":3}},{"start":{},"end":{}}],"line":3}},"s":{"0":11,"1":0,"2":0,"3":0,"4":0,"5":11},"f":{"0":0,"1":0},"b":{"0":[0],"1":[0,0]},"_coverageSchema":"1a1c01bbd47fc00a2c39e90264f33305004495a9","hash":"3b917de4ae795c9ee3de0d9930e4c9c70424183c"}
,"/Users/sb/Documents/Web_Project_2026/AH-Web-Company/ah-webapp-2026/server/src/utils/device.helper.js": {"path":"/Users/sb/Documents/Web_Project_2026/AH-Web-Company/ah-webapp-2026/server/src/utils/device.helper.js","statementMap":{"0":{"start":{"line":1,"column":28},"end":{"line":22,"column":1}},"1":{"start":{"line":2,"column":2},"end":{"line":2,"column":42}},"2":{"start":{"line":2,"column":18},"end":{"line":2,"column":42}},"3":{"start":{"line":4,"column":13},"end":{"line":4,"column":36}},"4":{"start":{"line":7,"column":11},"end":{"line":7,"column":23}},"5":{"start":{"line":8,"column":2},"end":{"line":12,"column":68}},"6":{"start":{"line":8,"column":30},"end":{"line":8,"column":45}},"7":{"start":{"line":9,"column":7},"end":{"line":12,"column":68}},"8":{"start":{"line":9,"column":37},"end":{"line":9,"column":50}},"9":{"start":{"line":10,"column":7},"end":{"line":12,"column":68}},"10":{"start":{"line":10,"column":33},"end":{"line":10,"column":46}},"11":{"start":{"line":11,"column":7},"end":{"line":12,"column":68}},"12":{"start":{"line":11,"column":35},"end":{"line":11,"column":50}},"13":{"start":{"line":12,"column":7},"end":{"line":12,"column":68}},"14":{"start":{"line":12,"column":57},"end":{"line":12,"column":68}},"15":{"start":{"line":15,"column":16},"end":{"line":15,"column":33}},"16":{"start":{"line":16,"column":2},"end":{"line":19,"column":49}},"17":{"start":{"line":16,"column":29},"end":{"line":16,"column":48}},"18":{"start":{"line":17,"column":7},"end":{"line":19,"column":49}},"19":{"start":{"line":17,"column":60},"end":{"line":17,"column":79}},"20":{"start":{"line":18,"column":7},"end":{"line":19,"column":49}},"21":{"start":{"line":18,"column":35},"end":{"line":18,"column":55}},"22":{"start":{"line":19,"column":7},"end":{"line":19,"column":49}},"23":{"start":{"line":19,"column":32},"end":{"line":19,"column":49}},"24":{"start":{"line":21,"column":2},"end":{"line":21,"column":31}},"25":{"start":{"line":24,"column":0},"end":{"line":24,"column":41}}},"fnMap":{"0":{"name":"(anonymous_0)","decl":{"start":{"line":1,"column":28},"end":{"line":1,"column":29}},"loc":{"start":{"line":1,"column":43},"end":{"line":22,"column":1}},"line":1}},"branchMap":{"0":{"loc":{"start":{"line":2,"column":2},"end":{"line":2,"column":42}},"type":"if","locations":[{"start":{"line":2,"column":2},"end":{"line":2,"column":42}},{"start":{},"end":{}}],"line":2},"1":{"loc":{"start":{"line":8,"column":2},"end":{"line":12,"column":68}},"type":"if","locations":[{"start":{"line":8,"column":2},"end":{"line":12,"column":68}},{"start":{"line":9,"column":7},"end":{"line":12,"column":68}}],"line":8},"2":{"loc":{"start":{"line":9,"column":7},"end":{"line":12,"column":68}},"type":"if","locations":[{"start":{"line":9,"column":7},"end":{"line":12,"column":68}},{"start":{"line":10,"column":7},"end":{"line":12,"column":68}}],"line":9},"3":{"loc":{"start":{"line":10,"column":7},"end":{"line":12,"column":68}},"type":"if","locations":[{"start":{"line":10,"column":7},"end":{"line":12,"column":68}},{"start":{"line":11,"column":7},"end":{"line":12,"column":68}}],"line":10},"4":{"loc":{"start":{"line":11,"column":7},"end":{"line":12,"column":68}},"type":"if","locations":[{"start":{"line":11,"column":7},"end":{"line":12,"column":68}},{"start":{"line":12,"column":7},"end":{"line":12,"column":68}}],"line":11},"5":{"loc":{"start":{"line":12,"column":7},"end":{"line":12,"column":68}},"type":"if","locations":[{"start":{"line":12,"column":7},"end":{"line":12,"column":68}},{"start":{},"end":{}}],"line":12},"6":{"loc":{"start":{"line":12,"column":11},"end":{"line":12,"column":55}},"type":"binary-expr","locations":[{"start":{"line":12,"column":11},"end":{"line":12,"column":32}},{"start":{"line":12,"column":36},"end":{"line":12,"column":55}}],"line":12},"7":{"loc":{"start":{"line":16,"column":2},"end":{"line":19,"column":49}},"type":"if","locations":[{"start":{"line":16,"column":2},"end":{"line":19,"column":49}},{"start":{"line":17,"column":7},"end":{"line":19,"column":49}}],"line":16},"8":{"loc":{"start":{"line":17,"column":7},"end":{"line":19,"column":49}},"type":"if","locations":[{"start":{"line":17,"column":7},"end":{"line":19,"column":49}},{"start":{"line":18,"column":7},"end":{"line":19,"column":49}}],"line":17},"9":{"loc":{"start":{"line":17,"column":11},"end":{"line":17,"column":58}},"type":"binary-expr","locations":[{"start":{"line":17,"column":11},"end":{"line":17,"column":32}},{"start":{"line":17,"column":36},"end":{"line":17,"column":58}}],"line":17},"10":{"loc":{"start":{"line":18,"column":7},"end":{"line":19,"column":49}},"type":"if","locations":[{"start":{"line":18,"column":7},"end":{"line":19,"column":49}},{"start":{"line":19,"column":7},"end":{"line":19,"column":49}}],"line":18},"11":{"loc":{"start":{"line":19,"column":7},"end":{"line":19,"column":49}},"type":"if","locations":[{"start":{"line":19,"column":7},"end":{"line":19,"column":49}},{"start":{},"end":{}}],"line":19}},"s":{"0":11,"1":1,"2":0,"3":1,"4":1,"5":1,"6":0,"7":1,"8":1,"9":0,"10":0,"11":0,"12":0,"13":0,"14":0,"15":1,"16":1,"17":1,"18":0,"19":0,"20":0,"21":0,"22":0,"23":0,"24":1,"25":11},"f":{"0":1},"b":{"0":[0,1],"1":[0,1],"2":[1,0],"3":[0,0],"4":[0,0],"5":[0,0],"6":[0,0],"7":[1,0],"8":[0,0],"9":[0,0],"10":[0,0],"11":[0,0]},"_coverageSchema":"1a1c01bbd47fc00a2c39e90264f33305004495a9","hash":"7663480fe1eebe2c80df8669c49ea0b310ee9d44"}
,"/Users/sb/Documents/Web_Project_2026/AH-Web-Company/ah-webapp-2026/server/src/utils/google-auth.helper.js": {"path":"/Users/sb/Documents/Web_Project_2026/AH-Web-Company/ah-webapp-2026/server/src/utils/google-auth.helper.js","statementMap":{"0":{"start":{"line":1,"column":25},"end":{"line":1,"column":55}},"1":{"start":{"line":2,"column":15},"end":{"line":2,"column":61}},"2":{"start":{"line":3,"column":17},"end":{"line":3,"column":46}},"3":{"start":{"line":5,"column":26},"end":{"line":16,"column":1}},"4":{"start":{"line":6,"column":2},"end":{"line":15,"column":3}},"5":{"start":{"line":7,"column":19},"end":{"line":10,"column":6}},"6":{"start":{"line":11,"column":20},"end":{"line":11,"column":39}},"7":{"start":{"line":12,"column":4},"end":{"line":12,"column":19}},"8":{"start":{"line":14,"column":4},"end":{"line":14,"column":52}},"9":{"start":{"line":18,"column":0},"end":{"line":20,"column":2}}},"fnMap":{"0":{"name":"(anonymous_0)","decl":{"start":{"line":5,"column":26},"end":{"line":5,"column":27}},"loc":{"start":{"line":5,"column":43},"end":{"line":16,"column":1}},"line":5}},"branchMap":{},"s":{"0":11,"1":11,"2":11,"3":11,"4":0,"5":0,"6":0,"7":0,"8":0,"9":11},"f":{"0":0},"b":{},"_coverageSchema":"1a1c01bbd47fc00a2c39e90264f33305004495a9","hash":"70758ebfaebac7125b9e347fa3f1ad30561e1849"}
,"/Users/sb/Documents/Web_Project_2026/AH-Web-Company/ah-webapp-2026/server/src/utils/index.js": {"path":"/Users/sb/Documents/Web_Project_2026/AH-Web-Company/ah-webapp-2026/server/src/utils/index.js","statementMap":{"0":{"start":{"line":1,"column":17},"end":{"line":1,"column":46}},"1":{"start":{"line":2,"column":22},"end":{"line":2,"column":56}},"2":{"start":{"line":3,"column":26},"end":{"line":3,"column":61}},"3":{"start":{"line":4,"column":42},"end":{"line":4,"column":68}},"4":{"start":{"line":10,"column":4},"end":{"line":10,"column":27}},"5":{"start":{"line":11,"column":28},"end":{"line":11,"column":59}},"6":{"start":{"line":12,"column":14},"end":{"line":12,"column":39}},"7":{"start":{"line":13,"column":30},"end":{"line":13,"column":61}},"8":{"start":{"line":14,"column":32},"end":{"line":14,"column":58}},"9":{"start":{"line":16,"column":0},"end":{"line":30,"column":2}}},"fnMap":{},"branchMap":{},"s":{"0":11,"1":11,"2":11,"3":11,"4":11,"5":11,"6":11,"7":11,"8":11,"9":11},"f":{},"b":{},"_coverageSchema":"1a1c01bbd47fc00a2c39e90264f33305004495a9","hash":"c5d2462c6be26830b5e1774bc730a414c575cd8a"}
,"/Users/sb/Documents/Web_Project_2026/AH-Web-Company/ah-webapp-2026/server/src/utils/jwt.helper.js": {"path":"/Users/sb/Documents/Web_Project_2026/AH-Web-Company/ah-webapp-2026/server/src/utils/jwt.helper.js","statementMap":{"0":{"start":{"line":1,"column":12},"end":{"line":1,"column":35}},"1":{"start":{"line":3,"column":28},"end":{"line":7,"column":1}},"2":{"start":{"line":4,"column":2},"end":{"line":6,"column":5}},"3":{"start":{"line":9,"column":29},"end":{"line":13,"column":1}},"4":{"start":{"line":10,"column":2},"end":{"line":12,"column":5}},"5":{"start":{"line":18,"column":26},"end":{"line":20,"column":1}},"6":{"start":{"line":19,"column":2},"end":{"line":19,"column":58}},"7":{"start":{"line":25,"column":27},"end":{"line":27,"column":1}},"8":{"start":{"line":26,"column":2},"end":{"line":26,"column":59}},"9":{"start":{"line":29,"column":0},"end":{"line":34,"column":2}}},"fnMap":{"0":{"name":"(anonymous_0)","decl":{"start":{"line":3,"column":28},"end":{"line":3,"column":29}},"loc":{"start":{"line":3,"column":41},"end":{"line":7,"column":1}},"line":3},"1":{"name":"(anonymous_1)","decl":{"start":{"line":9,"column":29},"end":{"line":9,"column":30}},"loc":{"start":{"line":9,"column":42},"end":{"line":13,"column":1}},"line":9},"2":{"name":"(anonymous_2)","decl":{"start":{"line":18,"column":26},"end":{"line":18,"column":27}},"loc":{"start":{"line":18,"column":37},"end":{"line":20,"column":1}},"line":18},"3":{"name":"(anonymous_3)","decl":{"start":{"line":25,"column":27},"end":{"line":25,"column":28}},"loc":{"start":{"line":25,"column":38},"end":{"line":27,"column":1}},"line":25}},"branchMap":{},"s":{"0":12,"1":12,"2":5,"3":12,"4":4,"5":12,"6":3,"7":12,"8":2,"9":12},"f":{"0":5,"1":4,"2":3,"3":2},"b":{},"_coverageSchema":"1a1c01bbd47fc00a2c39e90264f33305004495a9","hash":"d68b32facca2c600aeab800dcab6812cdc802064"}
,"/Users/sb/Documents/Web_Project_2026/AH-Web-Company/ah-webapp-2026/server/src/utils/normalize-port.helper.js": {"path":"/Users/sb/Documents/Web_Project_2026/AH-Web-Company/ah-webapp-2026/server/src/utils/normalize-port.helper.js","statementMap":{"0":{"start":{"line":1,"column":22},"end":{"line":6,"column":1}},"1":{"start":{"line":2,"column":15},"end":{"line":2,"column":32}},"2":{"start":{"line":3,"column":2},"end":{"line":3,"column":30}},"3":{"start":{"line":3,"column":19},"end":{"line":3,"column":30}},"4":{"start":{"line":4,"column":2},"end":{"line":4,"column":29}},"5":{"start":{"line":4,"column":17},"end":{"line":4,"column":29}},"6":{"start":{"line":5,"column":2},"end":{"line":5,"column":15}},"7":{"start":{"line":8,"column":0},"end":{"line":8,"column":31}}},"fnMap":{"0":{"name":"(anonymous_0)","decl":{"start":{"line":1,"column":22},"end":{"line":1,"column":23}},"loc":{"start":{"line":1,"column":31},"end":{"line":6,"column":1}},"line":1}},"branchMap":{"0":{"loc":{"start":{"line":3,"column":2},"end":{"line":3,"column":30}},"type":"if","locations":[{"start":{"line":3,"column":2},"end":{"line":3,"column":30}},{"start":{},"end":{}}],"line":3},"1":{"loc":{"start":{"line":4,"column":2},"end":{"line":4,"column":29}},"type":"if","locations":[{"start":{"line":4,"column":2},"end":{"line":4,"column":29}},{"start":{},"end":{}}],"line":4}},"s":{"0":11,"1":3,"2":3,"3":1,"4":2,"5":1,"6":1,"7":11},"f":{"0":3},"b":{"0":[1,2],"1":[1,1]},"_coverageSchema":"1a1c01bbd47fc00a2c39e90264f33305004495a9","hash":"eb660a4d2747fad7c7c0022a0363e73614f89bd8"}
,"/Users/sb/Documents/Web_Project_2026/AH-Web-Company/ah-webapp-2026/server/src/utils/server-handlers.helper.js": {"path":"/Users/sb/Documents/Web_Project_2026/AH-Web-Company/ah-webapp-2026/server/src/utils/server-handlers.helper.js","statementMap":{"0":{"start":{"line":1,"column":22},"end":{"line":17,"column":1}},"1":{"start":{"line":2,"column":2},"end":{"line":2,"column":46}},"2":{"start":{"line":2,"column":34},"end":{"line":2,"column":46}},"3":{"start":{"line":3,"column":15},"end":{"line":3,"column":73}},"4":{"start":{"line":5,"column":2},"end":{"line":16,"column":3}},"5":{"start":{"line":7,"column":6},"end":{"line":7,"column":60}},"6":{"start":{"line":8,"column":6},"end":{"line":8,"column":22}},"7":{"start":{"line":9,"column":6},"end":{"line":9,"column":12}},"8":{"start":{"line":11,"column":6},"end":{"line":11,"column":49}},"9":{"start":{"line":12,"column":6},"end":{"line":12,"column":22}},"10":{"start":{"line":13,"column":6},"end":{"line":13,"column":12}},"11":{"start":{"line":15,"column":6},"end":{"line":15,"column":18}},"12":{"start":{"line":19,"column":0},"end":{"line":19,"column":35}}},"fnMap":{"0":{"name":"(anonymous_0)","decl":{"start":{"line":1,"column":22},"end":{"line":1,"column":23}},"loc":{"start":{"line":1,"column":39},"end":{"line":17,"column":1}},"line":1}},"branchMap":{"0":{"loc":{"start":{"line":2,"column":2},"end":{"line":2,"column":46}},"type":"if","locations":[{"start":{"line":2,"column":2},"end":{"line":2,"column":46}},{"start":{},"end":{}}],"line":2},"1":{"loc":{"start":{"line":3,"column":15},"end":{"line":3,"column":73}},"type":"cond-expr","locations":[{"start":{"line":3,"column":42},"end":{"line":3,"column":56}},{"start":{"line":3,"column":59},"end":{"line":3,"column":73}}],"line":3},"2":{"loc":{"start":{"line":5,"column":2},"end":{"line":16,"column":3}},"type":"switch","locations":[{"start":{"line":6,"column":4},"end":{"line":9,"column":12}},{"start":{"line":10,"column":4},"end":{"line":13,"column":12}},{"start":{"line":14,"column":4},"end":{"line":15,"column":18}}],"line":5}},"s":{"0":11,"1":0,"2":0,"3":0,"4":0,"5":0,"6":0,"7":0,"8":0,"9":0,"10":0,"11":0,"12":11},"f":{"0":0},"b":{"0":[0,0],"1":[0,0],"2":[0,0,0]},"_coverageSchema":"1a1c01bbd47fc00a2c39e90264f33305004495a9","hash":"299494af9530f5f1761161559d9450b7bc4970eb"}
,"/Users/sb/Documents/Web_Project_2026/AH-Web-Company/ah-webapp-2026/server/src/utils/transaction.helper.js": {"path":"/Users/sb/Documents/Web_Project_2026/AH-Web-Company/ah-webapp-2026/server/src/utils/transaction.helper.js","statementMap":{"0":{"start":{"line":2,"column":17},"end":{"line":2,"column":46}},"1":{"start":{"line":4,"column":24},"end":{"line":37,"column":1}},"2":{"start":{"line":6,"column":2},"end":{"line":8,"column":3}},"3":{"start":{"line":7,"column":4},"end":{"line":7,"column":33}},"4":{"start":{"line":12,"column":13},"end":{"line":12,"column":33}},"5":{"start":{"line":13,"column":20},"end":{"line":13,"column":32}},"6":{"start":{"line":15,"column":2},"end":{"line":20,"column":3}},"7":{"start":{"line":16,"column":4},"end":{"line":19,"column":6}},"8":{"start":{"line":23,"column":12},"end":{"line":23,"column":41}},"9":{"start":{"line":25,"column":2},"end":{"line":36,"column":3}},"10":{"start":{"line":26,"column":19},"end":{"line":26,"column":36}},"11":{"start":{"line":27,"column":4},"end":{"line":27,"column":21}},"12":{"start":{"line":28,"column":4},"end":{"line":28,"column":18}},"13":{"start":{"line":30,"column":4},"end":{"line":30,"column":30}},"14":{"start":{"line":30,"column":11},"end":{"line":30,"column":30}},"15":{"start":{"line":32,"column":4},"end":{"line":35,"column":6}},"16":{"start":{"line":39,"column":0},"end":{"line":39,"column":37}}},"fnMap":{"0":{"name":"(anonymous_0)","decl":{"start":{"line":4,"column":24},"end":{"line":4,"column":25}},"loc":{"start":{"line":4,"column":64},"end":{"line":37,"column":1}},"line":4}},"branchMap":{"0":{"loc":{"start":{"line":4,"column":41},"end":{"line":4,"column":59}},"type":"default-arg","locations":[{"start":{"line":4,"column":55},"end":{"line":4,"column":59}}],"line":4},"1":{"loc":{"start":{"line":6,"column":2},"end":{"line":8,"column":3}},"type":"if","locations":[{"start":{"line":6,"column":2},"end":{"line":8,"column":3}},{"start":{},"end":{}}],"line":6},"2":{"loc":{"start":{"line":15,"column":2},"end":{"line":20,"column":3}},"type":"if","locations":[{"start":{"line":15,"column":2},"end":{"line":20,"column":3}},{"start":{},"end":{}}],"line":15},"3":{"loc":{"start":{"line":30,"column":4},"end":{"line":30,"column":30}},"type":"if","locations":[{"start":{"line":30,"column":4},"end":{"line":30,"column":30}},{"start":{},"end":{}}],"line":30},"4":{"loc":{"start":{"line":33,"column":6},"end":{"line":33,"column":43}},"type":"binary-expr","locations":[{"start":{"line":33,"column":6},"end":{"line":33,"column":19}},{"start":{"line":33,"column":23},"end":{"line":33,"column":43}}],"line":33},"5":{"loc":{"start":{"line":34,"column":6},"end":{"line":34,"column":29}},"type":"binary-expr","locations":[{"start":{"line":34,"column":6},"end":{"line":34,"column":22}},{"start":{"line":34,"column":26},"end":{"line":34,"column":29}}],"line":34}},"s":{"0":12,"1":12,"2":4,"3":1,"4":3,"5":3,"6":3,"7":1,"8":2,"9":2,"10":2,"11":1,"12":1,"13":1,"14":1,"15":1,"16":12},"f":{"0":4},"b":{"0":[3],"1":[1,3],"2":[1,2],"3":[1,0],"4":[1,0],"5":[1,1]},"_coverageSchema":"1a1c01bbd47fc00a2c39e90264f33305004495a9","hash":"5c77b48deb419e9150e71c65e848f146ea2fb7c3"}
,"/Users/sb/Documents/Web_Project_2026/AH-Web-Company/ah-webapp-2026/server/src/validators/auth.validator.js": {"path":"/Users/sb/Documents/Web_Project_2026/AH-Web-Company/ah-webapp-2026/server/src/validators/auth.validator.js","statementMap":{"0":{"start":{"line":1,"column":14},"end":{"line":1,"column":28}},"1":{"start":{"line":3,"column":20},"end":{"line":17,"column":2}},"2":{"start":{"line":19,"column":0},"end":{"line":19,"column":33}}},"fnMap":{},"branchMap":{},"s":{"0":1,"1":1,"2":1},"f":{},"b":{},"_coverageSchema":"1a1c01bbd47fc00a2c39e90264f33305004495a9","hash":"89084e6faa96b4114fac30378bf6e97c3ca9d429"}
,"/Users/sb/Documents/Web_Project_2026/AH-Web-Company/ah-webapp-2026/server/src/validators/index.js": {"path":"/Users/sb/Documents/Web_Project_2026/AH-Web-Company/ah-webapp-2026/server/src/validators/index.js","statementMap":{"0":{"start":{"line":1,"column":24},"end":{"line":1,"column":51}},"1":{"start":{"line":3,"column":0},"end":{"line":5,"column":2}}},"fnMap":{},"branchMap":{},"s":{"0":1,"1":1},"f":{},"b":{},"_coverageSchema":"1a1c01bbd47fc00a2c39e90264f33305004495a9","hash":"56ee1a8c6180f0a728e68780f5a0dcfa7cfed43f"}
}
