{"/Users/sb/Documents/Web_Project_2026/AH-Web-Company/ah-webapp-2026/server/src/app.js": {"path":"/Users/sb/Documents/Web_Project_2026/AH-Web-Company/ah-webapp-2026/server/src/app.js","statementMap":{"0":{"start":{"line":1,"column":0},"end":{"line":4,"column":3}},"1":{"start":{"line":6,"column":16},"end":{"line":6,"column":34}},"2":{"start":{"line":7,"column":13},"end":{"line":7,"column":28}},"3":{"start":{"line":8,"column":21},"end":{"line":8,"column":45}},"4":{"start":{"line":9,"column":40},"end":{"line":9,"column":64}},"5":{"start":{"line":10,"column":17},"end":{"line":10,"column":52}},"6":{"start":{"line":12,"column":12},"end":{"line":12,"column":21}},"7":{"start":{"line":13,"column":15},"end":{"line":13,"column":35}},"8":{"start":{"line":16,"column":0},"end":{"line":20,"column":1}},"9":{"start":{"line":17,"column":2},"end":{"line":17,"column":32}},"10":{"start":{"line":19,"column":2},"end":{"line":19,"column":31}},"11":{"start":{"line":21,"column":0},"end":{"line":21,"column":16}},"12":{"start":{"line":22,"column":0},"end":{"line":22,"column":24}},"13":{"start":{"line":23,"column":0},"end":{"line":23,"column":48}},"14":{"start":{"line":24,"column":0},"end":{"line":24,"column":24}},"15":{"start":{"line":27,"column":0},"end":{"line":29,"column":2}},"16":{"start":{"line":28,"column":2},"end":{"line":28,"column":75}},"17":{"start":{"line":32,"column":0},"end":{"line":32,"column":39}},"18":{"start":{"line":35,"column":0},"end":{"line":37,"column":3}},"19":{"start":{"line":36,"column":2},"end":{"line":36,"column":75}},"20":{"start":{"line":40,"column":0},"end":{"line":40,"column":22}},"21":{"start":{"line":42,"column":0},"end":{"line":42,"column":21}}},"fnMap":{"0":{"name":"(anonymous_0)","decl":{"start":{"line":27,"column":13},"end":{"line":27,"column":14}},"loc":{"start":{"line":28,"column":2},"end":{"line":28,"column":75}},"line":28},"1":{"name":"(anonymous_1)","decl":{"start":{"line":35,"column":8},"end":{"line":35,"column":9}},"loc":{"start":{"line":35,"column":28},"end":{"line":37,"column":1}},"line":35}},"branchMap":{"0":{"loc":{"start":{"line":2,"column":8},"end":{"line":2,"column":62}},"type":"cond-expr","locations":[{"start":{"line":2,"column":42},"end":{"line":2,"column":53}},{"start":{"line":2,"column":56},"end":{"line":2,"column":62}}],"line":2},"1":{"loc":{"start":{"line":16,"column":0},"end":{"line":20,"column":1}},"type":"if","locations":[{"start":{"line":16,"column":0},"end":{"line":20,"column":1}},{"start":{"line":18,"column":7},"end":{"line":20,"column":1}}],"line":16}},"s":{"0":2,"1":2,"2":2,"3":2,"4":2,"5":2,"6":2,"7":2,"8":2,"9":2,"10":0,"11":2,"12":2,"13":2,"14":2,"15":2,"16":1,"17":2,"18":2,"19":1,"20":2,"21":2},"f":{"0":1,"1":1},"b":{"0":[2,0],"1":[2,0]},"_coverageSchema":"1a1c01bbd47fc00a2c39e90264f33305004495a9","hash":"40cd12431236072ba5039cc98141f0a98613415b"}
,"/Users/sb/Documents/Web_Project_2026/AH-Web-Company/ah-webapp-2026/server/src/config/config.js": {"path":"/Users/sb/Documents/Web_Project_2026/AH-Web-Company/ah-webapp-2026/server/src/config/config.js","statementMap":{"0":{"start":{"line":1,"column":0},"end":{"line":4,"column":3}},"1":{"start":{"line":5,"column":0},"end":{"line":28,"column":2}}},"fnMap":{},"branchMap":{"0":{"loc":{"start":{"line":2,"column":8},"end":{"line":2,"column":62}},"type":"cond-expr","locations":[{"start":{"line":2,"column":42},"end":{"line":2,"column":53}},{"start":{"line":2,"column":56},"end":{"line":2,"column":62}}],"line":2}},"s":{"0":12,"1":12},"f":{},"b":{"0":[12,0]},"_coverageSchema":"1a1c01bbd47fc00a2c39e90264f33305004495a9","hash":"0e9d8f9233cee195804fceb3d7e918b64995858c"}
,"/Users/sb/Documents/Web_Project_2026/AH-Web-Company/ah-webapp-2026/server/src/config/constants.js": {"path":"/Users/sb/Documents/Web_Project_2026/AH-Web-Company/ah-webapp-2026/server/src/config/constants.js","statementMap":{"0":{"start":{"line":1,"column":14},"end":{"line":5,"column":1}},"1":{"start":{"line":7,"column":13},"end":{"line":18,"column":1}},"2":{"start":{"line":20,"column":0},"end":{"line":20,"column":33}}},"fnMap":{},"branchMap":{},"s":{"0":2,"1":2,"2":2},"f":{},"b":{},"_coverageSchema":"1a1c01bbd47fc00a2c39e90264f33305004495a9","hash":"f03da6bb46dba3aecdd91f75a90a2d29ec274ff3"}
,"/Users/sb/Documents/Web_Project_2026/AH-Web-Company/ah-webapp-2026/server/src/controllers/auth.controller.js": {"path":"/Users/sb/Documents/Web_Project_2026/AH-Web-Company/ah-webapp-2026/server/src/controllers/auth.controller.js","statementMap":{"0":{"start":{"line":1,"column":40},"end":{"line":1,"column":62}},"1":{"start":{"line":2,"column":17},"end":{"line":2,"column":47}},"2":{"start":{"line":3,"column":49},"end":{"line":3,"column":69}},"3":{"start":{"line":7,"column":4},"end":{"line":28,"column":5}},"4":{"start":{"line":8,"column":34},"end":{"line":8,"column":42}},"5":{"start":{"line":9,"column":25},"end":{"line":9,"column":47}},"6":{"start":{"line":10,"column":21},"end":{"line":10,"column":73}},"7":{"start":{"line":13,"column":6},"end":{"line":16,"column":9}},"8":{"start":{"line":18,"column":6},"end":{"line":25,"column":9}},"9":{"start":{"line":27,"column":6},"end":{"line":27,"column":18}},"10":{"start":{"line":35,"column":4},"end":{"line":55,"column":5}},"11":{"start":{"line":36,"column":28},"end":{"line":36,"column":36}},"12":{"start":{"line":37,"column":25},"end":{"line":37,"column":47}},"13":{"start":{"line":39,"column":21},"end":{"line":39,"column":77}},"14":{"start":{"line":41,"column":6},"end":{"line":44,"column":9}},"15":{"start":{"line":46,"column":6},"end":{"line":52,"column":9}},"16":{"start":{"line":54,"column":6},"end":{"line":54,"column":18}},"17":{"start":{"line":59,"column":4},"end":{"line":84,"column":5}},"18":{"start":{"line":60,"column":30},"end":{"line":60,"column":54}},"19":{"start":{"line":61,"column":25},"end":{"line":61,"column":47}},"20":{"start":{"line":62,"column":24},"end":{"line":62,"column":38}},"21":{"start":{"line":64,"column":21},"end":{"line":68,"column":8}},"22":{"start":{"line":71,"column":6},"end":{"line":74,"column":9}},"23":{"start":{"line":76,"column":6},"end":{"line":81,"column":9}},"24":{"start":{"line":83,"column":6},"end":{"line":83,"column":18}},"25":{"start":{"line":88,"column":0},"end":{"line":88,"column":38}}},"fnMap":{"0":{"name":"(anonymous_0)","decl":{"start":{"line":6,"column":2},"end":{"line":6,"column":3}},"loc":{"start":{"line":6,"column":30},"end":{"line":29,"column":3}},"line":6},"1":{"name":"(anonymous_1)","decl":{"start":{"line":34,"column":2},"end":{"line":34,"column":3}},"loc":{"start":{"line":34,"column":36},"end":{"line":56,"column":3}},"line":34},"2":{"name":"(anonymous_2)","decl":{"start":{"line":58,"column":2},"end":{"line":58,"column":3}},"loc":{"start":{"line":58,"column":32},"end":{"line":85,"column":3}},"line":58}},"branchMap":{"0":{"loc":{"start":{"line":62,"column":24},"end":{"line":62,"column":38}},"type":"binary-expr","locations":[{"start":{"line":62,"column":24},"end":{"line":62,"column":32}},{"start":{"line":62,"column":36},"end":{"line":62,"column":38}}],"line":62}},"s":{"0":2,"1":2,"2":2,"3":2,"4":2,"5":2,"6":2,"7":1,"8":1,"9":1,"10":0,"11":0,"12":0,"13":0,"14":0,"15":0,"16":0,"17":1,"18":1,"19":1,"20":1,"21":1,"22":1,"23":1,"24":0,"25":2},"f":{"0":2,"1":0,"2":1},"b":{"0":[1,1]},"_coverageSchema":"1a1c01bbd47fc00a2c39e90264f33305004495a9","hash":"4725201456c24e32a2656e7a6a413b8786841148"}
,"/Users/sb/Documents/Web_Project_2026/AH-Web-Company/ah-webapp-2026/server/src/controllers/index.js": {"path":"/Users/sb/Documents/Web_Project_2026/AH-Web-Company/ah-webapp-2026/server/src/controllers/index.js","statementMap":{"0":{"start":{"line":1,"column":23},"end":{"line":1,"column":51}},"1":{"start":{"line":3,"column":0},"end":{"line":5,"column":2}}},"fnMap":{},"branchMap":{},"s":{"0":2,"1":2},"f":{},"b":{},"_coverageSchema":"1a1c01bbd47fc00a2c39e90264f33305004495a9","hash":"cbd4ecc50dbd88a04f825b3a39f501a35ac69785"}
,"/Users/sb/Documents/Web_Project_2026/AH-Web-Company/ah-webapp-2026/server/src/middlewares/auth.middleware.js": {"path":"/Users/sb/Documents/Web_Project_2026/AH-Web-Company/ah-webapp-2026/server/src/middlewares/auth.middleware.js","statementMap":{"0":{"start":{"line":1,"column":12},"end":{"line":1,"column":35}},"1":{"start":{"line":2,"column":40},"end":{"line":2,"column":59}},"2":{"start":{"line":3,"column":27},"end":{"line":3,"column":53}},"3":{"start":{"line":5,"column":21},"end":{"line":48,"column":1}},"4":{"start":{"line":6,"column":2},"end":{"line":47,"column":3}},"5":{"start":{"line":10,"column":4},"end":{"line":15,"column":5}},"6":{"start":{"line":14,"column":6},"end":{"line":14,"column":54}},"7":{"start":{"line":17,"column":4},"end":{"line":19,"column":5}},"8":{"start":{"line":18,"column":6},"end":{"line":18,"column":62}},"9":{"start":{"line":22,"column":20},"end":{"line":22,"column":68}},"10":{"start":{"line":23,"column":17},"end":{"line":23,"column":58}},"11":{"start":{"line":24,"column":4},"end":{"line":26,"column":5}},"12":{"start":{"line":25,"column":6},"end":{"line":25,"column":48}},"13":{"start":{"line":28,"column":4},"end":{"line":30,"column":5}},"14":{"start":{"line":29,"column":6},"end":{"line":29,"column":78}},"15":{"start":{"line":32,"column":4},"end":{"line":37,"column":6}},"16":{"start":{"line":39,"column":4},"end":{"line":39,"column":11}},"17":{"start":{"line":41,"column":4},"end":{"line":45,"column":5}},"18":{"start":{"line":42,"column":6},"end":{"line":42,"column":54}},"19":{"start":{"line":43,"column":11},"end":{"line":45,"column":5}},"20":{"start":{"line":44,"column":6},"end":{"line":44,"column":54}},"21":{"start":{"line":46,"column":4},"end":{"line":46,"column":14}},"22":{"start":{"line":50,"column":28},"end":{"line":62,"column":1}},"23":{"start":{"line":51,"column":2},"end":{"line":61,"column":3}},"24":{"start":{"line":52,"column":22},"end":{"line":52,"column":30}},"25":{"start":{"line":53,"column":4},"end":{"line":55,"column":5}},"26":{"start":{"line":54,"column":6},"end":{"line":54,"column":54}},"27":{"start":{"line":56,"column":20},"end":{"line":56,"column":50}},"28":{"start":{"line":57,"column":4},"end":{"line":57,"column":29}},"29":{"start":{"line":58,"column":4},"end":{"line":58,"column":11}},"30":{"start":{"line":60,"column":4},"end":{"line":60,"column":16}},"31":{"start":{"line":64,"column":0},"end":{"line":67,"column":2}}},"fnMap":{"0":{"name":"(anonymous_0)","decl":{"start":{"line":5,"column":21},"end":{"line":5,"column":22}},"loc":{"start":{"line":5,"column":47},"end":{"line":48,"column":1}},"line":5},"1":{"name":"(anonymous_1)","decl":{"start":{"line":50,"column":28},"end":{"line":50,"column":29}},"loc":{"start":{"line":50,"column":54},"end":{"line":62,"column":1}},"line":50}},"branchMap":{"0":{"loc":{"start":{"line":10,"column":4},"end":{"line":15,"column":5}},"type":"if","locations":[{"start":{"line":10,"column":4},"end":{"line":15,"column":5}},{"start":{},"end":{}}],"line":10},"1":{"loc":{"start":{"line":11,"column":6},"end":{"line":12,"column":53}},"type":"binary-expr","locations":[{"start":{"line":11,"column":6},"end":{"line":11,"column":31}},{"start":{"line":12,"column":6},"end":{"line":12,"column":53}}],"line":11},"2":{"loc":{"start":{"line":17,"column":4},"end":{"line":19,"column":5}},"type":"if","locations":[{"start":{"line":17,"column":4},"end":{"line":19,"column":5}},{"start":{},"end":{}}],"line":17},"3":{"loc":{"start":{"line":24,"column":4},"end":{"line":26,"column":5}},"type":"if","locations":[{"start":{"line":24,"column":4},"end":{"line":26,"column":5}},{"start":{},"end":{}}],"line":24},"4":{"loc":{"start":{"line":28,"column":4},"end":{"line":30,"column":5}},"type":"if","locations":[{"start":{"line":28,"column":4},"end":{"line":30,"column":5}},{"start":{},"end":{}}],"line":28},"5":{"loc":{"start":{"line":41,"column":4},"end":{"line":45,"column":5}},"type":"if","locations":[{"start":{"line":41,"column":4},"end":{"line":45,"column":5}},{"start":{"line":43,"column":11},"end":{"line":45,"column":5}}],"line":41},"6":{"loc":{"start":{"line":43,"column":11},"end":{"line":45,"column":5}},"type":"if","locations":[{"start":{"line":43,"column":11},"end":{"line":45,"column":5}},{"start":{},"end":{}}],"line":43},"7":{"loc":{"start":{"line":53,"column":4},"end":{"line":55,"column":5}},"type":"if","locations":[{"start":{"line":53,"column":4},"end":{"line":55,"column":5}},{"start":{},"end":{}}],"line":53}},"s":{"0":3,"1":3,"2":3,"3":3,"4":5,"5":5,"6":4,"7":5,"8":1,"9":4,"10":3,"11":3,"12":1,"13":2,"14":1,"15":1,"16":1,"17":4,"18":1,"19":3,"20":0,"21":3,"22":3,"23":3,"24":3,"25":3,"26":1,"27":2,"28":1,"29":1,"30":2,"31":3},"f":{"0":5,"1":3},"b":{"0":[4,1],"1":[5,4],"2":[1,4],"3":[1,2],"4":[1,1],"5":[1,3],"6":[0,3],"7":[1,2]},"_coverageSchema":"1a1c01bbd47fc00a2c39e90264f33305004495a9","hash":"cf1e14c801de105a55733170300c11294cfd9720"}
,"/Users/sb/Documents/Web_Project_2026/AH-Web-Company/ah-webapp-2026/server/src/middlewares/error-handler.middleware.js": {"path":"/Users/sb/Documents/Web_Project_2026/AH-Web-Company/ah-webapp-2026/server/src/middlewares/error-handler.middleware.js","statementMap":{"0":{"start":{"line":1,"column":21},"end":{"line":1,"column":40}},"1":{"start":{"line":2,"column":21},"end":{"line":2,"column":35}},"2":{"start":{"line":5,"column":23},"end":{"line":13,"column":1}},"3":{"start":{"line":6,"column":16},"end":{"line":6,"column":59}},"4":{"start":{"line":7,"column":2},"end":{"line":7,"column":39}},"5":{"start":{"line":8,"column":2},"end":{"line":11,"column":6}},"6":{"start":{"line":8,"column":41},"end":{"line":11,"column":3}},"7":{"start":{"line":12,"column":2},"end":{"line":12,"column":15}},"8":{"start":{"line":16,"column":29},"end":{"line":45,"column":1}},"9":{"start":{"line":17,"column":16},"end":{"line":17,"column":27}},"10":{"start":{"line":18,"column":18},"end":{"line":18,"column":34}},"11":{"start":{"line":19,"column":16},"end":{"line":19,"column":20}},"12":{"start":{"line":21,"column":2},"end":{"line":39,"column":3}},"13":{"start":{"line":25,"column":4},"end":{"line":28,"column":36}},"14":{"start":{"line":29,"column":4},"end":{"line":32,"column":32}},"15":{"start":{"line":35,"column":4},"end":{"line":38,"column":8}},"16":{"start":{"line":35,"column":37},"end":{"line":38,"column":5}},"17":{"start":{"line":41,"column":16},"end":{"line":41,"column":42}},"18":{"start":{"line":42,"column":2},"end":{"line":42,"column":30}},"19":{"start":{"line":43,"column":2},"end":{"line":43,"column":26}},"20":{"start":{"line":44,"column":2},"end":{"line":44,"column":15}},"21":{"start":{"line":48,"column":23},"end":{"line":60,"column":1}},"22":{"start":{"line":49,"column":16},"end":{"line":49,"column":35}},"23":{"start":{"line":50,"column":18},"end":{"line":50,"column":33}},"24":{"start":{"line":52,"column":2},"end":{"line":55,"column":3}},"25":{"start":{"line":53,"column":4},"end":{"line":53,"column":62}},"26":{"start":{"line":54,"column":4},"end":{"line":54,"column":32}},"27":{"start":{"line":57,"column":16},"end":{"line":57,"column":42}},"28":{"start":{"line":58,"column":2},"end":{"line":58,"column":30}},"29":{"start":{"line":59,"column":2},"end":{"line":59,"column":15}},"30":{"start":{"line":63,"column":21},"end":{"line":114,"column":1}},"31":{"start":{"line":64,"column":14},"end":{"line":64,"column":24}},"32":{"start":{"line":65,"column":2},"end":{"line":65,"column":30}},"33":{"start":{"line":66,"column":2},"end":{"line":66,"column":43}},"34":{"start":{"line":69,"column":2},"end":{"line":78,"column":3}},"35":{"start":{"line":70,"column":4},"end":{"line":70,"column":32}},"36":{"start":{"line":71,"column":9},"end":{"line":78,"column":3}},"37":{"start":{"line":72,"column":4},"end":{"line":72,"column":38}},"38":{"start":{"line":73,"column":9},"end":{"line":78,"column":3}},"39":{"start":{"line":77,"column":4},"end":{"line":77,"column":32}},"40":{"start":{"line":82,"column":4},"end":{"line":89,"column":36}},"41":{"start":{"line":92,"column":19},"end":{"line":100,"column":3}},"42":{"start":{"line":103,"column":2},"end":{"line":111,"column":3}},"43":{"start":{"line":104,"column":4},"end":{"line":104,"column":31}},"44":{"start":{"line":105,"column":4},"end":{"line":110,"column":7}},"45":{"start":{"line":113,"column":2},"end":{"line":113,"column":46}},"46":{"start":{"line":116,"column":0},"end":{"line":116,"column":34}}},"fnMap":{"0":{"name":"(anonymous_0)","decl":{"start":{"line":5,"column":23},"end":{"line":5,"column":24}},"loc":{"start":{"line":5,"column":32},"end":{"line":13,"column":1}},"line":5},"1":{"name":"(anonymous_1)","decl":{"start":{"line":8,"column":33},"end":{"line":8,"column":34}},"loc":{"start":{"line":8,"column":41},"end":{"line":11,"column":3}},"line":8},"2":{"name":"(anonymous_2)","decl":{"start":{"line":16,"column":29},"end":{"line":16,"column":30}},"loc":{"start":{"line":16,"column":38},"end":{"line":45,"column":1}},"line":16},"3":{"name":"(anonymous_3)","decl":{"start":{"line":35,"column":29},"end":{"line":35,"column":30}},"loc":{"start":{"line":35,"column":37},"end":{"line":38,"column":5}},"line":35},"4":{"name":"(anonymous_4)","decl":{"start":{"line":48,"column":23},"end":{"line":48,"column":24}},"loc":{"start":{"line":48,"column":32},"end":{"line":60,"column":1}},"line":48},"5":{"name":"(anonymous_5)","decl":{"start":{"line":63,"column":21},"end":{"line":63,"column":22}},"loc":{"start":{"line":63,"column":46},"end":{"line":114,"column":1}},"line":63}},"branchMap":{"0":{"loc":{"start":{"line":21,"column":2},"end":{"line":39,"column":3}},"type":"if","locations":[{"start":{"line":21,"column":2},"end":{"line":39,"column":3}},{"start":{},"end":{}}],"line":21},"1":{"loc":{"start":{"line":22,"column":4},"end":{"line":23,"column":49}},"type":"binary-expr","locations":[{"start":{"line":22,"column":4},"end":{"line":22,"column":43}},{"start":{"line":23,"column":4},"end":{"line":23,"column":49}}],"line":22},"2":{"loc":{"start":{"line":26,"column":6},"end":{"line":28,"column":35}},"type":"cond-expr","locations":[{"start":{"line":27,"column":10},"end":{"line":27,"column":37}},{"start":{"line":28,"column":10},"end":{"line":28,"column":35}}],"line":26},"3":{"loc":{"start":{"line":30,"column":6},"end":{"line":32,"column":31}},"type":"cond-expr","locations":[{"start":{"line":31,"column":10},"end":{"line":31,"column":27}},{"start":{"line":32,"column":10},"end":{"line":32,"column":31}}],"line":30},"4":{"loc":{"start":{"line":52,"column":2},"end":{"line":55,"column":3}},"type":"if","locations":[{"start":{"line":52,"column":2},"end":{"line":55,"column":3}},{"start":{},"end":{}}],"line":52},"5":{"loc":{"start":{"line":66,"column":21},"end":{"line":66,"column":42}},"type":"binary-expr","locations":[{"start":{"line":66,"column":21},"end":{"line":66,"column":35}},{"start":{"line":66,"column":39},"end":{"line":66,"column":42}}],"line":66},"6":{"loc":{"start":{"line":69,"column":2},"end":{"line":78,"column":3}},"type":"if","locations":[{"start":{"line":69,"column":2},"end":{"line":78,"column":3}},{"start":{"line":71,"column":9},"end":{"line":78,"column":3}}],"line":69},"7":{"loc":{"start":{"line":71,"column":9},"end":{"line":78,"column":3}},"type":"if","locations":[{"start":{"line":71,"column":9},"end":{"line":78,"column":3}},{"start":{"line":73,"column":9},"end":{"line":78,"column":3}}],"line":71},"8":{"loc":{"start":{"line":73,"column":9},"end":{"line":78,"column":3}},"type":"if","locations":[{"start":{"line":73,"column":9},"end":{"line":78,"column":3}},{"start":{},"end":{}}],"line":73},"9":{"loc":{"start":{"line":74,"column":4},"end":{"line":75,"column":36}},"type":"binary-expr","locations":[{"start":{"line":74,"column":4},"end":{"line":74,"column":36}},{"start":{"line":75,"column":4},"end":{"line":75,"column":36}}],"line":74},"10":{"loc":{"start":{"line":82,"column":4},"end":{"line":89,"column":36}},"type":"binary-expr","locations":[{"start":{"line":82,"column":4},"end":{"line":82,"column":19}},{"start":{"line":83,"column":5},"end":{"line":89,"column":35}}],"line":82},"11":{"loc":{"start":{"line":83,"column":5},"end":{"line":89,"column":35}},"type":"cond-expr","locations":[{"start":{"line":84,"column":8},"end":{"line":84,"column":22}},{"start":{"line":85,"column":8},"end":{"line":89,"column":35}}],"line":83},"12":{"loc":{"start":{"line":85,"column":8},"end":{"line":89,"column":35}},"type":"cond-expr","locations":[{"start":{"line":86,"column":10},"end":{"line":86,"column":21}},{"start":{"line":87,"column":10},"end":{"line":89,"column":35}}],"line":85},"13":{"loc":{"start":{"line":87,"column":10},"end":{"line":89,"column":35}},"type":"cond-expr","locations":[{"start":{"line":88,"column":12},"end":{"line":88,"column":23}},{"start":{"line":89,"column":12},"end":{"line":89,"column":35}}],"line":87},"14":{"loc":{"start":{"line":93,"column":12},"end":{"line":93,"column":54}},"type":"cond-expr","locations":[{"start":{"line":93,"column":38},"end":{"line":93,"column":45}},{"start":{"line":93,"column":48},"end":{"line":93,"column":54}}],"line":93},"15":{"loc":{"start":{"line":96,"column":6},"end":{"line":98,"column":23}},"type":"cond-expr","locations":[{"start":{"line":97,"column":10},"end":{"line":97,"column":46}},{"start":{"line":98,"column":10},"end":{"line":98,"column":23}}],"line":96},"16":{"loc":{"start":{"line":96,"column":6},"end":{"line":96,"column":72}},"type":"binary-expr","locations":[{"start":{"line":96,"column":6},"end":{"line":96,"column":30}},{"start":{"line":96,"column":34},"end":{"line":96,"column":72}}],"line":96},"17":{"loc":{"start":{"line":99,"column":8},"end":{"line":99,"column":51}},"type":"binary-expr","locations":[{"start":{"line":99,"column":8},"end":{"line":99,"column":21}},{"start":{"line":99,"column":25},"end":{"line":99,"column":51}}],"line":99},"18":{"loc":{"start":{"line":103,"column":2},"end":{"line":111,"column":3}},"type":"if","locations":[{"start":{"line":103,"column":2},"end":{"line":111,"column":3}},{"start":{},"end":{}}],"line":103},"19":{"loc":{"start":{"line":109,"column":10},"end":{"line":109,"column":53}},"type":"binary-expr","locations":[{"start":{"line":109,"column":10},"end":{"line":109,"column":23}},{"start":{"line":109,"column":27},"end":{"line":109,"column":53}}],"line":109}},"s":{"0":3,"1":3,"2":3,"3":1,"4":1,"5":1,"6":1,"7":1,"8":3,"9":1,"10":1,"11":1,"12":1,"13":1,"14":1,"15":1,"16":1,"17":1,"18":1,"19":1,"20":1,"21":3,"22":1,"23":1,"24":1,"25":1,"26":1,"27":1,"28":1,"29":1,"30":3,"31":7,"32":7,"33":7,"34":7,"35":1,"36":6,"37":1,"38":5,"39":1,"40":7,"41":7,"42":7,"43":1,"44":1,"45":7,"46":3},"f":{"0":1,"1":1,"2":1,"3":1,"4":1,"5":7},"b":{"0":[1,0],"1":[1,1],"2":[1,0],"3":[1,0],"4":[1,0],"5":[7,4],"6":[1,6],"7":[1,5],"8":[1,4],"9":[5,5],"10":[7,4],"11":[2,2],"12":[0,2],"13":[1,1],"14":[1,6],"15":[0,7],"16":[7,1],"17":[7,2],"18":[1,6],"19":[1,0]},"_coverageSchema":"1a1c01bbd47fc00a2c39e90264f33305004495a9","hash":"4f4609a51dd5eb3feba98a36f81aaef272f32cc6"}
,"/Users/sb/Documents/Web_Project_2026/AH-Web-Company/ah-webapp-2026/server/src/middlewares/index.js": {"path":"/Users/sb/Documents/Web_Project_2026/AH-Web-Company/ah-webapp-2026/server/src/middlewares/index.js","statementMap":{"0":{"start":{"line":1,"column":25},"end":{"line":1,"column":62}},"1":{"start":{"line":2,"column":21},"end":{"line":2,"column":53}},"2":{"start":{"line":3,"column":40},"end":{"line":3,"column":76}},"3":{"start":{"line":4,"column":46},"end":{"line":4,"column":74}},"4":{"start":{"line":6,"column":0},"end":{"line":13,"column":2}}},"fnMap":{},"branchMap":{},"s":{"0":2,"1":2,"2":2,"3":2,"4":2},"f":{},"b":{},"_coverageSchema":"1a1c01bbd47fc00a2c39e90264f33305004495a9","hash":"fd862e35db879f3edcb85463712c6e8f840c9871"}
,"/Users/sb/Documents/Web_Project_2026/AH-Web-Company/ah-webapp-2026/server/src/middlewares/rate-limiter.middleware.js": {"path":"/Users/sb/Documents/Web_Project_2026/AH-Web-Company/ah-webapp-2026/server/src/middlewares/rate-limiter.middleware.js","statementMap":{"0":{"start":{"line":1,"column":18},"end":{"line":1,"column":47}},"1":{"start":{"line":2,"column":17},"end":{"line":2,"column":53}},"2":{"start":{"line":5,"column":22},"end":{"line":18,"column":2}},"3":{"start":{"line":11,"column":4},"end":{"line":16,"column":6}},"4":{"start":{"line":21,"column":21},"end":{"line":34,"column":2}},"5":{"start":{"line":27,"column":4},"end":{"line":32,"column":6}},"6":{"start":{"line":36,"column":28},"end":{"line":49,"column":2}},"7":{"start":{"line":42,"column":4},"end":{"line":47,"column":6}},"8":{"start":{"line":51,"column":0},"end":{"line":51,"column":70}}},"fnMap":{"0":{"name":"(anonymous_0)","decl":{"start":{"line":10,"column":11},"end":{"line":10,"column":12}},"loc":{"start":{"line":10,"column":31},"end":{"line":17,"column":3}},"line":10},"1":{"name":"(anonymous_1)","decl":{"start":{"line":26,"column":11},"end":{"line":26,"column":12}},"loc":{"start":{"line":26,"column":31},"end":{"line":33,"column":3}},"line":26},"2":{"name":"(anonymous_2)","decl":{"start":{"line":41,"column":11},"end":{"line":41,"column":12}},"loc":{"start":{"line":41,"column":31},"end":{"line":48,"column":3}},"line":41}},"branchMap":{"0":{"loc":{"start":{"line":23,"column":7},"end":{"line":23,"column":48}},"type":"cond-expr","locations":[{"start":{"line":23,"column":41},"end":{"line":23,"column":44}},{"start":{"line":23,"column":47},"end":{"line":23,"column":48}}],"line":23},"1":{"loc":{"start":{"line":38,"column":7},"end":{"line":38,"column":49}},"type":"cond-expr","locations":[{"start":{"line":38,"column":41},"end":{"line":38,"column":44}},{"start":{"line":38,"column":47},"end":{"line":38,"column":49}}],"line":38}},"s":{"0":2,"1":2,"2":2,"3":0,"4":2,"5":0,"6":2,"7":0,"8":2},"f":{"0":0,"1":0,"2":0},"b":{"0":[2,0],"1":[2,0]},"_coverageSchema":"1a1c01bbd47fc00a2c39e90264f33305004495a9","hash":"f738b71e4593b0b129eefa6195cb907b7a6c58ae"}
,"/Users/sb/Documents/Web_Project_2026/AH-Web-Company/ah-webapp-2026/server/src/middlewares/validate.middleware.js": {"path":"/Users/sb/Documents/Web_Project_2026/AH-Web-Company/ah-webapp-2026/server/src/middlewares/validate.middleware.js","statementMap":{"0":{"start":{"line":1,"column":21},"end":{"line":1,"column":35}},"1":{"start":{"line":3,"column":17},"end":{"line":27,"column":1}},"2":{"start":{"line":3,"column":29},"end":{"line":27,"column":1}},"3":{"start":{"line":4,"column":2},"end":{"line":26,"column":3}},"4":{"start":{"line":5,"column":23},"end":{"line":11,"column":6}},"5":{"start":{"line":14,"column":4},"end":{"line":14,"column":31}},"6":{"start":{"line":15,"column":4},"end":{"line":15,"column":33}},"7":{"start":{"line":16,"column":4},"end":{"line":16,"column":35}},"8":{"start":{"line":17,"column":4},"end":{"line":17,"column":37}},"9":{"start":{"line":18,"column":4},"end":{"line":18,"column":31}},"10":{"start":{"line":20,"column":4},"end":{"line":20,"column":11}},"11":{"start":{"line":22,"column":4},"end":{"line":24,"column":5}},"12":{"start":{"line":23,"column":6},"end":{"line":23,"column":25}},"13":{"start":{"line":25,"column":4},"end":{"line":25,"column":16}},"14":{"start":{"line":29,"column":0},"end":{"line":29,"column":30}}},"fnMap":{"0":{"name":"(anonymous_0)","decl":{"start":{"line":3,"column":17},"end":{"line":3,"column":18}},"loc":{"start":{"line":3,"column":29},"end":{"line":27,"column":1}},"line":3},"1":{"name":"(anonymous_1)","decl":{"start":{"line":3,"column":29},"end":{"line":3,"column":30}},"loc":{"start":{"line":3,"column":49},"end":{"line":27,"column":1}},"line":3}},"branchMap":{"0":{"loc":{"start":{"line":6,"column":12},"end":{"line":6,"column":26}},"type":"binary-expr","locations":[{"start":{"line":6,"column":12},"end":{"line":6,"column":20}},{"start":{"line":6,"column":24},"end":{"line":6,"column":26}}],"line":6},"1":{"loc":{"start":{"line":7,"column":13},"end":{"line":7,"column":28}},"type":"binary-expr","locations":[{"start":{"line":7,"column":13},"end":{"line":7,"column":22}},{"start":{"line":7,"column":26},"end":{"line":7,"column":28}}],"line":7},"2":{"loc":{"start":{"line":8,"column":14},"end":{"line":8,"column":30}},"type":"binary-expr","locations":[{"start":{"line":8,"column":14},"end":{"line":8,"column":24}},{"start":{"line":8,"column":28},"end":{"line":8,"column":30}}],"line":8},"3":{"loc":{"start":{"line":9,"column":15},"end":{"line":9,"column":32}},"type":"binary-expr","locations":[{"start":{"line":9,"column":15},"end":{"line":9,"column":26}},{"start":{"line":9,"column":30},"end":{"line":9,"column":32}}],"line":9},"4":{"loc":{"start":{"line":10,"column":12},"end":{"line":10,"column":26}},"type":"binary-expr","locations":[{"start":{"line":10,"column":12},"end":{"line":10,"column":20}},{"start":{"line":10,"column":24},"end":{"line":10,"column":26}}],"line":10},"5":{"loc":{"start":{"line":22,"column":4},"end":{"line":24,"column":5}},"type":"if","locations":[{"start":{"line":22,"column":4},"end":{"line":24,"column":5}},{"start":{},"end":{}}],"line":22}},"s":{"0":2,"1":2,"2":4,"3":3,"4":3,"5":3,"6":3,"7":3,"8":3,"9":3,"10":3,"11":0,"12":0,"13":0,"14":2},"f":{"0":4,"1":3},"b":{"0":[3,1],"1":[3,0],"2":[3,0],"3":[3,0],"4":[3,3],"5":[0,0]},"_coverageSchema":"1a1c01bbd47fc00a2c39e90264f33305004495a9","hash":"509178620d4412695d1c3ac4550de29d5179220d"}
,"/Users/sb/Documents/Web_Project_2026/AH-Web-Company/ah-webapp-2026/server/src/models/auditlog.js": {"path":"/Users/sb/Documents/Web_Project_2026/AH-Web-Company/ah-webapp-2026/server/src/models/auditlog.js","statementMap":{"0":{"start":{"line":2,"column":18},"end":{"line":2,"column":38}},"1":{"start":{"line":3,"column":0},"end":{"line":63,"column":2}},"2":{"start":{"line":12,"column":6},"end":{"line":12,"column":76}},"3":{"start":{"line":15,"column":2},"end":{"line":61,"column":4}},"4":{"start":{"line":62,"column":2},"end":{"line":62,"column":18}}},"fnMap":{"0":{"name":"(anonymous_0)","decl":{"start":{"line":3,"column":17},"end":{"line":3,"column":18}},"loc":{"start":{"line":3,"column":43},"end":{"line":63,"column":1}},"line":3},"1":{"name":"(anonymous_1)","decl":{"start":{"line":10,"column":4},"end":{"line":10,"column":5}},"loc":{"start":{"line":10,"column":29},"end":{"line":13,"column":5}},"line":10}},"branchMap":{},"s":{"0":12,"1":12,"2":12,"3":12,"4":12},"f":{"0":12,"1":12},"b":{},"_coverageSchema":"1a1c01bbd47fc00a2c39e90264f33305004495a9","hash":"3ee31f5745046e17546d05256cc1adb08d31ab4e"}
,"/Users/sb/Documents/Web_Project_2026/AH-Web-Company/ah-webapp-2026/server/src/models/index.js": {"path":"/Users/sb/Documents/Web_Project_2026/AH-Web-Company/ah-webapp-2026/server/src/models/index.js","statementMap":{"0":{"start":{"line":3,"column":11},"end":{"line":3,"column":24}},"1":{"start":{"line":4,"column":13},"end":{"line":4,"column":28}},"2":{"start":{"line":5,"column":18},"end":{"line":5,"column":38}},"3":{"start":{"line":6,"column":16},"end":{"line":6,"column":34}},"4":{"start":{"line":7,"column":17},"end":{"line":7,"column":42}},"5":{"start":{"line":8,"column":12},"end":{"line":8,"column":49}},"6":{"start":{"line":9,"column":15},"end":{"line":9,"column":63}},"7":{"start":{"line":10,"column":11},"end":{"line":10,"column":13}},"8":{"start":{"line":13,"column":0},"end":{"line":17,"column":1}},"9":{"start":{"line":14,"column":2},"end":{"line":14,"column":74}},"10":{"start":{"line":16,"column":2},"end":{"line":16,"column":87}},"11":{"start":{"line":19,"column":0},"end":{"line":32,"column":5}},"12":{"start":{"line":22,"column":4},"end":{"line":27,"column":6}},"13":{"start":{"line":30,"column":18},"end":{"line":30,"column":85}},"14":{"start":{"line":31,"column":4},"end":{"line":31,"column":27}},"15":{"start":{"line":34,"column":0},"end":{"line":38,"column":3}},"16":{"start":{"line":35,"column":2},"end":{"line":37,"column":3}},"17":{"start":{"line":36,"column":4},"end":{"line":36,"column":32}},"18":{"start":{"line":40,"column":0},"end":{"line":40,"column":25}},"19":{"start":{"line":41,"column":0},"end":{"line":41,"column":25}},"20":{"start":{"line":43,"column":0},"end":{"line":43,"column":20}}},"fnMap":{"0":{"name":"(anonymous_0)","decl":{"start":{"line":21,"column":10},"end":{"line":21,"column":11}},"loc":{"start":{"line":21,"column":18},"end":{"line":28,"column":3}},"line":21},"1":{"name":"(anonymous_1)","decl":{"start":{"line":29,"column":11},"end":{"line":29,"column":12}},"loc":{"start":{"line":29,"column":19},"end":{"line":32,"column":3}},"line":29},"2":{"name":"(anonymous_2)","decl":{"start":{"line":34,"column":24},"end":{"line":34,"column":25}},"loc":{"start":{"line":34,"column":37},"end":{"line":38,"column":1}},"line":34}},"branchMap":{"0":{"loc":{"start":{"line":8,"column":12},"end":{"line":8,"column":49}},"type":"binary-expr","locations":[{"start":{"line":8,"column":12},"end":{"line":8,"column":32}},{"start":{"line":8,"column":36},"end":{"line":8,"column":49}}],"line":8},"1":{"loc":{"start":{"line":13,"column":0},"end":{"line":17,"column":1}},"type":"if","locations":[{"start":{"line":13,"column":0},"end":{"line":17,"column":1}},{"start":{"line":15,"column":7},"end":{"line":17,"column":1}}],"line":13},"2":{"loc":{"start":{"line":23,"column":6},"end":{"line":26,"column":37}},"type":"binary-expr","locations":[{"start":{"line":23,"column":6},"end":{"line":23,"column":29}},{"start":{"line":24,"column":6},"end":{"line":24,"column":23}},{"start":{"line":25,"column":6},"end":{"line":25,"column":30}},{"start":{"line":26,"column":6},"end":{"line":26,"column":37}}],"line":23},"3":{"loc":{"start":{"line":35,"column":2},"end":{"line":37,"column":3}},"type":"if","locations":[{"start":{"line":35,"column":2},"end":{"line":37,"column":3}},{"start":{},"end":{}}],"line":35}},"s":{"0":12,"1":12,"2":12,"3":12,"4":12,"5":12,"6":12,"7":12,"8":12,"9":0,"10":12,"11":12,"12":60,"13":48,"14":48,"15":12,"16":48,"17":48,"18":12,"19":12,"20":12},"f":{"0":60,"1":48,"2":48},"b":{"0":[12,0],"1":[0,12],"2":[60,60,48,48],"3":[48,0]},"_coverageSchema":"1a1c01bbd47fc00a2c39e90264f33305004495a9","hash":"f6dbade33fc00e5e91916af94baf79c1a04b79db"}
,"/Users/sb/Documents/Web_Project_2026/AH-Web-Company/ah-webapp-2026/server/src/models/role.js": {"path":"/Users/sb/Documents/Web_Project_2026/AH-Web-Company/ah-webapp-2026/server/src/models/role.js","statementMap":{"0":{"start":{"line":2,"column":18},"end":{"line":2,"column":38}},"1":{"start":{"line":3,"column":0},"end":{"line":40,"column":2}},"2":{"start":{"line":11,"column":6},"end":{"line":11,"column":71}},"3":{"start":{"line":14,"column":2},"end":{"line":38,"column":4}},"4":{"start":{"line":39,"column":2},"end":{"line":39,"column":14}}},"fnMap":{"0":{"name":"(anonymous_0)","decl":{"start":{"line":3,"column":17},"end":{"line":3,"column":18}},"loc":{"start":{"line":3,"column":43},"end":{"line":40,"column":1}},"line":3},"1":{"name":"(anonymous_1)","decl":{"start":{"line":10,"column":4},"end":{"line":10,"column":5}},"loc":{"start":{"line":10,"column":29},"end":{"line":12,"column":5}},"line":10}},"branchMap":{},"s":{"0":12,"1":12,"2":12,"3":12,"4":12},"f":{"0":12,"1":12},"b":{},"_coverageSchema":"1a1c01bbd47fc00a2c39e90264f33305004495a9","hash":"fb54da115263cac9318bd0441d6ce6e449a1c031"}
,"/Users/sb/Documents/Web_Project_2026/AH-Web-Company/ah-webapp-2026/server/src/models/user.js": {"path":"/Users/sb/Documents/Web_Project_2026/AH-Web-Company/ah-webapp-2026/server/src/models/user.js","statementMap":{"0":{"start":{"line":2,"column":18},"end":{"line":2,"column":38}},"1":{"start":{"line":3,"column":25},"end":{"line":3,"column":45}},"2":{"start":{"line":4,"column":0},"end":{"line":112,"column":2}},"3":{"start":{"line":13,"column":6},"end":{"line":13,"column":72}},"4":{"start":{"line":14,"column":6},"end":{"line":14,"column":79}},"5":{"start":{"line":17,"column":2},"end":{"line":110,"column":4}},"6":{"start":{"line":48,"column":12},"end":{"line":48,"column":31}},"7":{"start":{"line":48,"column":24},"end":{"line":48,"column":31}},"8":{"start":{"line":49,"column":26},"end":{"line":49,"column":66}},"9":{"start":{"line":51,"column":12},"end":{"line":55,"column":13}},"10":{"start":{"line":52,"column":14},"end":{"line":54,"column":16}},"11":{"start":{"line":99,"column":10},"end":{"line":101,"column":11}},"12":{"start":{"line":100,"column":12},"end":{"line":100,"column":62}},"13":{"start":{"line":104,"column":10},"end":{"line":106,"column":11}},"14":{"start":{"line":105,"column":12},"end":{"line":105,"column":62}},"15":{"start":{"line":111,"column":2},"end":{"line":111,"column":14}}},"fnMap":{"0":{"name":"(anonymous_0)","decl":{"start":{"line":4,"column":17},"end":{"line":4,"column":18}},"loc":{"start":{"line":4,"column":43},"end":{"line":112,"column":1}},"line":4},"1":{"name":"(anonymous_1)","decl":{"start":{"line":11,"column":4},"end":{"line":11,"column":5}},"loc":{"start":{"line":11,"column":29},"end":{"line":15,"column":5}},"line":11},"2":{"name":"(anonymous_2)","decl":{"start":{"line":47,"column":10},"end":{"line":47,"column":11}},"loc":{"start":{"line":47,"column":34},"end":{"line":56,"column":11}},"line":47},"3":{"name":"(anonymous_3)","decl":{"start":{"line":98,"column":22},"end":{"line":98,"column":23}},"loc":{"start":{"line":98,"column":38},"end":{"line":102,"column":9}},"line":98},"4":{"name":"(anonymous_4)","decl":{"start":{"line":103,"column":22},"end":{"line":103,"column":23}},"loc":{"start":{"line":103,"column":38},"end":{"line":107,"column":9}},"line":103}},"branchMap":{"0":{"loc":{"start":{"line":48,"column":12},"end":{"line":48,"column":31}},"type":"if","locations":[{"start":{"line":48,"column":12},"end":{"line":48,"column":31}},{"start":{},"end":{}}],"line":48},"1":{"loc":{"start":{"line":51,"column":12},"end":{"line":55,"column":13}},"type":"if","locations":[{"start":{"line":51,"column":12},"end":{"line":55,"column":13}},{"start":{},"end":{}}],"line":51},"2":{"loc":{"start":{"line":99,"column":10},"end":{"line":101,"column":11}},"type":"if","locations":[{"start":{"line":99,"column":10},"end":{"line":101,"column":11}},{"start":{},"end":{}}],"line":99},"3":{"loc":{"start":{"line":104,"column":10},"end":{"line":106,"column":11}},"type":"if","locations":[{"start":{"line":104,"column":10},"end":{"line":106,"column":11}},{"start":{},"end":{}}],"line":104}},"s":{"0":12,"1":12,"2":12,"3":12,"4":12,"5":12,"6":8,"7":0,"8":8,"9":8,"10":1,"11":4,"12":4,"13":1,"14":1,"15":12},"f":{"0":12,"1":12,"2":8,"3":4,"4":1},"b":{"0":[0,8],"1":[1,7],"2":[4,0],"3":[1,0]},"_coverageSchema":"1a1c01bbd47fc00a2c39e90264f33305004495a9","hash":"7e80bcb8804ea110fa01fe4401bf94bfe554e2da"}
,"/Users/sb/Documents/Web_Project_2026/AH-Web-Company/ah-webapp-2026/server/src/models/usersession.js": {"path":"/Users/sb/Documents/Web_Project_2026/AH-Web-Company/ah-webapp-2026/server/src/models/usersession.js","statementMap":{"0":{"start":{"line":2,"column":18},"end":{"line":2,"column":38}},"1":{"start":{"line":3,"column":0},"end":{"line":57,"column":2}},"2":{"start":{"line":12,"column":6},"end":{"line":12,"column":79}},"3":{"start":{"line":15,"column":2},"end":{"line":55,"column":4}},"4":{"start":{"line":56,"column":2},"end":{"line":56,"column":21}}},"fnMap":{"0":{"name":"(anonymous_0)","decl":{"start":{"line":3,"column":17},"end":{"line":3,"column":18}},"loc":{"start":{"line":3,"column":43},"end":{"line":57,"column":1}},"line":3},"1":{"name":"(anonymous_1)","decl":{"start":{"line":10,"column":4},"end":{"line":10,"column":5}},"loc":{"start":{"line":10,"column":29},"end":{"line":13,"column":5}},"line":10}},"branchMap":{},"s":{"0":12,"1":12,"2":12,"3":12,"4":12},"f":{"0":12,"1":12},"b":{},"_coverageSchema":"1a1c01bbd47fc00a2c39e90264f33305004495a9","hash":"d9e20c4c1d79cb43186e4058db1cf9828de135cd"}
,"/Users/sb/Documents/Web_Project_2026/AH-Web-Company/ah-webapp-2026/server/src/repositories/base.repository.js": {"path":"/Users/sb/Documents/Web_Project_2026/AH-Web-Company/ah-webapp-2026/server/src/repositories/base.repository.js","statementMap":{"0":{"start":{"line":1,"column":15},"end":{"line":1,"column":35}},"1":{"start":{"line":5,"column":4},"end":{"line":5,"column":23}},"2":{"start":{"line":6,"column":4},"end":{"line":6,"column":17}},"3":{"start":{"line":10,"column":4},"end":{"line":10,"column":45}},"4":{"start":{"line":14,"column":4},"end":{"line":14,"column":50}},"5":{"start":{"line":18,"column":4},"end":{"line":18,"column":45}},"6":{"start":{"line":22,"column":4},"end":{"line":22,"column":50}},"7":{"start":{"line":27,"column":4},"end":{"line":29,"column":5}},"8":{"start":{"line":28,"column":6},"end":{"line":28,"column":67}},"9":{"start":{"line":30,"column":4},"end":{"line":30,"column":50}},"10":{"start":{"line":34,"column":4},"end":{"line":36,"column":5}},"11":{"start":{"line":35,"column":6},"end":{"line":35,"column":67}},"12":{"start":{"line":37,"column":4},"end":{"line":37,"column":45}},"13":{"start":{"line":41,"column":0},"end":{"line":41,"column":32}}},"fnMap":{"0":{"name":"(anonymous_0)","decl":{"start":{"line":4,"column":2},"end":{"line":4,"column":3}},"loc":{"start":{"line":4,"column":21},"end":{"line":7,"column":3}},"line":4},"1":{"name":"(anonymous_1)","decl":{"start":{"line":9,"column":2},"end":{"line":9,"column":3}},"loc":{"start":{"line":9,"column":30},"end":{"line":11,"column":3}},"line":9},"2":{"name":"(anonymous_2)","decl":{"start":{"line":13,"column":2},"end":{"line":13,"column":3}},"loc":{"start":{"line":13,"column":35},"end":{"line":15,"column":3}},"line":13},"3":{"name":"(anonymous_3)","decl":{"start":{"line":17,"column":2},"end":{"line":17,"column":3}},"loc":{"start":{"line":17,"column":30},"end":{"line":19,"column":3}},"line":17},"4":{"name":"(anonymous_4)","decl":{"start":{"line":21,"column":2},"end":{"line":21,"column":3}},"loc":{"start":{"line":21,"column":35},"end":{"line":23,"column":3}},"line":21},"5":{"name":"(anonymous_5)","decl":{"start":{"line":25,"column":2},"end":{"line":25,"column":3}},"loc":{"start":{"line":25,"column":35},"end":{"line":31,"column":3}},"line":25},"6":{"name":"(anonymous_6)","decl":{"start":{"line":33,"column":2},"end":{"line":33,"column":3}},"loc":{"start":{"line":33,"column":29},"end":{"line":38,"column":3}},"line":33}},"branchMap":{"0":{"loc":{"start":{"line":9,"column":16},"end":{"line":9,"column":28}},"type":"default-arg","locations":[{"start":{"line":9,"column":26},"end":{"line":9,"column":28}}],"line":9},"1":{"loc":{"start":{"line":13,"column":21},"end":{"line":13,"column":33}},"type":"default-arg","locations":[{"start":{"line":13,"column":31},"end":{"line":13,"column":33}}],"line":13},"2":{"loc":{"start":{"line":17,"column":16},"end":{"line":17,"column":28}},"type":"default-arg","locations":[{"start":{"line":17,"column":26},"end":{"line":17,"column":28}}],"line":17},"3":{"loc":{"start":{"line":21,"column":21},"end":{"line":21,"column":33}},"type":"default-arg","locations":[{"start":{"line":21,"column":31},"end":{"line":21,"column":33}}],"line":21},"4":{"loc":{"start":{"line":25,"column":21},"end":{"line":25,"column":33}},"type":"default-arg","locations":[{"start":{"line":25,"column":31},"end":{"line":25,"column":33}}],"line":25},"5":{"loc":{"start":{"line":27,"column":4},"end":{"line":29,"column":5}},"type":"if","locations":[{"start":{"line":27,"column":4},"end":{"line":29,"column":5}},{"start":{},"end":{}}],"line":27},"6":{"loc":{"start":{"line":33,"column":15},"end":{"line":33,"column":27}},"type":"default-arg","locations":[{"start":{"line":33,"column":25},"end":{"line":33,"column":27}}],"line":33},"7":{"loc":{"start":{"line":34,"column":4},"end":{"line":36,"column":5}},"type":"if","locations":[{"start":{"line":34,"column":4},"end":{"line":36,"column":5}},{"start":{},"end":{}}],"line":34}},"s":{"0":10,"1":23,"2":23,"3":1,"4":1,"5":0,"6":1,"7":2,"8":1,"9":1,"10":2,"11":1,"12":1,"13":10},"f":{"0":23,"1":1,"2":1,"3":0,"4":1,"5":2,"6":2},"b":{"0":[0],"1":[1],"2":[0],"3":[0],"4":[0],"5":[1,1],"6":[0],"7":[1,1]},"_coverageSchema":"1a1c01bbd47fc00a2c39e90264f33305004495a9","hash":"22a3b3586d93898d209da68eb2bc0476a10e9f34"}
,"/Users/sb/Documents/Web_Project_2026/AH-Web-Company/ah-webapp-2026/server/src/repositories/index.js": {"path":"/Users/sb/Documents/Web_Project_2026/AH-Web-Company/ah-webapp-2026/server/src/repositories/index.js","statementMap":{"0":{"start":{"line":1,"column":23},"end":{"line":1,"column":51}},"1":{"start":{"line":2,"column":30},"end":{"line":2,"column":66}},"2":{"start":{"line":4,"column":0},"end":{"line":7,"column":2}}},"fnMap":{},"branchMap":{},"s":{"0":7,"1":7,"2":7},"f":{},"b":{},"_coverageSchema":"1a1c01bbd47fc00a2c39e90264f33305004495a9","hash":"27d9081e4913aa83e3e4ca92589df5bab6412e28"}
,"/Users/sb/Documents/Web_Project_2026/AH-Web-Company/ah-webapp-2026/server/src/repositories/user-session.repository.js": {"path":"/Users/sb/Documents/Web_Project_2026/AH-Web-Company/ah-webapp-2026/server/src/repositories/user-session.repository.js","statementMap":{"0":{"start":{"line":1,"column":23},"end":{"line":1,"column":51}},"1":{"start":{"line":2,"column":24},"end":{"line":2,"column":44}},"2":{"start":{"line":3,"column":32},"end":{"line":3,"column":51}},"3":{"start":{"line":7,"column":4},"end":{"line":7,"column":23}},"4":{"start":{"line":14,"column":4},"end":{"line":24,"column":6}},"5":{"start":{"line":28,"column":4},"end":{"line":35,"column":7}},"6":{"start":{"line":39,"column":4},"end":{"line":46,"column":7}},"7":{"start":{"line":50,"column":4},"end":{"line":68,"column":7}},"8":{"start":{"line":72,"column":4},"end":{"line":75,"column":7}},"9":{"start":{"line":79,"column":4},"end":{"line":82,"column":7}},"10":{"start":{"line":88,"column":19},"end":{"line":92,"column":6}},"11":{"start":{"line":94,"column":4},"end":{"line":96,"column":5}},"12":{"start":{"line":95,"column":6},"end":{"line":95,"column":69}},"13":{"start":{"line":100,"column":4},"end":{"line":106,"column":6}},"14":{"start":{"line":110,"column":4},"end":{"line":120,"column":6}},"15":{"start":{"line":124,"column":4},"end":{"line":130,"column":6}},"16":{"start":{"line":134,"column":0},"end":{"line":134,"column":45}}},"fnMap":{"0":{"name":"(anonymous_0)","decl":{"start":{"line":6,"column":2},"end":{"line":6,"column":3}},"loc":{"start":{"line":6,"column":16},"end":{"line":8,"column":3}},"line":6},"1":{"name":"(anonymous_1)","decl":{"start":{"line":10,"column":2},"end":{"line":10,"column":3}},"loc":{"start":{"line":13,"column":4},"end":{"line":25,"column":3}},"line":13},"2":{"name":"(anonymous_2)","decl":{"start":{"line":27,"column":2},"end":{"line":27,"column":3}},"loc":{"start":{"line":27,"column":50},"end":{"line":36,"column":3}},"line":27},"3":{"name":"(anonymous_3)","decl":{"start":{"line":38,"column":2},"end":{"line":38,"column":3}},"loc":{"start":{"line":38,"column":60},"end":{"line":47,"column":3}},"line":38},"4":{"name":"(anonymous_4)","decl":{"start":{"line":49,"column":2},"end":{"line":49,"column":3}},"loc":{"start":{"line":49,"column":59},"end":{"line":69,"column":3}},"line":49},"5":{"name":"(anonymous_5)","decl":{"start":{"line":71,"column":2},"end":{"line":71,"column":3}},"loc":{"start":{"line":71,"column":42},"end":{"line":76,"column":3}},"line":71},"6":{"name":"(anonymous_6)","decl":{"start":{"line":78,"column":2},"end":{"line":78,"column":3}},"loc":{"start":{"line":78,"column":50},"end":{"line":83,"column":3}},"line":78},"7":{"name":"(anonymous_7)","decl":{"start":{"line":86,"column":2},"end":{"line":86,"column":3}},"loc":{"start":{"line":86,"column":50},"end":{"line":97,"column":3}},"line":86},"8":{"name":"(anonymous_8)","decl":{"start":{"line":99,"column":2},"end":{"line":99,"column":3}},"loc":{"start":{"line":99,"column":44},"end":{"line":107,"column":3}},"line":99},"9":{"name":"(anonymous_9)","decl":{"start":{"line":109,"column":2},"end":{"line":109,"column":3}},"loc":{"start":{"line":109,"column":71},"end":{"line":121,"column":3}},"line":109},"10":{"name":"(anonymous_10)","decl":{"start":{"line":123,"column":2},"end":{"line":123,"column":3}},"loc":{"start":{"line":123,"column":48},"end":{"line":131,"column":3}},"line":123}},"branchMap":{"0":{"loc":{"start":{"line":12,"column":4},"end":{"line":12,"column":16}},"type":"default-arg","locations":[{"start":{"line":12,"column":14},"end":{"line":12,"column":16}}],"line":12},"1":{"loc":{"start":{"line":27,"column":36},"end":{"line":27,"column":48}},"type":"default-arg","locations":[{"start":{"line":27,"column":46},"end":{"line":27,"column":48}}],"line":27},"2":{"loc":{"start":{"line":38,"column":46},"end":{"line":38,"column":58}},"type":"default-arg","locations":[{"start":{"line":38,"column":56},"end":{"line":38,"column":58}}],"line":38},"3":{"loc":{"start":{"line":49,"column":45},"end":{"line":49,"column":57}},"type":"default-arg","locations":[{"start":{"line":49,"column":55},"end":{"line":49,"column":57}}],"line":49},"4":{"loc":{"start":{"line":71,"column":28},"end":{"line":71,"column":40}},"type":"default-arg","locations":[{"start":{"line":71,"column":38},"end":{"line":71,"column":40}}],"line":71},"5":{"loc":{"start":{"line":78,"column":36},"end":{"line":78,"column":48}},"type":"default-arg","locations":[{"start":{"line":78,"column":46},"end":{"line":78,"column":48}}],"line":78},"6":{"loc":{"start":{"line":86,"column":36},"end":{"line":86,"column":48}},"type":"default-arg","locations":[{"start":{"line":86,"column":46},"end":{"line":86,"column":48}}],"line":86},"7":{"loc":{"start":{"line":94,"column":4},"end":{"line":96,"column":5}},"type":"if","locations":[{"start":{"line":94,"column":4},"end":{"line":96,"column":5}},{"start":{},"end":{}}],"line":94},"8":{"loc":{"start":{"line":99,"column":30},"end":{"line":99,"column":42}},"type":"default-arg","locations":[{"start":{"line":99,"column":40},"end":{"line":99,"column":42}}],"line":99},"9":{"loc":{"start":{"line":109,"column":57},"end":{"line":109,"column":69}},"type":"default-arg","locations":[{"start":{"line":109,"column":67},"end":{"line":109,"column":69}}],"line":109},"10":{"loc":{"start":{"line":123,"column":34},"end":{"line":123,"column":46}},"type":"default-arg","locations":[{"start":{"line":123,"column":44},"end":{"line":123,"column":46}}],"line":123}},"s":{"0":8,"1":8,"2":8,"3":8,"4":1,"5":1,"6":0,"7":1,"8":0,"9":0,"10":2,"11":2,"12":1,"13":0,"14":1,"15":0,"16":8},"f":{"0":8,"1":1,"2":1,"3":0,"4":1,"5":0,"6":0,"7":2,"8":0,"9":1,"10":0},"b":{"0":[1],"1":[1],"2":[0],"3":[1],"4":[0],"5":[0],"6":[2],"7":[1,1],"8":[0],"9":[1],"10":[0]},"_coverageSchema":"1a1c01bbd47fc00a2c39e90264f33305004495a9","hash":"97c53d6bcd8fa08734262f77a6d2ab7adc33501c"}
,"/Users/sb/Documents/Web_Project_2026/AH-Web-Company/ah-webapp-2026/server/src/repositories/user.repository.js": {"path":"/Users/sb/Documents/Web_Project_2026/AH-Web-Company/ah-webapp-2026/server/src/repositories/user.repository.js","statementMap":{"0":{"start":{"line":1,"column":23},"end":{"line":1,"column":51}},"1":{"start":{"line":2,"column":23},"end":{"line":2,"column":43}},"2":{"start":{"line":6,"column":4},"end":{"line":6,"column":16}},"3":{"start":{"line":11,"column":4},"end":{"line":15,"column":7}},"4":{"start":{"line":19,"column":4},"end":{"line":26,"column":7}},"5":{"start":{"line":32,"column":4},"end":{"line":38,"column":6}},"6":{"start":{"line":42,"column":0},"end":{"line":42,"column":38}}},"fnMap":{"0":{"name":"(anonymous_0)","decl":{"start":{"line":5,"column":2},"end":{"line":5,"column":3}},"loc":{"start":{"line":5,"column":16},"end":{"line":7,"column":3}},"line":5},"1":{"name":"(anonymous_1)","decl":{"start":{"line":10,"column":2},"end":{"line":10,"column":3}},"loc":{"start":{"line":10,"column":41},"end":{"line":16,"column":3}},"line":10},"2":{"name":"(anonymous_2)","decl":{"start":{"line":18,"column":2},"end":{"line":18,"column":3}},"loc":{"start":{"line":18,"column":41},"end":{"line":27,"column":3}},"line":18},"3":{"name":"(anonymous_3)","decl":{"start":{"line":30,"column":2},"end":{"line":30,"column":3}},"loc":{"start":{"line":30,"column":46},"end":{"line":39,"column":3}},"line":30}},"branchMap":{"0":{"loc":{"start":{"line":10,"column":27},"end":{"line":10,"column":39}},"type":"default-arg","locations":[{"start":{"line":10,"column":37},"end":{"line":10,"column":39}}],"line":10},"1":{"loc":{"start":{"line":18,"column":27},"end":{"line":18,"column":39}},"type":"default-arg","locations":[{"start":{"line":18,"column":37},"end":{"line":18,"column":39}}],"line":18},"2":{"loc":{"start":{"line":30,"column":32},"end":{"line":30,"column":44}},"type":"default-arg","locations":[{"start":{"line":30,"column":42},"end":{"line":30,"column":44}}],"line":30}},"s":{"0":8,"1":8,"2":8,"3":1,"4":1,"5":1,"6":8},"f":{"0":8,"1":1,"2":1,"3":1},"b":{"0":[1],"1":[1],"2":[0]},"_coverageSchema":"1a1c01bbd47fc00a2c39e90264f33305004495a9","hash":"d07cc7bcf737d02b73e7839106fe203065f7f945"}
,"/Users/sb/Documents/Web_Project_2026/AH-Web-Company/ah-webapp-2026/server/src/routes/auth.routes.js": {"path":"/Users/sb/Documents/Web_Project_2026/AH-Web-Company/ah-webapp-2026/server/src/routes/auth.routes.js","statementMap":{"0":{"start":{"line":1,"column":16},"end":{"line":1,"column":34}},"1":{"start":{"line":2,"column":15},"end":{"line":2,"column":31}},"2":{"start":{"line":4,"column":27},"end":{"line":4,"column":52}},"3":{"start":{"line":5,"column":22},"end":{"line":5,"column":46}},"4":{"start":{"line":6,"column":35},"end":{"line":6,"column":60}},"5":{"start":{"line":9,"column":4},"end":{"line":9,"column":53}},"6":{"start":{"line":11,"column":0},"end":{"line":16,"column":2}},"7":{"start":{"line":18,"column":0},"end":{"line":23,"column":2}},"8":{"start":{"line":25,"column":0},"end":{"line":25,"column":24}}},"fnMap":{},"branchMap":{},"s":{"0":2,"1":2,"2":2,"3":2,"4":2,"5":2,"6":2,"7":2,"8":2},"f":{},"b":{},"_coverageSchema":"1a1c01bbd47fc00a2c39e90264f33305004495a9","hash":"3d978f3f8c3e6fde631c64f33abb3102c4a21d8b"}
,"/Users/sb/Documents/Web_Project_2026/AH-Web-Company/ah-webapp-2026/server/src/routes/index.js": {"path":"/Users/sb/Documents/Web_Project_2026/AH-Web-Company/ah-webapp-2026/server/src/routes/index.js","statementMap":{"0":{"start":{"line":1,"column":16},"end":{"line":1,"column":34}},"1":{"start":{"line":2,"column":15},"end":{"line":2,"column":31}},"2":{"start":{"line":5,"column":19},"end":{"line":5,"column":43}},"3":{"start":{"line":7,"column":0},"end":{"line":7,"column":32}},"4":{"start":{"line":9,"column":0},"end":{"line":9,"column":24}}},"fnMap":{},"branchMap":{},"s":{"0":2,"1":2,"2":2,"3":2,"4":2},"f":{},"b":{},"_coverageSchema":"1a1c01bbd47fc00a2c39e90264f33305004495a9","hash":"aeb14621531ded37dde525f4ac526fbac6ba4a60"}
,"/Users/sb/Documents/Web_Project_2026/AH-Web-Company/ah-webapp-2026/server/src/services/audit.service.js": {"path":"/Users/sb/Documents/Web_Project_2026/AH-Web-Company/ah-webapp-2026/server/src/services/audit.service.js","statementMap":{"0":{"start":{"line":1,"column":21},"end":{"line":1,"column":41}},"1":{"start":{"line":2,"column":32},"end":{"line":2,"column":52}},"2":{"start":{"line":3,"column":14},"end":{"line":3,"column":35}},"3":{"start":{"line":17,"column":4},"end":{"line":60,"column":5}},"4":{"start":{"line":20,"column":8},"end":{"line":21,"column":71}},"5":{"start":{"line":24,"column":18},"end":{"line":24,"column":34}},"6":{"start":{"line":26,"column":27},"end":{"line":34,"column":14}},"7":{"start":{"line":36,"column":25},"end":{"line":43,"column":7}},"8":{"start":{"line":45,"column":6},"end":{"line":57,"column":8}},"9":{"start":{"line":59,"column":6},"end":{"line":59,"column":60}},"10":{"start":{"line":64,"column":0},"end":{"line":64,"column":36}}},"fnMap":{"0":{"name":"(anonymous_0)","decl":{"start":{"line":6,"column":2},"end":{"line":6,"column":3}},"loc":{"start":{"line":16,"column":5},"end":{"line":61,"column":3}},"line":16}},"branchMap":{"0":{"loc":{"start":{"line":9,"column":4},"end":{"line":9,"column":17}},"type":"default-arg","locations":[{"start":{"line":9,"column":13},"end":{"line":9,"column":17}}],"line":9},"1":{"loc":{"start":{"line":10,"column":4},"end":{"line":10,"column":16}},"type":"default-arg","locations":[{"start":{"line":10,"column":12},"end":{"line":10,"column":16}}],"line":10},"2":{"loc":{"start":{"line":11,"column":4},"end":{"line":11,"column":18}},"type":"default-arg","locations":[{"start":{"line":11,"column":9},"end":{"line":11,"column":18}}],"line":11},"3":{"loc":{"start":{"line":12,"column":4},"end":{"line":12,"column":18}},"type":"default-arg","locations":[{"start":{"line":12,"column":9},"end":{"line":12,"column":18}}],"line":12},"4":{"loc":{"start":{"line":13,"column":4},"end":{"line":13,"column":21}},"type":"default-arg","locations":[{"start":{"line":13,"column":17},"end":{"line":13,"column":21}}],"line":13},"5":{"loc":{"start":{"line":14,"column":4},"end":{"line":14,"column":17}},"type":"default-arg","locations":[{"start":{"line":14,"column":15},"end":{"line":14,"column":17}}],"line":14},"6":{"loc":{"start":{"line":15,"column":4},"end":{"line":15,"column":22}},"type":"default-arg","locations":[{"start":{"line":15,"column":18},"end":{"line":15,"column":22}}],"line":15},"7":{"loc":{"start":{"line":20,"column":8},"end":{"line":21,"column":71}},"type":"binary-expr","locations":[{"start":{"line":20,"column":8},"end":{"line":20,"column":18}},{"start":{"line":21,"column":9},"end":{"line":21,"column":70}}],"line":20},"8":{"loc":{"start":{"line":21,"column":9},"end":{"line":21,"column":70}},"type":"cond-expr","locations":[{"start":{"line":21,"column":28},"end":{"line":21,"column":51}},{"start":{"line":21,"column":54},"end":{"line":21,"column":70}}],"line":21},"9":{"loc":{"start":{"line":26,"column":27},"end":{"line":34,"column":14}},"type":"cond-expr","locations":[{"start":{"line":27,"column":10},"end":{"line":33,"column":11}},{"start":{"line":34,"column":10},"end":{"line":34,"column":14}}],"line":26},"10":{"loc":{"start":{"line":39,"column":18},"end":{"line":41,"column":30}},"type":"cond-expr","locations":[{"start":{"line":40,"column":12},"end":{"line":40,"column":59}},{"start":{"line":41,"column":12},"end":{"line":41,"column":30}}],"line":39},"11":{"loc":{"start":{"line":53,"column":18},"end":{"line":53,"column":41}},"type":"binary-expr","locations":[{"start":{"line":53,"column":18},"end":{"line":53,"column":33}},{"start":{"line":53,"column":37},"end":{"line":53,"column":41}}],"line":53}},"s":{"0":7,"1":7,"2":7,"3":8,"4":8,"5":8,"6":8,"7":8,"8":8,"9":4,"10":7},"f":{"0":8},"b":{"0":[0],"1":[1],"2":[1],"3":[1],"4":[8],"5":[4],"6":[6],"7":[8,8],"8":[7,1],"9":[4,4],"10":[4,4],"11":[8,5]},"_coverageSchema":"1a1c01bbd47fc00a2c39e90264f33305004495a9","hash":"92cb7909421f6874a84d77403bbb1dec0070f57d"}
,"/Users/sb/Documents/Web_Project_2026/AH-Web-Company/ah-webapp-2026/server/src/services/auth.service.js": {"path":"/Users/sb/Documents/Web_Project_2026/AH-Web-Company/ah-webapp-2026/server/src/services/auth.service.js","statementMap":{"0":{"start":{"line":1,"column":27},"end":{"line":1,"column":53}},"1":{"start":{"line":8,"column":4},"end":{"line":8,"column":24}},"2":{"start":{"line":9,"column":21},"end":{"line":9,"column":47}},"3":{"start":{"line":10,"column":23},"end":{"line":10,"column":51}},"4":{"start":{"line":15,"column":17},"end":{"line":15,"column":56}},"5":{"start":{"line":16,"column":4},"end":{"line":24,"column":5}},"6":{"start":{"line":17,"column":24},"end":{"line":19,"column":7}},"7":{"start":{"line":20,"column":6},"end":{"line":23,"column":8}},"8":{"start":{"line":27,"column":21},"end":{"line":27,"column":25}},"9":{"start":{"line":30,"column":19},"end":{"line":85,"column":6}},"10":{"start":{"line":32,"column":28},"end":{"line":47,"column":7}},"11":{"start":{"line":33,"column":8},"end":{"line":35,"column":9}},"12":{"start":{"line":34,"column":10},"end":{"line":34,"column":59}},"13":{"start":{"line":36,"column":8},"end":{"line":44,"column":11}},"14":{"start":{"line":45,"column":8},"end":{"line":45,"column":49}},"15":{"start":{"line":46,"column":8},"end":{"line":46,"column":20}},"16":{"start":{"line":49,"column":6},"end":{"line":50,"column":57}},"17":{"start":{"line":50,"column":8},"end":{"line":50,"column":57}},"18":{"start":{"line":52,"column":22},"end":{"line":52,"column":68}},"19":{"start":{"line":53,"column":6},"end":{"line":53,"column":76}},"20":{"start":{"line":53,"column":20},"end":{"line":53,"column":76}},"21":{"start":{"line":55,"column":6},"end":{"line":56,"column":64}},"22":{"start":{"line":56,"column":8},"end":{"line":56,"column":64}},"23":{"start":{"line":58,"column":6},"end":{"line":59,"column":63}},"24":{"start":{"line":59,"column":8},"end":{"line":59,"column":63}},"25":{"start":{"line":62,"column":6},"end":{"line":62,"column":65}},"26":{"start":{"line":63,"column":26},"end":{"line":67,"column":7}},"27":{"start":{"line":69,"column":6},"end":{"line":79,"column":9}},"28":{"start":{"line":81,"column":6},"end":{"line":84,"column":8}},"29":{"start":{"line":87,"column":4},"end":{"line":91,"column":5}},"30":{"start":{"line":89,"column":6},"end":{"line":89,"column":24}},"31":{"start":{"line":90,"column":6},"end":{"line":90,"column":64}},"32":{"start":{"line":93,"column":4},"end":{"line":93,"column":18}},"33":{"start":{"line":97,"column":37},"end":{"line":97,"column":50}},"34":{"start":{"line":99,"column":4},"end":{"line":189,"column":7}},"35":{"start":{"line":101,"column":17},"end":{"line":101,"column":73}},"36":{"start":{"line":104,"column":6},"end":{"line":115,"column":7}},"37":{"start":{"line":105,"column":8},"end":{"line":113,"column":11}},"38":{"start":{"line":114,"column":8},"end":{"line":114,"column":80}},"39":{"start":{"line":119,"column":6},"end":{"line":131,"column":7}},"40":{"start":{"line":120,"column":8},"end":{"line":129,"column":11}},"41":{"start":{"line":130,"column":8},"end":{"line":130,"column":80}},"42":{"start":{"line":134,"column":6},"end":{"line":147,"column":7}},"43":{"start":{"line":135,"column":8},"end":{"line":135,"column":76}},"44":{"start":{"line":137,"column":8},"end":{"line":146,"column":11}},"45":{"start":{"line":150,"column":6},"end":{"line":159,"column":8}},"46":{"start":{"line":162,"column":26},"end":{"line":166,"column":7}},"47":{"start":{"line":169,"column":6},"end":{"line":178,"column":9}},"48":{"start":{"line":180,"column":6},"end":{"line":188,"column":8}},"49":{"start":{"line":195,"column":6},"end":{"line":199,"column":8}},"50":{"start":{"line":201,"column":20},"end":{"line":204,"column":5}},"51":{"start":{"line":206,"column":24},"end":{"line":206,"column":52}},"52":{"start":{"line":208,"column":4},"end":{"line":213,"column":6}},"53":{"start":{"line":218,"column":21},"end":{"line":218,"column":56}},"54":{"start":{"line":219,"column":23},"end":{"line":219,"column":56}},"55":{"start":{"line":221,"column":4},"end":{"line":225,"column":5}},"56":{"start":{"line":223,"column":6},"end":{"line":223,"column":70}},"57":{"start":{"line":224,"column":6},"end":{"line":224,"column":41}},"58":{"start":{"line":227,"column":4},"end":{"line":227,"column":70}},"59":{"start":{"line":229,"column":4},"end":{"line":232,"column":6}},"60":{"start":{"line":236,"column":0},"end":{"line":236,"column":35}}},"fnMap":{"0":{"name":"(anonymous_0)","decl":{"start":{"line":13,"column":2},"end":{"line":13,"column":3}},"loc":{"start":{"line":13,"column":43},"end":{"line":94,"column":3}},"line":13},"1":{"name":"(anonymous_1)","decl":{"start":{"line":30,"column":41},"end":{"line":30,"column":42}},"loc":{"start":{"line":30,"column":64},"end":{"line":85,"column":5}},"line":30},"2":{"name":"(anonymous_2)","decl":{"start":{"line":32,"column":28},"end":{"line":32,"column":29}},"loc":{"start":{"line":32,"column":60},"end":{"line":47,"column":7}},"line":32},"3":{"name":"(anonymous_3)","decl":{"start":{"line":96,"column":2},"end":{"line":96,"column":3}},"loc":{"start":{"line":96,"column":47},"end":{"line":190,"column":3}},"line":96},"4":{"name":"(anonymous_4)","decl":{"start":{"line":99,"column":33},"end":{"line":99,"column":34}},"loc":{"start":{"line":99,"column":56},"end":{"line":189,"column":5}},"line":99},"5":{"name":"(anonymous_5)","decl":{"start":{"line":193,"column":2},"end":{"line":193,"column":3}},"loc":{"start":{"line":193,"column":64},"end":{"line":214,"column":3}},"line":193},"6":{"name":"(anonymous_6)","decl":{"start":{"line":217,"column":2},"end":{"line":217,"column":3}},"loc":{"start":{"line":217,"column":53},"end":{"line":233,"column":3}},"line":217}},"branchMap":{"0":{"loc":{"start":{"line":16,"column":4},"end":{"line":24,"column":5}},"type":"if","locations":[{"start":{"line":16,"column":4},"end":{"line":24,"column":5}},{"start":{},"end":{}}],"line":16},"1":{"loc":{"start":{"line":16,"column":8},"end":{"line":16,"column":60}},"type":"binary-expr","locations":[{"start":{"line":16,"column":8},"end":{"line":16,"column":26}},{"start":{"line":16,"column":30},"end":{"line":16,"column":60}}],"line":16},"2":{"loc":{"start":{"line":32,"column":43},"end":{"line":32,"column":55}},"type":"default-arg","locations":[{"start":{"line":32,"column":52},"end":{"line":32,"column":55}}],"line":32},"3":{"loc":{"start":{"line":33,"column":8},"end":{"line":35,"column":9}},"type":"if","locations":[{"start":{"line":33,"column":8},"end":{"line":35,"column":9}},{"start":{},"end":{}}],"line":33},"4":{"loc":{"start":{"line":49,"column":6},"end":{"line":50,"column":57}},"type":"if","locations":[{"start":{"line":49,"column":6},"end":{"line":50,"column":57}},{"start":{},"end":{}}],"line":49},"5":{"loc":{"start":{"line":49,"column":10},"end":{"line":49,"column":33}},"type":"binary-expr","locations":[{"start":{"line":49,"column":10},"end":{"line":49,"column":15}},{"start":{"line":49,"column":19},"end":{"line":49,"column":33}}],"line":49},"6":{"loc":{"start":{"line":53,"column":6},"end":{"line":53,"column":76}},"type":"if","locations":[{"start":{"line":53,"column":6},"end":{"line":53,"column":76}},{"start":{},"end":{}}],"line":53},"7":{"loc":{"start":{"line":55,"column":6},"end":{"line":56,"column":64}},"type":"if","locations":[{"start":{"line":55,"column":6},"end":{"line":56,"column":64}},{"start":{},"end":{}}],"line":55},"8":{"loc":{"start":{"line":58,"column":6},"end":{"line":59,"column":63}},"type":"if","locations":[{"start":{"line":58,"column":6},"end":{"line":59,"column":63}},{"start":{},"end":{}}],"line":58},"9":{"loc":{"start":{"line":87,"column":4},"end":{"line":91,"column":5}},"type":"if","locations":[{"start":{"line":87,"column":4},"end":{"line":91,"column":5}},{"start":{},"end":{}}],"line":87},"10":{"loc":{"start":{"line":104,"column":6},"end":{"line":115,"column":7}},"type":"if","locations":[{"start":{"line":104,"column":6},"end":{"line":115,"column":7}},{"start":{},"end":{}}],"line":104},"11":{"loc":{"start":{"line":119,"column":6},"end":{"line":131,"column":7}},"type":"if","locations":[{"start":{"line":119,"column":6},"end":{"line":131,"column":7}},{"start":{},"end":{}}],"line":119},"12":{"loc":{"start":{"line":134,"column":6},"end":{"line":147,"column":7}},"type":"if","locations":[{"start":{"line":134,"column":6},"end":{"line":147,"column":7}},{"start":{},"end":{}}],"line":134},"13":{"loc":{"start":{"line":193,"column":44},"end":{"line":193,"column":62}},"type":"default-arg","locations":[{"start":{"line":193,"column":58},"end":{"line":193,"column":62}}],"line":193},"14":{"loc":{"start":{"line":217,"column":33},"end":{"line":217,"column":51}},"type":"default-arg","locations":[{"start":{"line":217,"column":47},"end":{"line":217,"column":51}}],"line":217},"15":{"loc":{"start":{"line":218,"column":22},"end":{"line":218,"column":51}},"type":"binary-expr","locations":[{"start":{"line":218,"column":22},"end":{"line":218,"column":46}},{"start":{"line":218,"column":50},"end":{"line":218,"column":51}}],"line":218},"16":{"loc":{"start":{"line":221,"column":4},"end":{"line":225,"column":5}},"type":"if","locations":[{"start":{"line":221,"column":4},"end":{"line":225,"column":5}},{"start":{},"end":{}}],"line":221}},"s":{"0":3,"1":3,"2":3,"3":3,"4":3,"5":3,"6":1,"7":1,"8":2,"9":2,"10":2,"11":1,"12":1,"13":1,"14":1,"15":1,"16":2,"17":0,"18":2,"19":2,"20":1,"21":1,"22":0,"23":1,"24":0,"25":1,"26":1,"27":1,"28":1,"29":2,"30":1,"31":1,"32":1,"33":2,"34":2,"35":2,"36":2,"37":1,"38":1,"39":1,"40":0,"41":0,"42":1,"43":1,"44":1,"45":1,"46":1,"47":1,"48":1,"49":1,"50":1,"51":1,"52":1,"53":1,"54":1,"55":1,"56":0,"57":0,"58":1,"59":1,"60":3},"f":{"0":3,"1":2,"2":1,"3":2,"4":2,"5":1,"6":1},"b":{"0":[1,2],"1":[3,1],"2":[1],"3":[1,0],"4":[0,2],"5":[2,2],"6":[1,1],"7":[0,1],"8":[0,1],"9":[1,1],"10":[1,1],"11":[0,1],"12":[1,0],"13":[0],"14":[0],"15":[1,1],"16":[0,1]},"_coverageSchema":"1a1c01bbd47fc00a2c39e90264f33305004495a9","hash":"93b89adef3669716f8626111a66e666b43a443b1"}
,"/Users/sb/Documents/Web_Project_2026/AH-Web-Company/ah-webapp-2026/server/src/services/index.js": {"path":"/Users/sb/Documents/Web_Project_2026/AH-Web-Company/ah-webapp-2026/server/src/services/index.js","statementMap":{"0":{"start":{"line":1,"column":20},"end":{"line":1,"column":45}},"1":{"start":{"line":2,"column":21},"end":{"line":2,"column":47}},"2":{"start":{"line":3,"column":23},"end":{"line":3,"column":51}},"3":{"start":{"line":5,"column":0},"end":{"line":9,"column":2}}},"fnMap":{},"branchMap":{},"s":{"0":2,"1":2,"2":2,"3":2},"f":{},"b":{},"_coverageSchema":"1a1c01bbd47fc00a2c39e90264f33305004495a9","hash":"5b6e9d5a794df73da7519bfd2e6b640763662b0f"}
,"/Users/sb/Documents/Web_Project_2026/AH-Web-Company/ah-webapp-2026/server/src/services/session.service.js": {"path":"/Users/sb/Documents/Web_Project_2026/AH-Web-Company/ah-webapp-2026/server/src/services/session.service.js","statementMap":{"0":{"start":{"line":1,"column":34},"end":{"line":1,"column":60}},"1":{"start":{"line":10,"column":4},"end":{"line":10,"column":24}},"2":{"start":{"line":11,"column":21},"end":{"line":11,"column":47}},"3":{"start":{"line":17,"column":23},"end":{"line":17,"column":33}},"4":{"start":{"line":18,"column":23},"end":{"line":18,"column":46}},"5":{"start":{"line":21,"column":32},"end":{"line":26,"column":5}},"6":{"start":{"line":28,"column":4},"end":{"line":32,"column":5}},"7":{"start":{"line":29,"column":6},"end":{"line":31,"column":9}},"8":{"start":{"line":35,"column":38},"end":{"line":35,"column":57}},"9":{"start":{"line":36,"column":22},"end":{"line":36,"column":69}},"10":{"start":{"line":39,"column":20},"end":{"line":49,"column":5}},"11":{"start":{"line":51,"column":4},"end":{"line":55,"column":6}},"12":{"start":{"line":59,"column":23},"end":{"line":59,"column":27}},"13":{"start":{"line":61,"column":19},"end":{"line":121,"column":6}},"14":{"start":{"line":63,"column":26},"end":{"line":63,"column":52}},"15":{"start":{"line":64,"column":22},"end":{"line":67,"column":7}},"16":{"start":{"line":70,"column":6},"end":{"line":73,"column":7}},"17":{"start":{"line":71,"column":8},"end":{"line":71,"column":77}},"18":{"start":{"line":72,"column":8},"end":{"line":72,"column":20}},"19":{"start":{"line":76,"column":6},"end":{"line":95,"column":7}},"20":{"start":{"line":77,"column":25},"end":{"line":80,"column":9}},"21":{"start":{"line":82,"column":8},"end":{"line":88,"column":10}},"22":{"start":{"line":90,"column":8},"end":{"line":93,"column":10}},"23":{"start":{"line":94,"column":8},"end":{"line":94,"column":20}},"24":{"start":{"line":98,"column":6},"end":{"line":100,"column":9}},"25":{"start":{"line":103,"column":25},"end":{"line":109,"column":7}},"26":{"start":{"line":112,"column":26},"end":{"line":115,"column":8}},"27":{"start":{"line":117,"column":6},"end":{"line":120,"column":8}},"28":{"start":{"line":123,"column":4},"end":{"line":126,"column":5}},"29":{"start":{"line":124,"column":6},"end":{"line":124,"column":23}},"30":{"start":{"line":125,"column":6},"end":{"line":125,"column":72}},"31":{"start":{"line":128,"column":4},"end":{"line":128,"column":18}},"32":{"start":{"line":133,"column":21},"end":{"line":136,"column":5}},"33":{"start":{"line":137,"column":4},"end":{"line":137,"column":48}},"34":{"start":{"line":141,"column":4},"end":{"line":166,"column":7}},"35":{"start":{"line":142,"column":26},"end":{"line":142,"column":49}},"36":{"start":{"line":143,"column":22},"end":{"line":146,"column":7}},"37":{"start":{"line":148,"column":6},"end":{"line":150,"column":7}},"38":{"start":{"line":149,"column":8},"end":{"line":149,"column":53}},"39":{"start":{"line":152,"column":6},"end":{"line":154,"column":9}},"40":{"start":{"line":156,"column":6},"end":{"line":165,"column":9}},"41":{"start":{"line":170,"column":4},"end":{"line":193,"column":7}},"42":{"start":{"line":171,"column":22},"end":{"line":173,"column":8}},"43":{"start":{"line":175,"column":6},"end":{"line":177,"column":7}},"44":{"start":{"line":176,"column":8},"end":{"line":176,"column":53}},"45":{"start":{"line":179,"column":6},"end":{"line":181,"column":9}},"46":{"start":{"line":183,"column":6},"end":{"line":192,"column":9}},"47":{"start":{"line":202,"column":4},"end":{"line":227,"column":7}},"48":{"start":{"line":203,"column":29},"end":{"line":208,"column":7}},"49":{"start":{"line":209,"column":6},"end":{"line":215,"column":8}},"50":{"start":{"line":217,"column":6},"end":{"line":226,"column":9}},"51":{"start":{"line":238,"column":23},"end":{"line":238,"column":33}},"52":{"start":{"line":240,"column":30},"end":{"line":255,"column":5}},"53":{"start":{"line":241,"column":6},"end":{"line":243,"column":9}},"54":{"start":{"line":245,"column":6},"end":{"line":254,"column":9}},"55":{"start":{"line":257,"column":4},"end":{"line":259,"column":5}},"56":{"start":{"line":258,"column":6},"end":{"line":258,"column":43}},"57":{"start":{"line":261,"column":4},"end":{"line":261,"column":52}},"58":{"start":{"line":265,"column":0},"end":{"line":265,"column":38}}},"fnMap":{"0":{"name":"(anonymous_0)","decl":{"start":{"line":15,"column":2},"end":{"line":15,"column":3}},"loc":{"start":{"line":15,"column":69},"end":{"line":56,"column":3}},"line":15},"1":{"name":"(anonymous_1)","decl":{"start":{"line":58,"column":2},"end":{"line":58,"column":3}},"loc":{"start":{"line":58,"column":63},"end":{"line":129,"column":3}},"line":58},"2":{"name":"(anonymous_2)","decl":{"start":{"line":61,"column":41},"end":{"line":61,"column":42}},"loc":{"start":{"line":61,"column":64},"end":{"line":121,"column":5}},"line":61},"3":{"name":"(anonymous_3)","decl":{"start":{"line":132,"column":2},"end":{"line":132,"column":3}},"loc":{"start":{"line":132,"column":34},"end":{"line":138,"column":3}},"line":132},"4":{"name":"(anonymous_4)","decl":{"start":{"line":140,"column":2},"end":{"line":140,"column":3}},"loc":{"start":{"line":140,"column":50},"end":{"line":167,"column":3}},"line":140},"5":{"name":"(anonymous_5)","decl":{"start":{"line":141,"column":33},"end":{"line":141,"column":34}},"loc":{"start":{"line":141,"column":56},"end":{"line":166,"column":5}},"line":141},"6":{"name":"(anonymous_6)","decl":{"start":{"line":169,"column":2},"end":{"line":169,"column":3}},"loc":{"start":{"line":169,"column":51},"end":{"line":194,"column":3}},"line":169},"7":{"name":"(anonymous_7)","decl":{"start":{"line":170,"column":33},"end":{"line":170,"column":34}},"loc":{"start":{"line":170,"column":56},"end":{"line":193,"column":5}},"line":170},"8":{"name":"(anonymous_8)","decl":{"start":{"line":196,"column":2},"end":{"line":196,"column":3}},"loc":{"start":{"line":201,"column":4},"end":{"line":228,"column":3}},"line":201},"9":{"name":"(anonymous_9)","decl":{"start":{"line":202,"column":33},"end":{"line":202,"column":34}},"loc":{"start":{"line":202,"column":56},"end":{"line":227,"column":5}},"line":202},"10":{"name":"(anonymous_10)","decl":{"start":{"line":230,"column":2},"end":{"line":230,"column":3}},"loc":{"start":{"line":236,"column":4},"end":{"line":262,"column":3}},"line":236},"11":{"name":"(anonymous_11)","decl":{"start":{"line":240,"column":30},"end":{"line":240,"column":31}},"loc":{"start":{"line":240,"column":43},"end":{"line":255,"column":5}},"line":240}},"branchMap":{"0":{"loc":{"start":{"line":15,"column":47},"end":{"line":15,"column":65}},"type":"default-arg","locations":[{"start":{"line":15,"column":61},"end":{"line":15,"column":65}}],"line":15},"1":{"loc":{"start":{"line":28,"column":4},"end":{"line":32,"column":5}},"type":"if","locations":[{"start":{"line":28,"column":4},"end":{"line":32,"column":5}},{"start":{},"end":{}}],"line":28},"2":{"loc":{"start":{"line":70,"column":6},"end":{"line":73,"column":7}},"type":"if","locations":[{"start":{"line":70,"column":6},"end":{"line":73,"column":7}},{"start":{},"end":{}}],"line":70},"3":{"loc":{"start":{"line":76,"column":6},"end":{"line":95,"column":7}},"type":"if","locations":[{"start":{"line":76,"column":6},"end":{"line":95,"column":7}},{"start":{},"end":{}}],"line":76},"4":{"loc":{"start":{"line":76,"column":10},"end":{"line":76,"column":61}},"type":"binary-expr","locations":[{"start":{"line":76,"column":10},"end":{"line":76,"column":40}},{"start":{"line":76,"column":44},"end":{"line":76,"column":61}}],"line":76},"5":{"loc":{"start":{"line":123,"column":4},"end":{"line":126,"column":5}},"type":"if","locations":[{"start":{"line":123,"column":4},"end":{"line":126,"column":5}},{"start":{},"end":{}}],"line":123},"6":{"loc":{"start":{"line":148,"column":6},"end":{"line":150,"column":7}},"type":"if","locations":[{"start":{"line":148,"column":6},"end":{"line":150,"column":7}},{"start":{},"end":{}}],"line":148},"7":{"loc":{"start":{"line":175,"column":6},"end":{"line":177,"column":7}},"type":"if","locations":[{"start":{"line":175,"column":6},"end":{"line":177,"column":7}},{"start":{},"end":{}}],"line":175},"8":{"loc":{"start":{"line":175,"column":10},"end":{"line":175,"column":47}},"type":"binary-expr","locations":[{"start":{"line":175,"column":10},"end":{"line":175,"column":18}},{"start":{"line":175,"column":22},"end":{"line":175,"column":47}}],"line":175},"9":{"loc":{"start":{"line":200,"column":4},"end":{"line":200,"column":55}},"type":"default-arg","locations":[{"start":{"line":200,"column":13},"end":{"line":200,"column":55}}],"line":200},"10":{"loc":{"start":{"line":234,"column":4},"end":{"line":234,"column":67}},"type":"default-arg","locations":[{"start":{"line":234,"column":15},"end":{"line":234,"column":67}}],"line":234},"11":{"loc":{"start":{"line":235,"column":4},"end":{"line":235,"column":22}},"type":"default-arg","locations":[{"start":{"line":235,"column":18},"end":{"line":235,"column":22}}],"line":235},"12":{"loc":{"start":{"line":257,"column":4},"end":{"line":259,"column":5}},"type":"if","locations":[{"start":{"line":257,"column":4},"end":{"line":259,"column":5}},{"start":{},"end":{}}],"line":257}},"s":{"0":4,"1":4,"2":4,"3":3,"4":3,"5":3,"6":3,"7":1,"8":3,"9":3,"10":3,"11":3,"12":3,"13":3,"14":3,"15":3,"16":3,"17":1,"18":1,"19":2,"20":1,"21":1,"22":1,"23":1,"24":1,"25":1,"26":1,"27":1,"28":3,"29":2,"30":2,"31":1,"32":0,"33":0,"34":0,"35":0,"36":0,"37":0,"38":0,"39":0,"40":0,"41":2,"42":2,"43":2,"44":1,"45":1,"46":1,"47":0,"48":0,"49":0,"50":0,"51":1,"52":1,"53":2,"54":2,"55":1,"56":1,"57":1,"58":4},"f":{"0":3,"1":3,"2":3,"3":0,"4":0,"5":0,"6":2,"7":2,"8":0,"9":0,"10":1,"11":2},"b":{"0":[2],"1":[1,2],"2":[1,2],"3":[1,1],"4":[2,1],"5":[2,1],"6":[0,0],"7":[1,1],"8":[2,2],"9":[0],"10":[0],"11":[0],"12":[1,0]},"_coverageSchema":"1a1c01bbd47fc00a2c39e90264f33305004495a9","hash":"980e0c72d3e0c72ab6690c59da57359bc49141cc"}
,"/Users/sb/Documents/Web_Project_2026/AH-Web-Company/ah-webapp-2026/server/src/utils/app-error.helper.js": {"path":"/Users/sb/Documents/Web_Project_2026/AH-Web-Company/ah-webapp-2026/server/src/utils/app-error.helper.js","statementMap":{"0":{"start":{"line":3,"column":4},"end":{"line":3,"column":19}},"1":{"start":{"line":4,"column":4},"end":{"line":4,"column":33}},"2":{"start":{"line":5,"column":4},"end":{"line":5,"column":69}},"3":{"start":{"line":6,"column":4},"end":{"line":6,"column":30}},"4":{"start":{"line":8,"column":4},"end":{"line":8,"column":52}},"5":{"start":{"line":12,"column":0},"end":{"line":12,"column":26}}},"fnMap":{"0":{"name":"(anonymous_0)","decl":{"start":{"line":2,"column":2},"end":{"line":2,"column":3}},"loc":{"start":{"line":2,"column":35},"end":{"line":9,"column":3}},"line":2}},"branchMap":{"0":{"loc":{"start":{"line":5,"column":18},"end":{"line":5,"column":68}},"type":"cond-expr","locations":[{"start":{"line":5,"column":52},"end":{"line":5,"column":58}},{"start":{"line":5,"column":61},"end":{"line":5,"column":68}}],"line":5}},"s":{"0":21,"1":21,"2":21,"3":21,"4":21,"5":22},"f":{"0":21},"b":{"0":[18,3]},"_coverageSchema":"1a1c01bbd47fc00a2c39e90264f33305004495a9","hash":"c2e3dcf07d6c36e93775c179ba005a81227b1802"}
,"/Users/sb/Documents/Web_Project_2026/AH-Web-Company/ah-webapp-2026/server/src/utils/bcrypt.helper.js": {"path":"/Users/sb/Documents/Web_Project_2026/AH-Web-Company/ah-webapp-2026/server/src/utils/bcrypt.helper.js","statementMap":{"0":{"start":{"line":1,"column":15},"end":{"line":1,"column":34}},"1":{"start":{"line":6,"column":21},"end":{"line":8,"column":1}},"2":{"start":{"line":7,"column":2},"end":{"line":7,"column":41}},"3":{"start":{"line":13,"column":24},"end":{"line":15,"column":1}},"4":{"start":{"line":14,"column":2},"end":{"line":14,"column":61}},"5":{"start":{"line":17,"column":0},"end":{"line":20,"column":2}}},"fnMap":{"0":{"name":"(anonymous_0)","decl":{"start":{"line":6,"column":21},"end":{"line":6,"column":22}},"loc":{"start":{"line":6,"column":41},"end":{"line":8,"column":1}},"line":6},"1":{"name":"(anonymous_1)","decl":{"start":{"line":13,"column":24},"end":{"line":13,"column":25}},"loc":{"start":{"line":13,"column":65},"end":{"line":15,"column":1}},"line":13}},"branchMap":{},"s":{"0":21,"1":21,"2":8,"3":21,"4":2,"5":21},"f":{"0":8,"1":2},"b":{},"_coverageSchema":"1a1c01bbd47fc00a2c39e90264f33305004495a9","hash":"4796c06e24278e72eadb208042ecc04836576415"}
,"/Users/sb/Documents/Web_Project_2026/AH-Web-Company/ah-webapp-2026/server/src/utils/delay.helper.js": {"path":"/Users/sb/Documents/Web_Project_2026/AH-Web-Company/ah-webapp-2026/server/src/utils/delay.helper.js","statementMap":{"0":{"start":{"line":1,"column":14},"end":{"line":8,"column":1}},"1":{"start":{"line":3,"column":2},"end":{"line":5,"column":3}},"2":{"start":{"line":4,"column":4},"end":{"line":4,"column":29}},"3":{"start":{"line":7,"column":2},"end":{"line":7,"column":59}},"4":{"start":{"line":7,"column":34},"end":{"line":7,"column":57}},"5":{"start":{"line":10,"column":0},"end":{"line":10,"column":23}}},"fnMap":{"0":{"name":"(anonymous_0)","decl":{"start":{"line":1,"column":14},"end":{"line":1,"column":15}},"loc":{"start":{"line":1,"column":28},"end":{"line":8,"column":1}},"line":1},"1":{"name":"(anonymous_1)","decl":{"start":{"line":7,"column":21},"end":{"line":7,"column":22}},"loc":{"start":{"line":7,"column":34},"end":{"line":7,"column":57}},"line":7}},"branchMap":{"0":{"loc":{"start":{"line":1,"column":15},"end":{"line":1,"column":23}},"type":"default-arg","locations":[{"start":{"line":1,"column":20},"end":{"line":1,"column":23}}],"line":1},"1":{"loc":{"start":{"line":3,"column":2},"end":{"line":5,"column":3}},"type":"if","locations":[{"start":{"line":3,"column":2},"end":{"line":5,"column":3}},{"start":{},"end":{}}],"line":3}},"s":{"0":21,"1":0,"2":0,"3":0,"4":0,"5":21},"f":{"0":0,"1":0},"b":{"0":[0],"1":[0,0]},"_coverageSchema":"1a1c01bbd47fc00a2c39e90264f33305004495a9","hash":"3b917de4ae795c9ee3de0d9930e4c9c70424183c"}
,"/Users/sb/Documents/Web_Project_2026/AH-Web-Company/ah-webapp-2026/server/src/utils/device.helper.js": {"path":"/Users/sb/Documents/Web_Project_2026/AH-Web-Company/ah-webapp-2026/server/src/utils/device.helper.js","statementMap":{"0":{"start":{"line":1,"column":17},"end":{"line":1,"column":40}},"1":{"start":{"line":5,"column":28},"end":{"line":13,"column":1}},"2":{"start":{"line":6,"column":2},"end":{"line":6,"column":35}},"3":{"start":{"line":6,"column":11},"end":{"line":6,"column":35}},"4":{"start":{"line":8,"column":17},"end":{"line":8,"column":33}},"5":{"start":{"line":9,"column":18},"end":{"line":9,"column":63}},"6":{"start":{"line":10,"column":13},"end":{"line":10,"column":48}},"7":{"start":{"line":12,"column":2},"end":{"line":12,"column":31}},"8":{"start":{"line":16,"column":26},"end":{"line":24,"column":1}},"9":{"start":{"line":17,"column":2},"end":{"line":23,"column":4}},"10":{"start":{"line":26,"column":0},"end":{"line":29,"column":2}}},"fnMap":{"0":{"name":"(anonymous_0)","decl":{"start":{"line":5,"column":28},"end":{"line":5,"column":29}},"loc":{"start":{"line":5,"column":36},"end":{"line":13,"column":1}},"line":5},"1":{"name":"(anonymous_1)","decl":{"start":{"line":16,"column":26},"end":{"line":16,"column":27}},"loc":{"start":{"line":16,"column":35},"end":{"line":24,"column":1}},"line":16}},"branchMap":{"0":{"loc":{"start":{"line":6,"column":2},"end":{"line":6,"column":35}},"type":"if","locations":[{"start":{"line":6,"column":2},"end":{"line":6,"column":35}},{"start":{},"end":{}}],"line":6},"1":{"loc":{"start":{"line":9,"column":18},"end":{"line":9,"column":63}},"type":"binary-expr","locations":[{"start":{"line":9,"column":18},"end":{"line":9,"column":42}},{"start":{"line":9,"column":46},"end":{"line":9,"column":63}}],"line":9},"2":{"loc":{"start":{"line":10,"column":13},"end":{"line":10,"column":48}},"type":"binary-expr","locations":[{"start":{"line":10,"column":13},"end":{"line":10,"column":32}},{"start":{"line":10,"column":36},"end":{"line":10,"column":48}}],"line":10},"3":{"loc":{"start":{"line":20,"column":6},"end":{"line":22,"column":15}},"type":"binary-expr","locations":[{"start":{"line":20,"column":6},"end":{"line":20,"column":51}},{"start":{"line":21,"column":6},"end":{"line":21,"column":30}},{"start":{"line":22,"column":6},"end":{"line":22,"column":15}}],"line":20}},"s":{"0":22,"1":22,"2":11,"3":2,"4":9,"5":9,"6":9,"7":9,"8":22,"9":6,"10":22},"f":{"0":11,"1":6},"b":{"0":[2,9],"1":[9,6],"2":[9,6],"3":[6,5,1]},"_coverageSchema":"1a1c01bbd47fc00a2c39e90264f33305004495a9","hash":"b3bcc1bddceb111c9b01b9831c410084bc2f84c6"}
,"/Users/sb/Documents/Web_Project_2026/AH-Web-Company/ah-webapp-2026/server/src/utils/google-auth.helper.js": {"path":"/Users/sb/Documents/Web_Project_2026/AH-Web-Company/ah-webapp-2026/server/src/utils/google-auth.helper.js","statementMap":{"0":{"start":{"line":1,"column":25},"end":{"line":1,"column":55}},"1":{"start":{"line":2,"column":15},"end":{"line":2,"column":61}},"2":{"start":{"line":3,"column":17},"end":{"line":3,"column":46}},"3":{"start":{"line":5,"column":26},"end":{"line":16,"column":1}},"4":{"start":{"line":6,"column":2},"end":{"line":15,"column":3}},"5":{"start":{"line":7,"column":19},"end":{"line":10,"column":6}},"6":{"start":{"line":11,"column":20},"end":{"line":11,"column":39}},"7":{"start":{"line":12,"column":4},"end":{"line":12,"column":19}},"8":{"start":{"line":14,"column":4},"end":{"line":14,"column":52}},"9":{"start":{"line":18,"column":0},"end":{"line":20,"column":2}}},"fnMap":{"0":{"name":"(anonymous_0)","decl":{"start":{"line":5,"column":26},"end":{"line":5,"column":27}},"loc":{"start":{"line":5,"column":43},"end":{"line":16,"column":1}},"line":5}},"branchMap":{},"s":{"0":21,"1":21,"2":21,"3":21,"4":0,"5":0,"6":0,"7":0,"8":0,"9":21},"f":{"0":0},"b":{},"_coverageSchema":"1a1c01bbd47fc00a2c39e90264f33305004495a9","hash":"70758ebfaebac7125b9e347fa3f1ad30561e1849"}
,"/Users/sb/Documents/Web_Project_2026/AH-Web-Company/ah-webapp-2026/server/src/utils/index.js": {"path":"/Users/sb/Documents/Web_Project_2026/AH-Web-Company/ah-webapp-2026/server/src/utils/index.js","statementMap":{"0":{"start":{"line":1,"column":17},"end":{"line":1,"column":46}},"1":{"start":{"line":2,"column":22},"end":{"line":2,"column":56}},"2":{"start":{"line":3,"column":26},"end":{"line":3,"column":61}},"3":{"start":{"line":4,"column":42},"end":{"line":4,"column":68}},"4":{"start":{"line":5,"column":51},"end":{"line":5,"column":74}},"5":{"start":{"line":6,"column":28},"end":{"line":6,"column":59}},"6":{"start":{"line":7,"column":14},"end":{"line":7,"column":39}},"7":{"start":{"line":8,"column":30},"end":{"line":8,"column":61}},"8":{"start":{"line":9,"column":51},"end":{"line":9,"column":77}},"9":{"start":{"line":15,"column":4},"end":{"line":15,"column":29}},"10":{"start":{"line":17,"column":0},"end":{"line":34,"column":2}}},"fnMap":{},"branchMap":{},"s":{"0":21,"1":21,"2":21,"3":21,"4":21,"5":21,"6":21,"7":21,"8":21,"9":21,"10":21},"f":{},"b":{},"_coverageSchema":"1a1c01bbd47fc00a2c39e90264f33305004495a9","hash":"913f805a73033f56815e60be0654f4902ced7967"}
,"/Users/sb/Documents/Web_Project_2026/AH-Web-Company/ah-webapp-2026/server/src/utils/jwt.helper.js": {"path":"/Users/sb/Documents/Web_Project_2026/AH-Web-Company/ah-webapp-2026/server/src/utils/jwt.helper.js","statementMap":{"0":{"start":{"line":2,"column":12},"end":{"line":2,"column":35}},"1":{"start":{"line":4,"column":28},"end":{"line":8,"column":1}},"2":{"start":{"line":5,"column":2},"end":{"line":7,"column":5}},"3":{"start":{"line":10,"column":26},"end":{"line":12,"column":1}},"4":{"start":{"line":11,"column":2},"end":{"line":11,"column":60}},"5":{"start":{"line":14,"column":0},"end":{"line":14,"column":60}}},"fnMap":{"0":{"name":"(anonymous_0)","decl":{"start":{"line":4,"column":28},"end":{"line":4,"column":29}},"loc":{"start":{"line":4,"column":41},"end":{"line":8,"column":1}},"line":4},"1":{"name":"(anonymous_1)","decl":{"start":{"line":10,"column":26},"end":{"line":10,"column":27}},"loc":{"start":{"line":10,"column":37},"end":{"line":12,"column":1}},"line":10}},"branchMap":{},"s":{"0":22,"1":22,"2":2,"3":22,"4":3,"5":22},"f":{"0":2,"1":3},"b":{},"_coverageSchema":"1a1c01bbd47fc00a2c39e90264f33305004495a9","hash":"33ff937c475dc2f7e84f3448f6c37a0dfc0aa23b"}
,"/Users/sb/Documents/Web_Project_2026/AH-Web-Company/ah-webapp-2026/server/src/utils/normalize-port.helper.js": {"path":"/Users/sb/Documents/Web_Project_2026/AH-Web-Company/ah-webapp-2026/server/src/utils/normalize-port.helper.js","statementMap":{"0":{"start":{"line":1,"column":22},"end":{"line":6,"column":1}},"1":{"start":{"line":2,"column":15},"end":{"line":2,"column":32}},"2":{"start":{"line":3,"column":2},"end":{"line":3,"column":30}},"3":{"start":{"line":3,"column":19},"end":{"line":3,"column":30}},"4":{"start":{"line":4,"column":2},"end":{"line":4,"column":29}},"5":{"start":{"line":4,"column":17},"end":{"line":4,"column":29}},"6":{"start":{"line":5,"column":2},"end":{"line":5,"column":15}},"7":{"start":{"line":8,"column":0},"end":{"line":8,"column":31}}},"fnMap":{"0":{"name":"(anonymous_0)","decl":{"start":{"line":1,"column":22},"end":{"line":1,"column":23}},"loc":{"start":{"line":1,"column":31},"end":{"line":6,"column":1}},"line":1}},"branchMap":{"0":{"loc":{"start":{"line":3,"column":2},"end":{"line":3,"column":30}},"type":"if","locations":[{"start":{"line":3,"column":2},"end":{"line":3,"column":30}},{"start":{},"end":{}}],"line":3},"1":{"loc":{"start":{"line":4,"column":2},"end":{"line":4,"column":29}},"type":"if","locations":[{"start":{"line":4,"column":2},"end":{"line":4,"column":29}},{"start":{},"end":{}}],"line":4}},"s":{"0":21,"1":3,"2":3,"3":1,"4":2,"5":1,"6":1,"7":21},"f":{"0":3},"b":{"0":[1,2],"1":[1,1]},"_coverageSchema":"1a1c01bbd47fc00a2c39e90264f33305004495a9","hash":"eb660a4d2747fad7c7c0022a0363e73614f89bd8"}
,"/Users/sb/Documents/Web_Project_2026/AH-Web-Company/ah-webapp-2026/server/src/utils/server-handlers.helper.js": {"path":"/Users/sb/Documents/Web_Project_2026/AH-Web-Company/ah-webapp-2026/server/src/utils/server-handlers.helper.js","statementMap":{"0":{"start":{"line":1,"column":22},"end":{"line":17,"column":1}},"1":{"start":{"line":2,"column":2},"end":{"line":2,"column":46}},"2":{"start":{"line":2,"column":34},"end":{"line":2,"column":46}},"3":{"start":{"line":3,"column":15},"end":{"line":3,"column":73}},"4":{"start":{"line":5,"column":2},"end":{"line":16,"column":3}},"5":{"start":{"line":7,"column":6},"end":{"line":7,"column":60}},"6":{"start":{"line":8,"column":6},"end":{"line":8,"column":22}},"7":{"start":{"line":9,"column":6},"end":{"line":9,"column":12}},"8":{"start":{"line":11,"column":6},"end":{"line":11,"column":49}},"9":{"start":{"line":12,"column":6},"end":{"line":12,"column":22}},"10":{"start":{"line":13,"column":6},"end":{"line":13,"column":12}},"11":{"start":{"line":15,"column":6},"end":{"line":15,"column":18}},"12":{"start":{"line":19,"column":0},"end":{"line":19,"column":35}}},"fnMap":{"0":{"name":"(anonymous_0)","decl":{"start":{"line":1,"column":22},"end":{"line":1,"column":23}},"loc":{"start":{"line":1,"column":39},"end":{"line":17,"column":1}},"line":1}},"branchMap":{"0":{"loc":{"start":{"line":2,"column":2},"end":{"line":2,"column":46}},"type":"if","locations":[{"start":{"line":2,"column":2},"end":{"line":2,"column":46}},{"start":{},"end":{}}],"line":2},"1":{"loc":{"start":{"line":3,"column":15},"end":{"line":3,"column":73}},"type":"cond-expr","locations":[{"start":{"line":3,"column":42},"end":{"line":3,"column":56}},{"start":{"line":3,"column":59},"end":{"line":3,"column":73}}],"line":3},"2":{"loc":{"start":{"line":5,"column":2},"end":{"line":16,"column":3}},"type":"switch","locations":[{"start":{"line":6,"column":4},"end":{"line":9,"column":12}},{"start":{"line":10,"column":4},"end":{"line":13,"column":12}},{"start":{"line":14,"column":4},"end":{"line":15,"column":18}}],"line":5}},"s":{"0":21,"1":4,"2":1,"3":3,"4":3,"5":1,"6":1,"7":1,"8":1,"9":1,"10":1,"11":1,"12":21},"f":{"0":4},"b":{"0":[1,3],"1":[1,2],"2":[1,1,1]},"_coverageSchema":"1a1c01bbd47fc00a2c39e90264f33305004495a9","hash":"299494af9530f5f1761161559d9450b7bc4970eb"}
,"/Users/sb/Documents/Web_Project_2026/AH-Web-Company/ah-webapp-2026/server/src/utils/token.helper.js": {"path":"/Users/sb/Documents/Web_Project_2026/AH-Web-Company/ah-webapp-2026/server/src/utils/token.helper.js","statementMap":{"0":{"start":{"line":1,"column":15},"end":{"line":1,"column":32}},"1":{"start":{"line":3,"column":28},"end":{"line":5,"column":1}},"2":{"start":{"line":4,"column":2},"end":{"line":4,"column":51}},"3":{"start":{"line":10,"column":18},"end":{"line":13,"column":1}},"4":{"start":{"line":11,"column":2},"end":{"line":11,"column":26}},"5":{"start":{"line":11,"column":14},"end":{"line":11,"column":26}},"6":{"start":{"line":12,"column":2},"end":{"line":12,"column":65}},"7":{"start":{"line":18,"column":26},"end":{"line":22,"column":1}},"8":{"start":{"line":19,"column":19},"end":{"line":19,"column":45}},"9":{"start":{"line":20,"column":22},"end":{"line":20,"column":41}},"10":{"start":{"line":21,"column":2},"end":{"line":21,"column":35}},"11":{"start":{"line":27,"column":18},"end":{"line":29,"column":1}},"12":{"start":{"line":28,"column":2},"end":{"line":28,"column":42}},"13":{"start":{"line":31,"column":0},"end":{"line":36,"column":2}}},"fnMap":{"0":{"name":"(anonymous_0)","decl":{"start":{"line":3,"column":28},"end":{"line":3,"column":29}},"loc":{"start":{"line":3,"column":44},"end":{"line":5,"column":1}},"line":3},"1":{"name":"(anonymous_1)","decl":{"start":{"line":10,"column":18},"end":{"line":10,"column":19}},"loc":{"start":{"line":10,"column":29},"end":{"line":13,"column":1}},"line":10},"2":{"name":"(anonymous_2)","decl":{"start":{"line":18,"column":26},"end":{"line":18,"column":27}},"loc":{"start":{"line":18,"column":42},"end":{"line":22,"column":1}},"line":18},"3":{"name":"(anonymous_3)","decl":{"start":{"line":27,"column":18},"end":{"line":27,"column":19}},"loc":{"start":{"line":27,"column":33},"end":{"line":29,"column":1}},"line":27}},"branchMap":{"0":{"loc":{"start":{"line":3,"column":29},"end":{"line":3,"column":39}},"type":"default-arg","locations":[{"start":{"line":3,"column":37},"end":{"line":3,"column":39}}],"line":3},"1":{"loc":{"start":{"line":11,"column":2},"end":{"line":11,"column":26}},"type":"if","locations":[{"start":{"line":11,"column":2},"end":{"line":11,"column":26}},{"start":{},"end":{}}],"line":11},"2":{"loc":{"start":{"line":18,"column":27},"end":{"line":18,"column":37}},"type":"default-arg","locations":[{"start":{"line":18,"column":35},"end":{"line":18,"column":37}}],"line":18}},"s":{"0":22,"1":22,"2":4,"3":22,"4":8,"5":2,"6":6,"7":22,"8":1,"9":1,"10":1,"11":22,"12":3,"13":22},"f":{"0":4,"1":8,"2":1,"3":3},"b":{"0":[2],"1":[2,6],"2":[0]},"_coverageSchema":"1a1c01bbd47fc00a2c39e90264f33305004495a9","hash":"f87569c81315dd05a2587d2b8ff25b98fdac2763"}
,"/Users/sb/Documents/Web_Project_2026/AH-Web-Company/ah-webapp-2026/server/src/utils/transaction.helper.js": {"path":"/Users/sb/Documents/Web_Project_2026/AH-Web-Company/ah-webapp-2026/server/src/utils/transaction.helper.js","statementMap":{"0":{"start":{"line":2,"column":17},"end":{"line":2,"column":46}},"1":{"start":{"line":4,"column":24},"end":{"line":37,"column":1}},"2":{"start":{"line":6,"column":2},"end":{"line":8,"column":3}},"3":{"start":{"line":7,"column":4},"end":{"line":7,"column":33}},"4":{"start":{"line":12,"column":13},"end":{"line":12,"column":33}},"5":{"start":{"line":13,"column":20},"end":{"line":13,"column":32}},"6":{"start":{"line":15,"column":2},"end":{"line":20,"column":3}},"7":{"start":{"line":16,"column":4},"end":{"line":19,"column":6}},"8":{"start":{"line":23,"column":12},"end":{"line":23,"column":41}},"9":{"start":{"line":25,"column":2},"end":{"line":36,"column":3}},"10":{"start":{"line":26,"column":19},"end":{"line":26,"column":36}},"11":{"start":{"line":27,"column":4},"end":{"line":27,"column":21}},"12":{"start":{"line":28,"column":4},"end":{"line":28,"column":18}},"13":{"start":{"line":30,"column":4},"end":{"line":30,"column":30}},"14":{"start":{"line":30,"column":11},"end":{"line":30,"column":30}},"15":{"start":{"line":32,"column":4},"end":{"line":35,"column":6}},"16":{"start":{"line":39,"column":0},"end":{"line":39,"column":37}}},"fnMap":{"0":{"name":"(anonymous_0)","decl":{"start":{"line":4,"column":24},"end":{"line":4,"column":25}},"loc":{"start":{"line":4,"column":64},"end":{"line":37,"column":1}},"line":4}},"branchMap":{"0":{"loc":{"start":{"line":4,"column":41},"end":{"line":4,"column":59}},"type":"default-arg","locations":[{"start":{"line":4,"column":55},"end":{"line":4,"column":59}}],"line":4},"1":{"loc":{"start":{"line":6,"column":2},"end":{"line":8,"column":3}},"type":"if","locations":[{"start":{"line":6,"column":2},"end":{"line":8,"column":3}},{"start":{},"end":{}}],"line":6},"2":{"loc":{"start":{"line":15,"column":2},"end":{"line":20,"column":3}},"type":"if","locations":[{"start":{"line":15,"column":2},"end":{"line":20,"column":3}},{"start":{},"end":{}}],"line":15},"3":{"loc":{"start":{"line":30,"column":4},"end":{"line":30,"column":30}},"type":"if","locations":[{"start":{"line":30,"column":4},"end":{"line":30,"column":30}},{"start":{},"end":{}}],"line":30},"4":{"loc":{"start":{"line":33,"column":6},"end":{"line":33,"column":43}},"type":"binary-expr","locations":[{"start":{"line":33,"column":6},"end":{"line":33,"column":19}},{"start":{"line":33,"column":23},"end":{"line":33,"column":43}}],"line":33},"5":{"loc":{"start":{"line":34,"column":6},"end":{"line":34,"column":29}},"type":"binary-expr","locations":[{"start":{"line":34,"column":6},"end":{"line":34,"column":22}},{"start":{"line":34,"column":26},"end":{"line":34,"column":29}}],"line":34}},"s":{"0":22,"1":22,"2":10,"3":1,"4":9,"5":9,"6":9,"7":1,"8":8,"9":8,"10":8,"11":6,"12":6,"13":2,"14":2,"15":2,"16":22},"f":{"0":10},"b":{"0":[9],"1":[1,9],"2":[1,8],"3":[2,0],"4":[2,0],"5":[2,1]},"_coverageSchema":"1a1c01bbd47fc00a2c39e90264f33305004495a9","hash":"5c77b48deb419e9150e71c65e848f146ea2fb7c3"}
,"/Users/sb/Documents/Web_Project_2026/AH-Web-Company/ah-webapp-2026/server/src/validators/auth.validator.js": {"path":"/Users/sb/Documents/Web_Project_2026/AH-Web-Company/ah-webapp-2026/server/src/validators/auth.validator.js","statementMap":{"0":{"start":{"line":1,"column":14},"end":{"line":1,"column":28}},"1":{"start":{"line":3,"column":19},"end":{"line":39,"column":1}},"2":{"start":{"line":41,"column":0},"end":{"line":41,"column":28}}},"fnMap":{},"branchMap":{},"s":{"0":2,"1":2,"2":2},"f":{},"b":{},"_coverageSchema":"1a1c01bbd47fc00a2c39e90264f33305004495a9","hash":"b8b7f1b85b2308fb63591bea2de03df1bc4029cd"}
,"/Users/sb/Documents/Web_Project_2026/AH-Web-Company/ah-webapp-2026/server/src/validators/index.js": {"path":"/Users/sb/Documents/Web_Project_2026/AH-Web-Company/ah-webapp-2026/server/src/validators/index.js","statementMap":{"0":{"start":{"line":1,"column":18},"end":{"line":1,"column":45}},"1":{"start":{"line":3,"column":0},"end":{"line":5,"column":2}}},"fnMap":{},"branchMap":{},"s":{"0":2,"1":2},"f":{},"b":{},"_coverageSchema":"1a1c01bbd47fc00a2c39e90264f33305004495a9","hash":"46680e65f058785157cb7c1b0455f032b06c1598"}
}
