TN:
SF:src/app.js
FN:27,(anonymous_0)
FN:35,(anonymous_1)
FNF:2
FNH:2
FNDA:1,(anonymous_0)
FNDA:1,(anonymous_1)
DA:1,2
DA:6,2
DA:7,2
DA:8,2
DA:9,2
DA:10,2
DA:12,2
DA:13,2
DA:16,2
DA:17,2
DA:19,0
DA:21,2
DA:22,2
DA:23,2
DA:24,2
DA:27,2
DA:28,1
DA:32,2
DA:35,2
DA:36,1
DA:40,2
DA:42,2
LF:22
LH:21
BRDA:2,0,0,2
BRDA:2,0,1,0
BRDA:16,1,0,2
BRDA:16,1,1,0
BRF:4
BRH:2
end_of_record
TN:
SF:src/config/config.js
FNF:0
FNH:0
DA:1,13
DA:5,13
LF:2
LH:2
BRDA:2,0,0,13
BRDA:2,0,1,0
BRF:2
BRH:1
end_of_record
TN:
SF:src/config/constants.js
FNF:0
FNH:0
DA:1,3
DA:7,3
DA:20,3
LF:3
LH:3
BRF:0
BRH:0
end_of_record
TN:
SF:src/controllers/auth.controller.js
FN:6,(anonymous_0)
FN:34,(anonymous_1)
FN:58,(anonymous_2)
FNF:3
FNH:2
FNDA:2,(anonymous_0)
FNDA:0,(anonymous_1)
FNDA:1,(anonymous_2)
DA:1,2
DA:2,2
DA:3,2
DA:7,2
DA:8,2
DA:9,2
DA:10,2
DA:13,1
DA:18,1
DA:27,1
DA:35,0
DA:36,0
DA:37,0
DA:39,0
DA:41,0
DA:46,0
DA:54,0
DA:59,1
DA:60,1
DA:61,1
DA:62,1
DA:64,1
DA:71,1
DA:76,1
DA:83,0
DA:88,2
LF:26
LH:18
BRDA:62,0,0,1
BRDA:62,0,1,1
BRF:2
BRH:2
end_of_record
TN:
SF:src/controllers/index.js
FNF:0
FNH:0
DA:1,2
DA:2,2
DA:4,2
LF:3
LH:3
BRF:0
BRH:0
end_of_record
TN:
SF:src/controllers/session.controller.js
FN:5,(anonymous_0)
FN:23,(anonymous_1)
FN:44,(anonymous_2)
FN:59,(anonymous_3)
FNF:4
FNH:4
FNDA:3,(anonymous_0)
FNDA:4,(anonymous_1)
FNDA:2,(anonymous_2)
FNDA:2,(anonymous_3)
DA:1,3
DA:2,3
DA:6,3
DA:7,3
DA:11,1
DA:19,2
DA:24,4
DA:25,4
DA:26,4
DA:28,4
DA:31,3
DA:35,3
DA:40,1
DA:45,2
DA:46,2
DA:47,2
DA:49,2
DA:50,1
DA:55,1
DA:60,2
DA:61,2
DA:62,2
DA:64,1
DA:69,1
DA:74,3
LF:25
LH:25
BRDA:26,0,0,4
BRDA:26,0,1,1
BRF:2
BRH:2
end_of_record
TN:
SF:src/middlewares/auth.middleware.js
FN:5,(anonymous_0)
FN:50,(anonymous_1)
FNF:2
FNH:2
FNDA:5,(anonymous_0)
FNDA:3,(anonymous_1)
DA:1,3
DA:2,3
DA:3,3
DA:5,3
DA:6,5
DA:10,5
DA:14,4
DA:17,5
DA:18,1
DA:22,4
DA:23,3
DA:24,3
DA:25,1
DA:28,2
DA:29,1
DA:32,1
DA:39,1
DA:41,4
DA:42,1
DA:43,3
DA:44,0
DA:46,3
DA:50,3
DA:51,3
DA:52,3
DA:53,3
DA:54,1
DA:56,2
DA:57,1
DA:58,1
DA:60,2
DA:64,3
LF:32
LH:31
BRDA:10,0,0,4
BRDA:10,0,1,1
BRDA:11,1,0,5
BRDA:11,1,1,4
BRDA:17,2,0,1
BRDA:17,2,1,4
BRDA:24,3,0,1
BRDA:24,3,1,2
BRDA:28,4,0,1
BRDA:28,4,1,1
BRDA:41,5,0,1
BRDA:41,5,1,3
BRDA:43,6,0,0
BRDA:43,6,1,3
BRDA:53,7,0,1
BRDA:53,7,1,2
BRF:16
BRH:15
end_of_record
TN:
SF:src/middlewares/error-handler.middleware.js
FN:5,(anonymous_0)
FN:8,(anonymous_1)
FN:16,(anonymous_2)
FN:35,(anonymous_3)
FN:48,(anonymous_4)
FN:63,(anonymous_5)
FNF:6
FNH:6
FNDA:1,(anonymous_0)
FNDA:1,(anonymous_1)
FNDA:1,(anonymous_2)
FNDA:1,(anonymous_3)
FNDA:1,(anonymous_4)
FNDA:7,(anonymous_5)
DA:1,3
DA:2,3
DA:5,3
DA:6,1
DA:7,1
DA:8,1
DA:12,1
DA:16,3
DA:17,1
DA:18,1
DA:19,1
DA:21,1
DA:25,1
DA:29,1
DA:35,1
DA:41,1
DA:42,1
DA:43,1
DA:44,1
DA:48,3
DA:49,1
DA:50,1
DA:52,1
DA:53,1
DA:54,1
DA:57,1
DA:58,1
DA:59,1
DA:63,3
DA:64,7
DA:65,7
DA:66,7
DA:69,7
DA:70,1
DA:71,6
DA:72,1
DA:73,5
DA:77,1
DA:82,7
DA:92,7
DA:103,7
DA:104,1
DA:105,1
DA:113,7
DA:116,3
LF:45
LH:45
BRDA:21,0,0,1
BRDA:21,0,1,0
BRDA:22,1,0,1
BRDA:22,1,1,1
BRDA:26,2,0,1
BRDA:26,2,1,0
BRDA:30,3,0,1
BRDA:30,3,1,0
BRDA:52,4,0,1
BRDA:52,4,1,0
BRDA:66,5,0,7
BRDA:66,5,1,4
BRDA:69,6,0,1
BRDA:69,6,1,6
BRDA:71,7,0,1
BRDA:71,7,1,5
BRDA:73,8,0,1
BRDA:73,8,1,4
BRDA:74,9,0,5
BRDA:74,9,1,5
BRDA:82,10,0,7
BRDA:82,10,1,4
BRDA:83,11,0,2
BRDA:83,11,1,2
BRDA:85,12,0,0
BRDA:85,12,1,2
BRDA:87,13,0,1
BRDA:87,13,1,1
BRDA:93,14,0,1
BRDA:93,14,1,6
BRDA:96,15,0,0
BRDA:96,15,1,7
BRDA:96,16,0,7
BRDA:96,16,1,1
BRDA:99,17,0,7
BRDA:99,17,1,2
BRDA:103,18,0,1
BRDA:103,18,1,6
BRDA:109,19,0,1
BRDA:109,19,1,0
BRF:40
BRH:33
end_of_record
TN:
SF:src/middlewares/index.js
FNF:0
FNH:0
DA:1,2
DA:2,2
DA:3,2
DA:4,2
DA:6,2
LF:5
LH:5
BRF:0
BRH:0
end_of_record
TN:
SF:src/middlewares/rate-limiter.middleware.js
FN:10,(anonymous_0)
FN:26,(anonymous_1)
FN:41,(anonymous_2)
FNF:3
FNH:0
FNDA:0,(anonymous_0)
FNDA:0,(anonymous_1)
FNDA:0,(anonymous_2)
DA:1,2
DA:2,2
DA:5,2
DA:11,0
DA:21,2
DA:27,0
DA:36,2
DA:42,0
DA:51,2
LF:9
LH:6
BRDA:23,0,0,2
BRDA:23,0,1,0
BRDA:38,1,0,2
BRDA:38,1,1,0
BRF:4
BRH:2
end_of_record
TN:
SF:src/middlewares/validate.middleware.js
FN:3,(anonymous_0)
FN:3,(anonymous_1)
FNF:2
FNH:2
FNDA:4,(anonymous_0)
FNDA:3,(anonymous_1)
DA:1,2
DA:3,4
DA:4,3
DA:5,3
DA:14,3
DA:15,3
DA:16,3
DA:17,3
DA:18,3
DA:20,3
DA:22,0
DA:23,0
DA:25,0
DA:29,2
LF:14
LH:11
BRDA:6,0,0,3
BRDA:6,0,1,1
BRDA:7,1,0,3
BRDA:7,1,1,0
BRDA:8,2,0,3
BRDA:8,2,1,0
BRDA:9,3,0,3
BRDA:9,3,1,0
BRDA:10,4,0,3
BRDA:10,4,1,3
BRDA:22,5,0,0
BRDA:22,5,1,0
BRF:12
BRH:7
end_of_record
TN:
SF:src/models/auditlog.js
FN:3,(anonymous_0)
FN:10,(anonymous_1)
FNF:2
FNH:2
FNDA:13,(anonymous_0)
FNDA:13,(anonymous_1)
DA:2,13
DA:3,13
DA:12,13
DA:15,13
DA:62,13
LF:5
LH:5
BRF:0
BRH:0
end_of_record
TN:
SF:src/models/index.js
FN:21,(anonymous_0)
FN:29,(anonymous_1)
FN:34,(anonymous_2)
FNF:3
FNH:3
FNDA:65,(anonymous_0)
FNDA:52,(anonymous_1)
FNDA:52,(anonymous_2)
DA:3,13
DA:4,13
DA:5,13
DA:6,13
DA:7,13
DA:8,13
DA:9,13
DA:10,13
DA:13,13
DA:14,0
DA:16,13
DA:19,13
DA:22,65
DA:30,52
DA:31,52
DA:34,13
DA:35,52
DA:36,52
DA:40,13
DA:41,13
DA:43,13
LF:21
LH:20
BRDA:8,0,0,13
BRDA:8,0,1,0
BRDA:13,1,0,0
BRDA:13,1,1,13
BRDA:23,2,0,65
BRDA:23,2,1,65
BRDA:23,2,2,52
BRDA:23,2,3,52
BRDA:35,3,0,52
BRDA:35,3,1,0
BRF:10
BRH:7
end_of_record
TN:
SF:src/models/role.js
FN:3,(anonymous_0)
FN:10,(anonymous_1)
FNF:2
FNH:2
FNDA:13,(anonymous_0)
FNDA:13,(anonymous_1)
DA:2,13
DA:3,13
DA:11,13
DA:14,13
DA:39,13
LF:5
LH:5
BRF:0
BRH:0
end_of_record
TN:
SF:src/models/user.js
FN:4,(anonymous_0)
FN:11,(anonymous_1)
FN:47,(anonymous_2)
FN:98,(anonymous_3)
FN:103,(anonymous_4)
FNF:5
FNH:5
FNDA:13,(anonymous_0)
FNDA:13,(anonymous_1)
FNDA:8,(anonymous_2)
FNDA:4,(anonymous_3)
FNDA:1,(anonymous_4)
DA:2,13
DA:3,13
DA:4,13
DA:13,13
DA:14,13
DA:17,13
DA:48,8
DA:49,8
DA:51,8
DA:52,1
DA:99,4
DA:100,4
DA:104,1
DA:105,1
DA:111,13
LF:15
LH:15
BRDA:48,0,0,0
BRDA:48,0,1,8
BRDA:51,1,0,1
BRDA:51,1,1,7
BRDA:99,2,0,4
BRDA:99,2,1,0
BRDA:104,3,0,1
BRDA:104,3,1,0
BRF:8
BRH:5
end_of_record
TN:
SF:src/models/usersession.js
FN:3,(anonymous_0)
FN:10,(anonymous_1)
FNF:2
FNH:2
FNDA:13,(anonymous_0)
FNDA:13,(anonymous_1)
DA:2,13
DA:3,13
DA:12,13
DA:15,13
DA:56,13
LF:5
LH:5
BRF:0
BRH:0
end_of_record
TN:
SF:src/repositories/base.repository.js
FN:4,(anonymous_0)
FN:9,(anonymous_1)
FN:13,(anonymous_2)
FN:17,(anonymous_3)
FN:21,(anonymous_4)
FN:25,(anonymous_5)
FN:33,(anonymous_6)
FNF:7
FNH:6
FNDA:25,(anonymous_0)
FNDA:1,(anonymous_1)
FNDA:1,(anonymous_2)
FNDA:0,(anonymous_3)
FNDA:1,(anonymous_4)
FNDA:2,(anonymous_5)
FNDA:2,(anonymous_6)
DA:1,11
DA:5,25
DA:6,25
DA:10,1
DA:14,1
DA:18,0
DA:22,1
DA:27,2
DA:28,1
DA:30,1
DA:34,2
DA:35,1
DA:37,1
DA:41,11
LF:14
LH:13
BRDA:9,0,0,0
BRDA:13,1,0,1
BRDA:17,2,0,0
BRDA:21,3,0,0
BRDA:25,4,0,0
BRDA:27,5,0,1
BRDA:27,5,1,1
BRDA:33,6,0,0
BRDA:34,7,0,1
BRDA:34,7,1,1
BRF:10
BRH:5
end_of_record
TN:
SF:src/repositories/index.js
FNF:0
FNH:0
DA:1,8
DA:2,8
DA:4,8
LF:3
LH:3
BRF:0
BRH:0
end_of_record
TN:
SF:src/repositories/user-session.repository.js
FN:6,(anonymous_0)
FN:10,(anonymous_1)
FN:27,(anonymous_2)
FN:38,(anonymous_3)
FN:49,(anonymous_4)
FN:71,(anonymous_5)
FN:78,(anonymous_6)
FN:86,(anonymous_7)
FN:99,(anonymous_8)
FN:109,(anonymous_9)
FN:123,(anonymous_10)
FNF:11
FNH:6
FNDA:9,(anonymous_0)
FNDA:1,(anonymous_1)
FNDA:1,(anonymous_2)
FNDA:0,(anonymous_3)
FNDA:1,(anonymous_4)
FNDA:0,(anonymous_5)
FNDA:0,(anonymous_6)
FNDA:2,(anonymous_7)
FNDA:0,(anonymous_8)
FNDA:1,(anonymous_9)
FNDA:0,(anonymous_10)
DA:1,9
DA:2,9
DA:3,9
DA:7,9
DA:14,1
DA:28,1
DA:39,0
DA:50,1
DA:72,0
DA:79,0
DA:88,2
DA:94,2
DA:95,1
DA:100,0
DA:110,1
DA:124,0
DA:134,9
LF:17
LH:12
BRDA:12,0,0,1
BRDA:27,1,0,1
BRDA:38,2,0,0
BRDA:49,3,0,1
BRDA:71,4,0,0
BRDA:78,5,0,0
BRDA:86,6,0,2
BRDA:94,7,0,1
BRDA:94,7,1,1
BRDA:99,8,0,0
BRDA:109,9,0,1
BRDA:123,10,0,0
BRF:12
BRH:7
end_of_record
TN:
SF:src/repositories/user.repository.js
FN:5,(anonymous_0)
FN:10,(anonymous_1)
FN:18,(anonymous_2)
FN:30,(anonymous_3)
FNF:4
FNH:4
FNDA:9,(anonymous_0)
FNDA:1,(anonymous_1)
FNDA:1,(anonymous_2)
FNDA:1,(anonymous_3)
DA:1,9
DA:2,9
DA:6,9
DA:11,1
DA:19,1
DA:32,1
DA:42,9
LF:7
LH:7
BRDA:10,0,0,1
BRDA:18,1,0,1
BRDA:30,2,0,0
BRF:3
BRH:2
end_of_record
TN:
SF:src/routes/auth.routes.js
FNF:0
FNH:0
DA:1,2
DA:2,2
DA:4,2
DA:5,2
DA:6,2
DA:9,2
DA:11,2
DA:18,2
DA:25,2
LF:9
LH:9
BRF:0
BRH:0
end_of_record
TN:
SF:src/routes/index.js
FNF:0
FNH:0
DA:1,2
DA:2,2
DA:5,2
DA:7,2
DA:9,2
LF:5
LH:5
BRF:0
BRH:0
end_of_record
TN:
SF:src/services/audit.service.js
FN:6,(anonymous_0)
FNF:1
FNH:1
FNDA:5,(anonymous_0)
DA:1,8
DA:2,8
DA:3,8
DA:17,5
DA:20,5
DA:24,5
DA:26,5
DA:36,5
DA:45,5
DA:59,1
DA:64,8
LF:11
LH:11
BRDA:9,0,0,0
BRDA:10,1,0,0
BRDA:11,2,0,0
BRDA:12,3,0,0
BRDA:13,4,0,5
BRDA:14,5,0,4
BRDA:15,6,0,4
BRDA:20,7,0,5
BRDA:20,7,1,5
BRDA:21,8,0,5
BRDA:21,8,1,0
BRDA:26,9,0,4
BRDA:26,9,1,1
BRDA:39,10,0,4
BRDA:39,10,1,1
BRDA:53,11,0,5
BRDA:53,11,1,4
BRF:17
BRH:12
end_of_record
TN:
SF:src/services/auth.service.js
FN:13,(anonymous_0)
FN:30,(anonymous_1)
FN:32,(anonymous_2)
FN:96,(anonymous_3)
FN:99,(anonymous_4)
FN:193,(anonymous_5)
FN:217,(anonymous_6)
FNF:7
FNH:7
FNDA:3,(anonymous_0)
FNDA:2,(anonymous_1)
FNDA:1,(anonymous_2)
FNDA:2,(anonymous_3)
FNDA:2,(anonymous_4)
FNDA:1,(anonymous_5)
FNDA:1,(anonymous_6)
DA:1,5
DA:8,5
DA:9,5
DA:10,5
DA:15,3
DA:16,3
DA:17,1
DA:20,1
DA:27,2
DA:30,2
DA:32,2
DA:33,1
DA:34,1
DA:36,1
DA:45,1
DA:46,1
DA:49,2
DA:50,0
DA:52,2
DA:53,2
DA:55,1
DA:56,0
DA:58,1
DA:59,0
DA:62,1
DA:63,1
DA:69,1
DA:81,1
DA:87,2
DA:89,1
DA:90,1
DA:93,1
DA:97,2
DA:99,2
DA:101,2
DA:104,2
DA:105,1
DA:114,1
DA:119,1
DA:120,0
DA:130,0
DA:134,1
DA:135,1
DA:137,1
DA:150,1
DA:162,1
DA:169,1
DA:180,1
DA:195,1
DA:201,1
DA:206,1
DA:208,1
DA:218,1
DA:219,1
DA:221,1
DA:223,0
DA:224,0
DA:227,1
DA:229,1
DA:236,5
LF:60
LH:53
BRDA:16,0,0,1
BRDA:16,0,1,2
BRDA:16,1,0,3
BRDA:16,1,1,1
BRDA:32,2,0,1
BRDA:33,3,0,1
BRDA:33,3,1,0
BRDA:49,4,0,0
BRDA:49,4,1,2
BRDA:49,5,0,2
BRDA:49,5,1,2
BRDA:53,6,0,1
BRDA:53,6,1,1
BRDA:55,7,0,0
BRDA:55,7,1,1
BRDA:58,8,0,0
BRDA:58,8,1,1
BRDA:87,9,0,1
BRDA:87,9,1,1
BRDA:104,10,0,1
BRDA:104,10,1,1
BRDA:119,11,0,0
BRDA:119,11,1,1
BRDA:134,12,0,1
BRDA:134,12,1,0
BRDA:193,13,0,0
BRDA:217,14,0,0
BRDA:218,15,0,1
BRDA:218,15,1,1
BRDA:221,16,0,0
BRDA:221,16,1,1
BRF:31
BRH:22
end_of_record
TN:
SF:src/services/index.js
FNF:0
FNH:0
DA:1,4
DA:2,4
DA:3,4
DA:5,4
LF:4
LH:4
BRF:0
BRH:0
end_of_record
TN:
SF:src/services/session.service.js
FN:15,(anonymous_0)
FN:58,(anonymous_1)
FN:61,(anonymous_2)
FN:132,(anonymous_3)
FN:140,(anonymous_4)
FN:141,(anonymous_5)
FN:169,(anonymous_6)
FN:170,(anonymous_7)
FN:196,(anonymous_8)
FN:202,(anonymous_9)
FN:230,(anonymous_10)
FN:240,(anonymous_11)
FNF:12
FNH:9
FNDA:3,(anonymous_0)
FNDA:4,(anonymous_1)
FNDA:4,(anonymous_2)
FNDA:0,(anonymous_3)
FNDA:0,(anonymous_4)
FNDA:0,(anonymous_5)
FNDA:2,(anonymous_6)
FNDA:2,(anonymous_7)
FNDA:1,(anonymous_8)
FNDA:1,(anonymous_9)
FNDA:3,(anonymous_10)
FNDA:5,(anonymous_11)
DA:1,5
DA:10,5
DA:11,5
DA:17,3
DA:18,3
DA:21,3
DA:28,3
DA:29,1
DA:35,3
DA:36,3
DA:39,3
DA:51,3
DA:59,4
DA:61,4
DA:63,4
DA:64,4
DA:70,4
DA:71,1
DA:72,1
DA:76,3
DA:77,2
DA:82,2
DA:90,2
DA:94,2
DA:98,1
DA:103,1
DA:112,1
DA:117,1
DA:123,4
DA:124,3
DA:125,3
DA:128,1
DA:133,0
DA:137,0
DA:141,0
DA:142,0
DA:143,0
DA:148,0
DA:149,0
DA:152,0
DA:156,0
DA:170,2
DA:171,2
DA:175,2
DA:176,1
DA:179,1
DA:183,1
DA:202,1
DA:203,1
DA:209,1
DA:217,1
DA:238,3
DA:240,3
DA:241,5
DA:245,5
DA:257,3
DA:258,2
DA:261,3
DA:265,5
LF:59
LH:50
BRDA:15,0,0,2
BRDA:28,1,0,1
BRDA:28,1,1,2
BRDA:70,2,0,1
BRDA:70,2,1,3
BRDA:76,3,0,2
BRDA:76,3,1,1
BRDA:76,4,0,3
BRDA:76,4,1,2
BRDA:123,5,0,3
BRDA:123,5,1,1
BRDA:148,6,0,0
BRDA:148,6,1,0
BRDA:175,7,0,1
BRDA:175,7,1,1
BRDA:175,8,0,2
BRDA:175,8,1,2
BRDA:200,9,0,1
BRDA:234,10,0,1
BRDA:235,11,0,1
BRDA:257,12,0,2
BRDA:257,12,1,1
BRF:22
BRH:20
end_of_record
TN:
SF:src/utils/app-error.helper.js
FN:2,(anonymous_0)
FNF:1
FNH:1
FNDA:21,(anonymous_0)
DA:3,21
DA:4,21
DA:5,21
DA:6,21
DA:8,21
DA:12,24
LF:6
LH:6
BRDA:5,0,0,18
BRDA:5,0,1,3
BRF:2
BRH:2
end_of_record
TN:
SF:src/utils/bcrypt.helper.js
FN:6,(anonymous_0)
FN:13,(anonymous_1)
FNF:2
FNH:2
FNDA:8,(anonymous_0)
FNDA:2,(anonymous_1)
DA:1,23
DA:6,23
DA:7,8
DA:13,23
DA:14,2
DA:17,23
LF:6
LH:6
BRF:0
BRH:0
end_of_record
TN:
SF:src/utils/delay.helper.js
FN:1,(anonymous_0)
FN:7,(anonymous_1)
FNF:2
FNH:0
FNDA:0,(anonymous_0)
FNDA:0,(anonymous_1)
DA:1,23
DA:3,0
DA:4,0
DA:7,0
DA:10,23
LF:5
LH:2
BRDA:1,0,0,0
BRDA:3,1,0,0
BRDA:3,1,1,0
BRF:3
BRH:0
end_of_record
TN:
SF:src/utils/device.helper.js
FN:5,(anonymous_0)
FN:16,(anonymous_1)
FNF:2
FNH:2
FNDA:9,(anonymous_0)
FNDA:6,(anonymous_1)
DA:1,24
DA:5,24
DA:6,9
DA:8,7
DA:9,7
DA:10,7
DA:12,7
DA:16,24
DA:17,6
DA:26,24
LF:10
LH:10
BRDA:6,0,0,2
BRDA:6,0,1,7
BRDA:9,1,0,7
BRDA:9,1,1,4
BRDA:10,2,0,7
BRDA:10,2,1,4
BRDA:20,3,0,6
BRDA:20,3,1,5
BRDA:20,3,2,1
BRF:9
BRH:9
end_of_record
TN:
SF:src/utils/google-auth.helper.js
FN:5,(anonymous_0)
FNF:1
FNH:0
FNDA:0,(anonymous_0)
DA:1,23
DA:2,23
DA:3,23
DA:5,23
DA:6,0
DA:7,0
DA:11,0
DA:12,0
DA:14,0
DA:18,23
LF:10
LH:5
BRF:0
BRH:0
end_of_record
TN:
SF:src/utils/index.js
FNF:0
FNH:0
DA:1,23
DA:2,23
DA:3,23
DA:4,23
DA:5,23
DA:6,23
DA:7,23
DA:8,23
DA:9,23
DA:15,23
DA:17,23
LF:11
LH:11
BRF:0
BRH:0
end_of_record
TN:
SF:src/utils/jwt.helper.js
FN:4,(anonymous_0)
FN:10,(anonymous_1)
FNF:2
FNH:2
FNDA:2,(anonymous_0)
FNDA:3,(anonymous_1)
DA:2,24
DA:4,24
DA:5,2
DA:10,24
DA:11,3
DA:14,24
LF:6
LH:6
BRF:0
BRH:0
end_of_record
TN:
SF:src/utils/normalize-port.helper.js
FN:1,(anonymous_0)
FNF:1
FNH:1
FNDA:3,(anonymous_0)
DA:1,23
DA:2,3
DA:3,3
DA:4,2
DA:5,1
DA:8,23
LF:6
LH:6
BRDA:3,0,0,1
BRDA:3,0,1,2
BRDA:4,1,0,1
BRDA:4,1,1,1
BRF:4
BRH:4
end_of_record
TN:
SF:src/utils/server-handlers.helper.js
FN:1,(anonymous_0)
FNF:1
FNH:1
FNDA:4,(anonymous_0)
DA:1,23
DA:2,4
DA:3,3
DA:5,3
DA:7,1
DA:8,1
DA:9,1
DA:11,1
DA:12,1
DA:13,1
DA:15,1
DA:19,23
LF:12
LH:12
BRDA:2,0,0,1
BRDA:2,0,1,3
BRDA:3,1,0,1
BRDA:3,1,1,2
BRDA:5,2,0,1
BRDA:5,2,1,1
BRDA:5,2,2,1
BRF:7
BRH:7
end_of_record
TN:
SF:src/utils/token.helper.js
FN:3,(anonymous_0)
FN:10,(anonymous_1)
FN:18,(anonymous_2)
FN:27,(anonymous_3)
FNF:4
FNH:4
FNDA:4,(anonymous_0)
FNDA:8,(anonymous_1)
FNDA:1,(anonymous_2)
FNDA:3,(anonymous_3)
DA:1,24
DA:3,24
DA:4,4
DA:10,24
DA:11,8
DA:12,6
DA:18,24
DA:19,1
DA:20,1
DA:21,1
DA:27,24
DA:28,3
DA:31,24
LF:13
LH:13
BRDA:3,0,0,2
BRDA:11,1,0,2
BRDA:11,1,1,6
BRDA:18,2,0,0
BRF:4
BRH:3
end_of_record
TN:
SF:src/utils/transaction.helper.js
FN:4,(anonymous_0)
FNF:1
FNH:1
FNDA:4,(anonymous_0)
DA:2,24
DA:4,24
DA:6,4
DA:7,1
DA:12,3
DA:13,3
DA:15,3
DA:16,1
DA:23,2
DA:25,2
DA:26,2
DA:27,1
DA:28,1
DA:30,1
DA:32,1
DA:39,24
LF:16
LH:16
BRDA:4,0,0,3
BRDA:6,1,0,1
BRDA:6,1,1,3
BRDA:15,2,0,1
BRDA:15,2,1,2
BRDA:30,3,0,1
BRDA:30,3,1,0
BRDA:33,4,0,1
BRDA:33,4,1,0
BRDA:34,5,0,1
BRDA:34,5,1,1
BRF:11
BRH:9
end_of_record
TN:
SF:src/validators/auth.validator.js
FNF:0
FNH:0
DA:1,2
DA:3,2
DA:41,2
LF:3
LH:3
BRF:0
BRH:0
end_of_record
TN:
SF:src/validators/index.js
FNF:0
FNH:0
DA:1,2
DA:2,2
DA:4,2
LF:3
LH:3
BRF:0
BRH:0
end_of_record
TN:
SF:src/validators/session.validator.js
FNF:0
FNH:0
DA:1,2
DA:3,2
LF:2
LH:2
BRF:0
BRH:0
end_of_record
