TN:
SF:src/app.js
FN:27,(anonymous_0)
FN:35,(anonymous_1)
FNF:2
FNH:2
FNDA:1,(anonymous_0)
FNDA:1,(anonymous_1)
DA:1,2
DA:6,2
DA:7,2
DA:8,2
DA:9,2
DA:10,2
DA:12,2
DA:13,2
DA:16,2
DA:17,2
DA:19,0
DA:21,2
DA:22,2
DA:23,2
DA:24,2
DA:27,2
DA:28,1
DA:32,2
DA:35,2
DA:36,1
DA:40,2
DA:42,2
LF:22
LH:21
BRDA:2,0,0,2
BRDA:2,0,1,0
BRDA:16,1,0,2
BRDA:16,1,1,0
BRF:4
BRH:2
end_of_record
TN:
SF:src/config/config.js
FNF:0
FNH:0
DA:1,11
DA:5,11
LF:2
LH:2
BRDA:2,0,0,11
BRDA:2,0,1,0
BRF:2
BRH:1
end_of_record
TN:
SF:src/config/constants.js
FNF:0
FNH:0
DA:1,2
DA:7,2
DA:20,2
LF:3
LH:3
BRF:0
BRH:0
end_of_record
TN:
SF:src/controllers/auth.controller.js
FN:6,(anonymous_0)
FN:34,(anonymous_1)
FN:58,(anonymous_2)
FNF:3
FNH:2
FNDA:2,(anonymous_0)
FNDA:0,(anonymous_1)
FNDA:1,(anonymous_2)
DA:1,2
DA:2,2
DA:3,2
DA:7,2
DA:8,2
DA:9,2
DA:10,2
DA:13,1
DA:18,1
DA:27,1
DA:35,0
DA:36,0
DA:37,0
DA:39,0
DA:41,0
DA:46,0
DA:54,0
DA:59,1
DA:60,1
DA:61,1
DA:63,1
DA:69,1
DA:74,1
DA:81,0
DA:86,2
LF:25
LH:17
BRF:0
BRH:0
end_of_record
TN:
SF:src/controllers/index.js
FNF:0
FNH:0
DA:1,2
DA:3,2
LF:2
LH:2
BRF:0
BRH:0
end_of_record
TN:
SF:src/middlewares/auth.middleware.js
FN:5,(anonymous_0)
FN:44,(anonymous_1)
FNF:2
FNH:2
FNDA:5,(anonymous_0)
FNDA:3,(anonymous_1)
DA:1,3
DA:2,3
DA:3,3
DA:5,3
DA:6,5
DA:10,5
DA:14,4
DA:17,5
DA:18,1
DA:22,4
DA:23,3
DA:24,3
DA:25,1
DA:28,2
DA:29,1
DA:32,1
DA:33,1
DA:35,4
DA:36,1
DA:37,3
DA:38,0
DA:40,3
DA:44,3
DA:45,3
DA:46,3
DA:47,3
DA:48,1
DA:50,2
DA:51,1
DA:52,1
DA:54,2
DA:58,3
LF:32
LH:31
BRDA:10,0,0,4
BRDA:10,0,1,1
BRDA:11,1,0,5
BRDA:11,1,1,4
BRDA:17,2,0,1
BRDA:17,2,1,4
BRDA:24,3,0,1
BRDA:24,3,1,2
BRDA:28,4,0,1
BRDA:28,4,1,1
BRDA:35,5,0,1
BRDA:35,5,1,3
BRDA:37,6,0,0
BRDA:37,6,1,3
BRDA:47,7,0,1
BRDA:47,7,1,2
BRF:16
BRH:15
end_of_record
TN:
SF:src/middlewares/error-handler.middleware.js
FN:5,(anonymous_0)
FN:8,(anonymous_1)
FN:16,(anonymous_2)
FN:35,(anonymous_3)
FN:48,(anonymous_4)
FN:63,(anonymous_5)
FNF:6
FNH:6
FNDA:1,(anonymous_0)
FNDA:1,(anonymous_1)
FNDA:1,(anonymous_2)
FNDA:1,(anonymous_3)
FNDA:1,(anonymous_4)
FNDA:7,(anonymous_5)
DA:1,3
DA:2,3
DA:5,3
DA:6,1
DA:7,1
DA:8,1
DA:12,1
DA:16,3
DA:17,1
DA:18,1
DA:19,1
DA:21,1
DA:25,1
DA:29,1
DA:35,1
DA:41,1
DA:42,1
DA:43,1
DA:44,1
DA:48,3
DA:49,1
DA:50,1
DA:52,1
DA:53,1
DA:54,1
DA:57,1
DA:58,1
DA:59,1
DA:63,3
DA:64,7
DA:65,7
DA:66,7
DA:69,7
DA:70,1
DA:71,6
DA:72,1
DA:73,5
DA:77,1
DA:82,7
DA:92,7
DA:103,7
DA:104,1
DA:105,1
DA:113,7
DA:116,3
LF:45
LH:45
BRDA:21,0,0,1
BRDA:21,0,1,0
BRDA:22,1,0,1
BRDA:22,1,1,1
BRDA:26,2,0,1
BRDA:26,2,1,0
BRDA:30,3,0,1
BRDA:30,3,1,0
BRDA:52,4,0,1
BRDA:52,4,1,0
BRDA:66,5,0,7
BRDA:66,5,1,4
BRDA:69,6,0,1
BRDA:69,6,1,6
BRDA:71,7,0,1
BRDA:71,7,1,5
BRDA:73,8,0,1
BRDA:73,8,1,4
BRDA:74,9,0,5
BRDA:74,9,1,5
BRDA:82,10,0,7
BRDA:82,10,1,4
BRDA:83,11,0,2
BRDA:83,11,1,2
BRDA:85,12,0,0
BRDA:85,12,1,2
BRDA:87,13,0,1
BRDA:87,13,1,1
BRDA:93,14,0,1
BRDA:93,14,1,6
BRDA:96,15,0,0
BRDA:96,15,1,7
BRDA:96,16,0,7
BRDA:96,16,1,1
BRDA:99,17,0,7
BRDA:99,17,1,2
BRDA:103,18,0,1
BRDA:103,18,1,6
BRDA:109,19,0,1
BRDA:109,19,1,0
BRF:40
BRH:33
end_of_record
TN:
SF:src/middlewares/index.js
FNF:0
FNH:0
DA:1,2
DA:2,2
DA:3,2
DA:4,2
DA:6,2
LF:5
LH:5
BRF:0
BRH:0
end_of_record
TN:
SF:src/middlewares/rate-limiter.middleware.js
FN:10,(anonymous_0)
FN:26,(anonymous_1)
FN:41,(anonymous_2)
FNF:3
FNH:0
FNDA:0,(anonymous_0)
FNDA:0,(anonymous_1)
FNDA:0,(anonymous_2)
DA:1,2
DA:2,2
DA:5,2
DA:11,0
DA:21,2
DA:27,0
DA:36,2
DA:42,0
DA:51,2
LF:9
LH:6
BRDA:23,0,0,2
BRDA:23,0,1,0
BRDA:38,1,0,2
BRDA:38,1,1,0
BRF:4
BRH:2
end_of_record
TN:
SF:src/middlewares/validate.middleware.js
FN:3,(anonymous_0)
FN:3,(anonymous_1)
FNF:2
FNH:2
FNDA:4,(anonymous_0)
FNDA:3,(anonymous_1)
DA:1,2
DA:3,4
DA:4,3
DA:5,3
DA:14,3
DA:15,3
DA:16,3
DA:17,3
DA:18,3
DA:20,3
DA:22,0
DA:23,0
DA:25,0
DA:29,2
LF:14
LH:11
BRDA:6,0,0,3
BRDA:6,0,1,1
BRDA:7,1,0,3
BRDA:7,1,1,0
BRDA:8,2,0,3
BRDA:8,2,1,0
BRDA:9,3,0,3
BRDA:9,3,1,0
BRDA:10,4,0,3
BRDA:10,4,1,3
BRDA:22,5,0,0
BRDA:22,5,1,0
BRF:12
BRH:7
end_of_record
TN:
SF:src/models/auditlog.js
FN:3,(anonymous_0)
FN:10,(anonymous_1)
FNF:2
FNH:2
FNDA:11,(anonymous_0)
FNDA:11,(anonymous_1)
DA:2,11
DA:3,11
DA:12,11
DA:15,11
DA:62,11
LF:5
LH:5
BRF:0
BRH:0
end_of_record
TN:
SF:src/models/index.js
FN:21,(anonymous_0)
FN:29,(anonymous_1)
FN:34,(anonymous_2)
FNF:3
FNH:3
FNDA:55,(anonymous_0)
FNDA:44,(anonymous_1)
FNDA:44,(anonymous_2)
DA:3,11
DA:4,11
DA:5,11
DA:6,11
DA:7,11
DA:8,11
DA:9,11
DA:10,11
DA:13,11
DA:14,0
DA:16,11
DA:19,11
DA:22,55
DA:30,44
DA:31,44
DA:34,11
DA:35,44
DA:36,44
DA:40,11
DA:41,11
DA:43,11
LF:21
LH:20
BRDA:8,0,0,11
BRDA:8,0,1,0
BRDA:13,1,0,0
BRDA:13,1,1,11
BRDA:23,2,0,55
BRDA:23,2,1,55
BRDA:23,2,2,44
BRDA:23,2,3,44
BRDA:35,3,0,44
BRDA:35,3,1,0
BRF:10
BRH:7
end_of_record
TN:
SF:src/models/role.js
FN:3,(anonymous_0)
FN:10,(anonymous_1)
FNF:2
FNH:2
FNDA:11,(anonymous_0)
FNDA:11,(anonymous_1)
DA:2,11
DA:3,11
DA:11,11
DA:14,11
DA:39,11
LF:5
LH:5
BRF:0
BRH:0
end_of_record
TN:
SF:src/models/user.js
FN:4,(anonymous_0)
FN:11,(anonymous_1)
FN:47,(anonymous_2)
FN:98,(anonymous_3)
FN:103,(anonymous_4)
FNF:5
FNH:5
FNDA:11,(anonymous_0)
FNDA:11,(anonymous_1)
FNDA:8,(anonymous_2)
FNDA:4,(anonymous_3)
FNDA:1,(anonymous_4)
DA:2,13
DA:3,13
DA:4,13
DA:13,11
DA:14,11
DA:17,11
DA:48,8
DA:49,8
DA:51,8
DA:52,1
DA:99,4
DA:100,4
DA:104,1
DA:105,1
DA:111,11
LF:15
LH:15
BRDA:48,0,0,0
BRDA:48,0,1,8
BRDA:51,1,0,1
BRDA:51,1,1,7
BRDA:99,2,0,4
BRDA:99,2,1,0
BRDA:104,3,0,1
BRDA:104,3,1,0
BRF:8
BRH:5
end_of_record
TN:
SF:src/models/usersession.js
FN:3,(anonymous_0)
FN:10,(anonymous_1)
FNF:2
FNH:2
FNDA:11,(anonymous_0)
FNDA:11,(anonymous_1)
DA:2,11
DA:3,11
DA:12,11
DA:15,11
DA:56,11
LF:5
LH:5
BRF:0
BRH:0
end_of_record
TN:
SF:src/repositories/base.repository.js
FN:4,(anonymous_0)
FN:9,(anonymous_1)
FN:13,(anonymous_2)
FN:17,(anonymous_3)
FN:21,(anonymous_4)
FN:25,(anonymous_5)
FN:33,(anonymous_6)
FNF:7
FNH:6
FNDA:23,(anonymous_0)
FNDA:1,(anonymous_1)
FNDA:1,(anonymous_2)
FNDA:0,(anonymous_3)
FNDA:1,(anonymous_4)
FNDA:2,(anonymous_5)
FNDA:2,(anonymous_6)
DA:1,10
DA:5,23
DA:6,23
DA:10,1
DA:14,1
DA:18,0
DA:22,1
DA:27,2
DA:28,1
DA:30,1
DA:34,2
DA:35,1
DA:37,1
DA:41,10
LF:14
LH:13
BRDA:9,0,0,0
BRDA:13,1,0,1
BRDA:17,2,0,0
BRDA:21,3,0,0
BRDA:25,4,0,0
BRDA:27,5,0,1
BRDA:27,5,1,1
BRDA:33,6,0,0
BRDA:34,7,0,1
BRDA:34,7,1,1
BRF:10
BRH:5
end_of_record
TN:
SF:src/repositories/index.js
FNF:0
FNH:0
DA:1,7
DA:2,7
DA:4,7
LF:3
LH:3
BRF:0
BRH:0
end_of_record
TN:
SF:src/repositories/user-session.repository.js
FN:6,(anonymous_0)
FN:10,(anonymous_1)
FN:27,(anonymous_2)
FN:38,(anonymous_3)
FN:49,(anonymous_4)
FN:71,(anonymous_5)
FN:78,(anonymous_6)
FN:86,(anonymous_7)
FN:99,(anonymous_8)
FN:109,(anonymous_9)
FN:123,(anonymous_10)
FNF:11
FNH:6
FNDA:8,(anonymous_0)
FNDA:1,(anonymous_1)
FNDA:1,(anonymous_2)
FNDA:0,(anonymous_3)
FNDA:1,(anonymous_4)
FNDA:0,(anonymous_5)
FNDA:0,(anonymous_6)
FNDA:2,(anonymous_7)
FNDA:0,(anonymous_8)
FNDA:1,(anonymous_9)
FNDA:0,(anonymous_10)
DA:1,8
DA:2,8
DA:3,8
DA:7,8
DA:14,1
DA:28,1
DA:39,0
DA:50,1
DA:72,0
DA:79,0
DA:88,2
DA:94,2
DA:95,1
DA:100,0
DA:110,1
DA:124,0
DA:134,8
LF:17
LH:12
BRDA:12,0,0,1
BRDA:27,1,0,1
BRDA:38,2,0,0
BRDA:49,3,0,1
BRDA:71,4,0,0
BRDA:78,5,0,0
BRDA:86,6,0,2
BRDA:94,7,0,1
BRDA:94,7,1,1
BRDA:99,8,0,0
BRDA:109,9,0,1
BRDA:123,10,0,0
BRF:12
BRH:7
end_of_record
TN:
SF:src/repositories/user.repository.js
FN:5,(anonymous_0)
FN:10,(anonymous_1)
FN:18,(anonymous_2)
FN:30,(anonymous_3)
FNF:4
FNH:4
FNDA:8,(anonymous_0)
FNDA:1,(anonymous_1)
FNDA:1,(anonymous_2)
FNDA:1,(anonymous_3)
DA:1,8
DA:2,8
DA:6,8
DA:11,1
DA:19,1
DA:32,1
DA:42,8
LF:7
LH:7
BRDA:10,0,0,1
BRDA:18,1,0,1
BRDA:30,2,0,0
BRF:3
BRH:2
end_of_record
TN:
SF:src/routes/auth.routes.js
FNF:0
FNH:0
DA:1,2
DA:2,2
DA:4,2
DA:5,2
DA:6,2
DA:9,2
DA:11,2
DA:18,2
DA:25,2
LF:9
LH:9
BRF:0
BRH:0
end_of_record
TN:
SF:src/routes/index.js
FNF:0
FNH:0
DA:1,2
DA:2,2
DA:5,2
DA:7,2
DA:9,2
LF:5
LH:5
BRF:0
BRH:0
end_of_record
TN:
SF:src/services/audit.service.js
FN:6,(anonymous_0)
FNF:1
FNH:1
FNDA:5,(anonymous_0)
DA:1,5
DA:2,5
DA:3,5
DA:17,5
DA:20,5
DA:24,5
DA:26,5
DA:36,5
DA:45,5
DA:59,1
DA:64,5
LF:11
LH:11
BRDA:9,0,0,0
BRDA:10,1,0,0
BRDA:11,2,0,0
BRDA:12,3,0,0
BRDA:13,4,0,5
BRDA:14,5,0,4
BRDA:15,6,0,4
BRDA:20,7,0,5
BRDA:20,7,1,5
BRDA:21,8,0,5
BRDA:21,8,1,0
BRDA:26,9,0,4
BRDA:26,9,1,1
BRDA:39,10,0,4
BRDA:39,10,1,1
BRDA:53,11,0,5
BRDA:53,11,1,4
BRF:17
BRH:12
end_of_record
TN:
SF:src/services/auth.service.js
FN:13,(anonymous_0)
FN:26,(anonymous_1)
FN:77,(anonymous_2)
FN:105,(anonymous_3)
FN:108,(anonymous_4)
FN:201,(anonymous_5)
FN:225,(anonymous_6)
FN:227,(anonymous_7)
FNF:8
FNH:8
FNDA:3,(anonymous_0)
FNDA:1,(anonymous_1)
FNDA:1,(anonymous_2)
FNDA:2,(anonymous_3)
FNDA:2,(anonymous_4)
FNDA:1,(anonymous_5)
FNDA:1,(anonymous_6)
FNDA:1,(anonymous_7)
DA:1,3
DA:8,3
DA:9,3
DA:10,3
DA:14,3
DA:16,3
DA:17,1
DA:20,1
DA:26,2
DA:27,1
DA:28,1
DA:30,1
DA:31,1
DA:39,1
DA:42,2
DA:43,0
DA:45,2
DA:46,2
DA:48,1
DA:49,0
DA:50,0
DA:58,0
DA:64,1
DA:65,0
DA:66,0
DA:74,0
DA:77,1
DA:78,1
DA:80,1
DA:86,1
DA:97,1
DA:106,2
DA:108,2
DA:110,2
DA:113,2
DA:114,1
DA:123,1
DA:128,1
DA:129,0
DA:139,0
DA:143,1
DA:144,1
DA:146,1
DA:159,1
DA:171,1
DA:178,1
DA:189,1
DA:203,1
DA:209,1
DA:215,1
DA:217,1
DA:227,1
DA:228,1
DA:229,1
DA:231,1
DA:233,0
DA:234,0
DA:237,1
DA:239,1
DA:247,3
LF:60
LH:49
BRDA:16,0,0,1
BRDA:16,0,1,2
BRDA:16,1,0,3
BRDA:16,1,1,1
BRDA:27,2,0,1
BRDA:27,2,1,0
BRDA:42,3,0,0
BRDA:42,3,1,2
BRDA:42,4,0,2
BRDA:42,4,1,2
BRDA:46,5,0,1
BRDA:46,5,1,1
BRDA:48,6,0,0
BRDA:48,6,1,1
BRDA:64,7,0,0
BRDA:64,7,1,1
BRDA:113,8,0,1
BRDA:113,8,1,1
BRDA:128,9,0,0
BRDA:128,9,1,1
BRDA:143,10,0,1
BRDA:143,10,1,0
BRDA:201,11,0,0
BRDA:228,12,0,1
BRDA:228,12,1,1
BRDA:231,13,0,0
BRDA:231,13,1,1
BRF:27
BRH:19
end_of_record
TN:
SF:src/services/index.js
FNF:0
FNH:0
DA:1,2
DA:2,2
DA:3,2
DA:5,2
LF:4
LH:4
BRF:0
BRH:0
end_of_record
TN:
SF:src/services/session.service.js
FN:13,(anonymous_0)
FN:56,(anonymous_1)
FN:103,(anonymous_2)
FN:111,(anonymous_3)
FN:125,(anonymous_4)
FN:139,(anonymous_5)
FN:145,(anonymous_6)
FNF:7
FNH:3
FNDA:3,(anonymous_0)
FNDA:3,(anonymous_1)
FNDA:0,(anonymous_2)
FNDA:0,(anonymous_3)
FNDA:2,(anonymous_4)
FNDA:0,(anonymous_5)
FNDA:0,(anonymous_6)
DA:1,4
DA:2,4
DA:10,4
DA:15,3
DA:16,3
DA:19,3
DA:26,3
DA:27,1
DA:33,3
DA:34,3
DA:37,3
DA:49,3
DA:58,3
DA:59,3
DA:65,3
DA:66,1
DA:67,1
DA:71,2
DA:72,1
DA:75,1
DA:76,1
DA:80,1
DA:83,1
DA:92,1
DA:97,1
DA:104,0
DA:108,0
DA:112,0
DA:113,0
DA:118,0
DA:119,0
DA:122,0
DA:126,2
DA:130,2
DA:131,1
DA:134,1
DA:140,0
DA:146,0
DA:152,4
LF:39
LH:30
BRDA:26,0,0,1
BRDA:26,0,1,2
BRDA:65,1,0,1
BRDA:65,1,1,2
BRDA:71,2,0,1
BRDA:71,2,1,1
BRDA:71,3,0,2
BRDA:71,3,1,1
BRDA:118,4,0,0
BRDA:118,4,1,0
BRDA:130,5,0,1
BRDA:130,5,1,1
BRDA:130,6,0,2
BRDA:130,6,1,2
BRF:14
BRH:12
end_of_record
TN:
SF:src/utils/app-error.helper.js
FN:2,(anonymous_0)
FNF:1
FNH:1
FNDA:20,(anonymous_0)
DA:3,20
DA:4,20
DA:5,20
DA:6,20
DA:8,20
DA:12,22
LF:6
LH:6
BRDA:5,0,0,17
BRDA:5,0,1,3
BRF:2
BRH:2
end_of_record
TN:
SF:src/utils/bcrypt.helper.js
FN:6,(anonymous_0)
FN:13,(anonymous_1)
FNF:2
FNH:2
FNDA:8,(anonymous_0)
FNDA:2,(anonymous_1)
DA:1,21
DA:6,21
DA:7,8
DA:13,21
DA:14,2
DA:17,21
LF:6
LH:6
BRF:0
BRH:0
end_of_record
TN:
SF:src/utils/delay.helper.js
FN:1,(anonymous_0)
FN:7,(anonymous_1)
FNF:2
FNH:0
FNDA:0,(anonymous_0)
FNDA:0,(anonymous_1)
DA:1,21
DA:3,0
DA:4,0
DA:7,0
DA:10,21
LF:5
LH:2
BRDA:1,0,0,0
BRDA:3,1,0,0
BRDA:3,1,1,0
BRF:3
BRH:0
end_of_record
TN:
SF:src/utils/device.helper.js
FN:5,(anonymous_0)
FN:16,(anonymous_1)
FNF:2
FNH:2
FNDA:9,(anonymous_0)
FNDA:6,(anonymous_1)
DA:1,22
DA:5,22
DA:6,9
DA:8,7
DA:9,7
DA:10,7
DA:12,7
DA:16,22
DA:17,6
DA:26,22
LF:10
LH:10
BRDA:6,0,0,2
BRDA:6,0,1,7
BRDA:9,1,0,7
BRDA:9,1,1,4
BRDA:10,2,0,7
BRDA:10,2,1,4
BRDA:20,3,0,6
BRDA:20,3,1,5
BRDA:20,3,2,1
BRF:9
BRH:9
end_of_record
TN:
SF:src/utils/google-auth.helper.js
FN:5,(anonymous_0)
FNF:1
FNH:0
FNDA:0,(anonymous_0)
DA:1,21
DA:2,21
DA:3,21
DA:5,21
DA:6,0
DA:7,0
DA:11,0
DA:12,0
DA:14,0
DA:18,21
LF:10
LH:5
BRF:0
BRH:0
end_of_record
TN:
SF:src/utils/index.js
FNF:0
FNH:0
DA:1,21
DA:2,21
DA:3,21
DA:4,21
DA:5,21
DA:6,21
DA:7,21
DA:8,21
DA:9,21
DA:15,21
DA:17,21
LF:11
LH:11
BRF:0
BRH:0
end_of_record
TN:
SF:src/utils/jwt.helper.js
FN:4,(anonymous_0)
FN:10,(anonymous_1)
FNF:2
FNH:2
FNDA:2,(anonymous_0)
FNDA:3,(anonymous_1)
DA:2,22
DA:4,22
DA:5,2
DA:10,22
DA:11,3
DA:14,22
LF:6
LH:6
BRF:0
BRH:0
end_of_record
TN:
SF:src/utils/normalize-port.helper.js
FN:1,(anonymous_0)
FNF:1
FNH:1
FNDA:3,(anonymous_0)
DA:1,21
DA:2,3
DA:3,3
DA:4,2
DA:5,1
DA:8,21
LF:6
LH:6
BRDA:3,0,0,1
BRDA:3,0,1,2
BRDA:4,1,0,1
BRDA:4,1,1,1
BRF:4
BRH:4
end_of_record
TN:
SF:src/utils/server-handlers.helper.js
FN:1,(anonymous_0)
FNF:1
FNH:1
FNDA:4,(anonymous_0)
DA:1,21
DA:2,4
DA:3,3
DA:5,3
DA:7,1
DA:8,1
DA:9,1
DA:11,1
DA:12,1
DA:13,1
DA:15,1
DA:19,21
LF:12
LH:12
BRDA:2,0,0,1
BRDA:2,0,1,3
BRDA:3,1,0,1
BRDA:3,1,1,2
BRDA:5,2,0,1
BRDA:5,2,1,1
BRDA:5,2,2,1
BRF:7
BRH:7
end_of_record
TN:
SF:src/utils/token.helper.js
FN:3,(anonymous_0)
FN:10,(anonymous_1)
FN:18,(anonymous_2)
FN:27,(anonymous_3)
FNF:4
FNH:4
FNDA:4,(anonymous_0)
FNDA:8,(anonymous_1)
FNDA:1,(anonymous_2)
FNDA:3,(anonymous_3)
DA:1,22
DA:3,22
DA:4,4
DA:10,22
DA:11,8
DA:12,6
DA:18,22
DA:19,1
DA:20,1
DA:21,1
DA:27,22
DA:28,3
DA:31,22
LF:13
LH:13
BRDA:3,0,0,2
BRDA:11,1,0,2
BRDA:11,1,1,6
BRDA:18,2,0,0
BRF:4
BRH:3
end_of_record
TN:
SF:src/utils/transaction.helper.js
FN:4,(anonymous_0)
FNF:1
FNH:1
FNDA:4,(anonymous_0)
DA:2,22
DA:4,22
DA:6,4
DA:7,1
DA:12,3
DA:13,3
DA:15,3
DA:16,1
DA:23,2
DA:25,2
DA:26,2
DA:27,1
DA:28,1
DA:30,1
DA:32,1
DA:39,22
LF:16
LH:16
BRDA:4,0,0,3
BRDA:6,1,0,1
BRDA:6,1,1,3
BRDA:15,2,0,1
BRDA:15,2,1,2
BRDA:30,3,0,1
BRDA:30,3,1,0
BRDA:33,4,0,1
BRDA:33,4,1,0
BRDA:34,5,0,1
BRDA:34,5,1,1
BRF:11
BRH:9
end_of_record
TN:
SF:src/validators/auth.validator.js
FNF:0
FNH:0
DA:1,2
DA:3,2
DA:41,2
LF:3
LH:3
BRF:0
BRH:0
end_of_record
TN:
SF:src/validators/index.js
FNF:0
FNH:0
DA:1,2
DA:3,2
LF:2
LH:2
BRF:0
BRH:0
end_of_record
